{"/Users/limingwu/Documents/mvp/claude-agent-demo/src/cli.ts": {"path":"/Users/limingwu/Documents/mvp/claude-agent-demo/src/cli.ts","statementMap":{"0":{"start":{"line":23,"column":6},"end":{"line":23,"column":24}},"1":{"start":{"line":25,"column":24},"end":{"line":30,"column":null}},"2":{"start":{"line":33,"column":2},"end":{"line":33,"column":null}},"3":{"start":{"line":34,"column":2},"end":{"line":34,"column":null}},"4":{"start":{"line":35,"column":2},"end":{"line":35,"column":null}},"5":{"start":{"line":36,"column":2},"end":{"line":36,"column":null}},"6":{"start":{"line":40,"column":2},"end":{"line":40,"column":null}},"7":{"start":{"line":41,"column":2},"end":{"line":41,"column":null}},"8":{"start":{"line":45,"column":2},"end":{"line":58,"column":null}},"9":{"start":{"line":62,"column":16},"end":{"line":62,"column":57}},"10":{"start":{"line":63,"column":2},"end":{"line":66,"column":null}},"11":{"start":{"line":70,"column":22},"end":{"line":70,"column":35}},"12":{"start":{"line":71,"column":8},"end":{"line":71,"column":32}},"13":{"start":{"line":73,"column":2},"end":{"line":74,"column":null}},"14":{"start":{"line":74,"column":4},"end":{"line":74,"column":null}},"15":{"start":{"line":77,"column":2},"end":{"line":77,"column":null}},"16":{"start":{"line":78,"column":2},"end":{"line":81,"column":null}},"17":{"start":{"line":79,"column":4},"end":{"line":79,"column":null}},"18":{"start":{"line":81,"column":4},"end":{"line":81,"column":null}},"19":{"start":{"line":86,"column":18},"end":{"line":86,"column":31}},"20":{"start":{"line":87,"column":2},"end":{"line":87,"column":null}},"21":{"start":{"line":87,"column":16},"end":{"line":87,"column":null}},"22":{"start":{"line":89,"column":2},"end":{"line":162,"column":null}},"23":{"start":{"line":90,"column":4},"end":{"line":157,"column":null}},"24":{"start":{"line":92,"column":8},"end":{"line":106,"column":null}},"25":{"start":{"line":93,"column":10},"end":{"line":101,"column":null}},"26":{"start":{"line":94,"column":12},"end":{"line":94,"column":null}},"27":{"start":{"line":95,"column":12},"end":{"line":99,"column":null}},"28":{"start":{"line":97,"column":32},"end":{"line":97,"column":58}},"29":{"start":{"line":98,"column":32},"end":{"line":98,"column":null}},"30":{"start":{"line":100,"column":12},"end":{"line":100,"column":null}},"31":{"start":{"line":103,"column":25},"end":{"line":105,"column":null}},"32":{"start":{"line":104,"column":12},"end":{"line":104,"column":null}},"33":{"start":{"line":106,"column":10},"end":{"line":106,"column":null}},"34":{"start":{"line":108,"column":8},"end":{"line":108,"column":null}},"35":{"start":{"line":112,"column":23},"end":{"line":114,"column":null}},"36":{"start":{"line":113,"column":10},"end":{"line":113,"column":null}},"37":{"start":{"line":115,"column":8},"end":{"line":115,"column":null}},"38":{"start":{"line":116,"column":8},"end":{"line":116,"column":null}},"39":{"start":{"line":120,"column":23},"end":{"line":122,"column":null}},"40":{"start":{"line":121,"column":10},"end":{"line":121,"column":null}},"41":{"start":{"line":123,"column":8},"end":{"line":123,"column":null}},"42":{"start":{"line":124,"column":8},"end":{"line":124,"column":null}},"43":{"start":{"line":128,"column":23},"end":{"line":130,"column":null}},"44":{"start":{"line":129,"column":10},"end":{"line":129,"column":null}},"45":{"start":{"line":131,"column":8},"end":{"line":131,"column":null}},"46":{"start":{"line":132,"column":8},"end":{"line":132,"column":null}},"47":{"start":{"line":136,"column":8},"end":{"line":136,"column":null}},"48":{"start":{"line":137,"column":23},"end":{"line":144,"column":null}},"49":{"start":{"line":138,"column":10},"end":{"line":143,"column":null}},"50":{"start":{"line":140,"column":41},"end":{"line":140,"column":83}},"51":{"start":{"line":141,"column":30},"end":{"line":141,"column":59}},"52":{"start":{"line":142,"column":30},"end":{"line":142,"column":null}},"53":{"start":{"line":146,"column":8},"end":{"line":148,"column":null}},"54":{"start":{"line":147,"column":10},"end":{"line":147,"column":null}},"55":{"start":{"line":148,"column":10},"end":{"line":148,"column":null}},"56":{"start":{"line":151,"column":26},"end":{"line":151,"column":null}},"57":{"start":{"line":152,"column":8},"end":{"line":155,"column":null}},"58":{"start":{"line":153,"column":10},"end":{"line":153,"column":null}},"59":{"start":{"line":155,"column":10},"end":{"line":155,"column":null}},"60":{"start":{"line":157,"column":8},"end":{"line":157,"column":null}},"61":{"start":{"line":161,"column":20},"end":{"line":161,"column":74}},"62":{"start":{"line":162,"column":4},"end":{"line":162,"column":null}},"63":{"start":{"line":167,"column":24},"end":{"line":167,"column":42}},"64":{"start":{"line":169,"column":2},"end":{"line":265,"column":null}},"65":{"start":{"line":171,"column":6},"end":{"line":171,"column":null}},"66":{"start":{"line":172,"column":6},"end":{"line":172,"column":null}},"67":{"start":{"line":176,"column":6},"end":{"line":176,"column":null}},"68":{"start":{"line":179,"column":19},"end":{"line":179,"column":null}},"69":{"start":{"line":180,"column":6},"end":{"line":182,"column":null}},"70":{"start":{"line":181,"column":8},"end":{"line":181,"column":null}},"71":{"start":{"line":182,"column":8},"end":{"line":182,"column":null}},"72":{"start":{"line":184,"column":6},"end":{"line":184,"column":null}},"73":{"start":{"line":185,"column":6},"end":{"line":185,"column":null}},"74":{"start":{"line":186,"column":6},"end":{"line":186,"column":null}},"75":{"start":{"line":190,"column":20},"end":{"line":190,"column":42}},"76":{"start":{"line":191,"column":6},"end":{"line":193,"column":null}},"77":{"start":{"line":192,"column":8},"end":{"line":192,"column":null}},"78":{"start":{"line":193,"column":8},"end":{"line":193,"column":null}},"79":{"start":{"line":195,"column":6},"end":{"line":195,"column":null}},"80":{"start":{"line":196,"column":6},"end":{"line":196,"column":null}},"81":{"start":{"line":197,"column":6},"end":{"line":197,"column":null}},"82":{"start":{"line":201,"column":20},"end":{"line":201,"column":null}},"83":{"start":{"line":202,"column":6},"end":{"line":204,"column":null}},"84":{"start":{"line":203,"column":8},"end":{"line":203,"column":null}},"85":{"start":{"line":204,"column":8},"end":{"line":204,"column":null}},"86":{"start":{"line":206,"column":6},"end":{"line":206,"column":null}},"87":{"start":{"line":207,"column":6},"end":{"line":207,"column":null}},"88":{"start":{"line":208,"column":6},"end":{"line":208,"column":null}},"89":{"start":{"line":212,"column":22},"end":{"line":212,"column":43}},"90":{"start":{"line":213,"column":6},"end":{"line":215,"column":null}},"91":{"start":{"line":214,"column":8},"end":{"line":214,"column":null}},"92":{"start":{"line":215,"column":8},"end":{"line":215,"column":null}},"93":{"start":{"line":217,"column":12},"end":{"line":217,"column":39}},"94":{"start":{"line":218,"column":6},"end":{"line":220,"column":null}},"95":{"start":{"line":219,"column":8},"end":{"line":219,"column":null}},"96":{"start":{"line":220,"column":8},"end":{"line":220,"column":null}},"97":{"start":{"line":222,"column":6},"end":{"line":222,"column":null}},"98":{"start":{"line":223,"column":6},"end":{"line":223,"column":null}},"99":{"start":{"line":224,"column":6},"end":{"line":224,"column":null}},"100":{"start":{"line":228,"column":19},"end":{"line":228,"column":null}},"101":{"start":{"line":229,"column":21},"end":{"line":229,"column":null}},"102":{"start":{"line":230,"column":6},"end":{"line":232,"column":null}},"103":{"start":{"line":231,"column":8},"end":{"line":231,"column":null}},"104":{"start":{"line":232,"column":8},"end":{"line":232,"column":null}},"105":{"start":{"line":234,"column":17},"end":{"line":234,"column":48}},"106":{"start":{"line":235,"column":6},"end":{"line":238,"column":null}},"107":{"start":{"line":236,"column":8},"end":{"line":236,"column":null}},"108":{"start":{"line":238,"column":8},"end":{"line":238,"column":null}},"109":{"start":{"line":240,"column":6},"end":{"line":240,"column":null}},"110":{"start":{"line":244,"column":24},"end":{"line":244,"column":45}},"111":{"start":{"line":245,"column":6},"end":{"line":247,"column":null}},"112":{"start":{"line":246,"column":8},"end":{"line":246,"column":null}},"113":{"start":{"line":247,"column":8},"end":{"line":247,"column":null}},"114":{"start":{"line":250,"column":6},"end":{"line":250,"column":null}},"115":{"start":{"line":251,"column":6},"end":{"line":253,"column":null}},"116":{"start":{"line":252,"column":23},"end":{"line":252,"column":null}},"117":{"start":{"line":253,"column":8},"end":{"line":253,"column":null}},"118":{"start":{"line":255,"column":6},"end":{"line":255,"column":null}},"119":{"start":{"line":256,"column":6},"end":{"line":256,"column":null}},"120":{"start":{"line":260,"column":6},"end":{"line":260,"column":null}},"121":{"start":{"line":261,"column":6},"end":{"line":261,"column":null}},"122":{"start":{"line":264,"column":6},"end":{"line":264,"column":null}},"123":{"start":{"line":265,"column":6},"end":{"line":265,"column":null}},"124":{"start":{"line":270,"column":2},"end":{"line":270,"column":null}},"125":{"start":{"line":272,"column":8},"end":{"line":275,"column":4}},"126":{"start":{"line":277,"column":2},"end":{"line":293,"column":null}},"127":{"start":{"line":278,"column":4},"end":{"line":290,"column":null}},"128":{"start":{"line":279,"column":19},"end":{"line":279,"column":45}},"129":{"start":{"line":280,"column":22},"end":{"line":280,"column":33}},"130":{"start":{"line":282,"column":6},"end":{"line":282,"column":null}},"131":{"start":{"line":282,"column":20},"end":{"line":282,"column":null}},"132":{"start":{"line":284,"column":6},"end":{"line":287,"column":null}},"133":{"start":{"line":285,"column":31},"end":{"line":285,"column":59}},"134":{"start":{"line":286,"column":8},"end":{"line":286,"column":null}},"135":{"start":{"line":286,"column":29},"end":{"line":286,"column":null}},"136":{"start":{"line":287,"column":8},"end":{"line":287,"column":null}},"137":{"start":{"line":290,"column":6},"end":{"line":290,"column":null}},"138":{"start":{"line":293,"column":4},"end":{"line":293,"column":null}},"139":{"start":{"line":296,"column":2},"end":{"line":296,"column":null}},"140":{"start":{"line":299,"column":0},"end":{"line":303,"column":null}},"141":{"start":{"line":300,"column":18},"end":{"line":300,"column":72}},"142":{"start":{"line":301,"column":2},"end":{"line":301,"column":null}},"143":{"start":{"line":302,"column":2},"end":{"line":302,"column":null}}},"fnMap":{"0":{"name":"printBanner","decl":{"start":{"line":32,"column":9},"end":{"line":32,"column":29}},"loc":{"start":{"line":32,"column":29},"end":{"line":36,"column":null}},"line":32},"1":{"name":"printState","decl":{"start":{"line":39,"column":9},"end":{"line":39,"column":28}},"loc":{"start":{"line":39,"column":28},"end":{"line":41,"column":null}},"line":39},"2":{"name":"printHelp","decl":{"start":{"line":44,"column":9},"end":{"line":44,"column":27}},"loc":{"start":{"line":44,"column":27},"end":{"line":58,"column":null}},"line":44},"3":{"name":"parseCommand","decl":{"start":{"line":61,"column":9},"end":{"line":61,"column":22}},"loc":{"start":{"line":61,"column":70},"end":{"line":66,"column":null}},"line":61},"4":{"name":"runWithCwd","decl":{"start":{"line":69,"column":15},"end":{"line":69,"column":29}},"loc":{"start":{"line":69,"column":76},"end":{"line":81,"column":null}},"line":69},"5":{"name":"executePrompt","decl":{"start":{"line":85,"column":15},"end":{"line":85,"column":29}},"loc":{"start":{"line":85,"column":60},"end":{"line":162,"column":null}},"line":85},"6":{"name":"(anonymous_6)","decl":{"start":{"line":93,"column":38},"end":{"line":93,"column":50}},"loc":{"start":{"line":93,"column":50},"end":{"line":101,"column":null}},"line":93},"7":{"name":"(anonymous_7)","decl":{"start":{"line":97,"column":14},"end":{"line":97,"column":23}},"loc":{"start":{"line":97,"column":32},"end":{"line":97,"column":58}},"line":97},"8":{"name":"(anonymous_8)","decl":{"start":{"line":98,"column":14},"end":{"line":98,"column":23}},"loc":{"start":{"line":98,"column":32},"end":{"line":98,"column":null}},"line":98},"9":{"name":"(anonymous_9)","decl":{"start":{"line":103,"column":53},"end":{"line":103,"column":65}},"loc":{"start":{"line":103,"column":65},"end":{"line":105,"column":null}},"line":103},"10":{"name":"(anonymous_10)","decl":{"start":{"line":112,"column":51},"end":{"line":112,"column":63}},"loc":{"start":{"line":112,"column":63},"end":{"line":114,"column":null}},"line":112},"11":{"name":"(anonymous_11)","decl":{"start":{"line":120,"column":51},"end":{"line":120,"column":63}},"loc":{"start":{"line":120,"column":63},"end":{"line":122,"column":null}},"line":120},"12":{"name":"(anonymous_12)","decl":{"start":{"line":128,"column":51},"end":{"line":128,"column":63}},"loc":{"start":{"line":128,"column":63},"end":{"line":130,"column":null}},"line":128},"13":{"name":"(anonymous_13)","decl":{"start":{"line":137,"column":51},"end":{"line":137,"column":63}},"loc":{"start":{"line":137,"column":63},"end":{"line":144,"column":null}},"line":137},"14":{"name":"(anonymous_14)","decl":{"start":{"line":140,"column":12},"end":{"line":140,"column":22}},"loc":{"start":{"line":140,"column":41},"end":{"line":140,"column":83}},"line":140},"15":{"name":"(anonymous_15)","decl":{"start":{"line":141,"column":12},"end":{"line":141,"column":21}},"loc":{"start":{"line":141,"column":30},"end":{"line":141,"column":59}},"line":141},"16":{"name":"(anonymous_16)","decl":{"start":{"line":142,"column":12},"end":{"line":142,"column":21}},"loc":{"start":{"line":142,"column":30},"end":{"line":142,"column":null}},"line":142},"17":{"name":"handleCommand","decl":{"start":{"line":166,"column":15},"end":{"line":166,"column":29}},"loc":{"start":{"line":166,"column":61},"end":{"line":265,"column":null}},"line":166},"18":{"name":"main","decl":{"start":{"line":269,"column":15},"end":{"line":269,"column":37}},"loc":{"start":{"line":269,"column":37},"end":{"line":296,"column":null}},"line":269},"19":{"name":"(anonymous_19)","decl":{"start":{"line":299,"column":7},"end":{"line":299,"column":14}},"loc":{"start":{"line":299,"column":24},"end":{"line":303,"column":null}},"line":299}},"branchMap":{"0":{"loc":{"start":{"line":73,"column":2},"end":{"line":74,"column":null}},"type":"if","locations":[{"start":{"line":73,"column":2},"end":{"line":74,"column":null}},{"start":{},"end":{}}],"line":73},"1":{"loc":{"start":{"line":73,"column":6},"end":{"line":73,"column":66}},"type":"binary-expr","locations":[{"start":{"line":73,"column":6},"end":{"line":73,"column":28}},{"start":{"line":73,"column":32},"end":{"line":73,"column":66}}],"line":73},"2":{"loc":{"start":{"line":87,"column":2},"end":{"line":87,"column":null}},"type":"if","locations":[{"start":{"line":87,"column":2},"end":{"line":87,"column":null}},{"start":{},"end":{}}],"line":87},"3":{"loc":{"start":{"line":90,"column":4},"end":{"line":157,"column":null}},"type":"switch","locations":[{"start":{"line":91,"column":6},"end":{"line":108,"column":null}},{"start":{"line":111,"column":6},"end":{"line":116,"column":null}},{"start":{"line":119,"column":6},"end":{"line":124,"column":null}},{"start":{"line":127,"column":6},"end":{"line":132,"column":null}},{"start":{"line":135,"column":6},"end":{"line":157,"column":null}}],"line":90},"4":{"loc":{"start":{"line":92,"column":8},"end":{"line":106,"column":null}},"type":"if","locations":[{"start":{"line":92,"column":8},"end":{"line":106,"column":null}},{"start":{"line":102,"column":15},"end":{"line":106,"column":null}}],"line":92},"5":{"loc":{"start":{"line":146,"column":8},"end":{"line":148,"column":null}},"type":"if","locations":[{"start":{"line":146,"column":8},"end":{"line":148,"column":null}},{"start":{},"end":{}}],"line":146},"6":{"loc":{"start":{"line":147,"column":44},"end":{"line":147,"column":67}},"type":"binary-expr","locations":[{"start":{"line":147,"column":44},"end":{"line":147,"column":60}},{"start":{"line":147,"column":60},"end":{"line":147,"column":67}}],"line":147},"7":{"loc":{"start":{"line":151,"column":26},"end":{"line":151,"column":null}},"type":"binary-expr","locations":[{"start":{"line":151,"column":26},"end":{"line":151,"column":56}},{"start":{"line":151,"column":56},"end":{"line":151,"column":86}},{"start":{"line":151,"column":86},"end":{"line":151,"column":null}}],"line":151},"8":{"loc":{"start":{"line":152,"column":8},"end":{"line":155,"column":null}},"type":"if","locations":[{"start":{"line":152,"column":8},"end":{"line":155,"column":null}},{"start":{"line":154,"column":15},"end":{"line":155,"column":null}}],"line":152},"9":{"loc":{"start":{"line":161,"column":20},"end":{"line":161,"column":74}},"type":"cond-expr","locations":[{"start":{"line":161,"column":45},"end":{"line":161,"column":61}},{"start":{"line":161,"column":61},"end":{"line":161,"column":74}}],"line":161},"10":{"loc":{"start":{"line":169,"column":2},"end":{"line":265,"column":null}},"type":"switch","locations":[{"start":{"line":170,"column":4},"end":{"line":172,"column":null}},{"start":{"line":174,"column":4},"end":{"line":174,"column":null}},{"start":{"line":175,"column":4},"end":{"line":176,"column":null}},{"start":{"line":178,"column":4},"end":{"line":186,"column":null}},{"start":{"line":189,"column":4},"end":{"line":197,"column":null}},{"start":{"line":200,"column":4},"end":{"line":208,"column":null}},{"start":{"line":211,"column":4},"end":{"line":224,"column":null}},{"start":{"line":227,"column":4},"end":{"line":240,"column":null}},{"start":{"line":243,"column":4},"end":{"line":256,"column":null}},{"start":{"line":259,"column":4},"end":{"line":261,"column":null}},{"start":{"line":263,"column":4},"end":{"line":265,"column":null}}],"line":169},"11":{"loc":{"start":{"line":180,"column":6},"end":{"line":182,"column":null}},"type":"if","locations":[{"start":{"line":180,"column":6},"end":{"line":182,"column":null}},{"start":{},"end":{}}],"line":180},"12":{"loc":{"start":{"line":180,"column":10},"end":{"line":180,"column":85}},"type":"binary-expr","locations":[{"start":{"line":180,"column":10},"end":{"line":180,"column":19}},{"start":{"line":180,"column":19},"end":{"line":180,"column":85}}],"line":180},"13":{"loc":{"start":{"line":191,"column":6},"end":{"line":193,"column":null}},"type":"if","locations":[{"start":{"line":191,"column":6},"end":{"line":193,"column":null}},{"start":{},"end":{}}],"line":191},"14":{"loc":{"start":{"line":191,"column":10},"end":{"line":191,"column":50}},"type":"binary-expr","locations":[{"start":{"line":191,"column":10},"end":{"line":191,"column":20}},{"start":{"line":191,"column":20},"end":{"line":191,"column":50}}],"line":191},"15":{"loc":{"start":{"line":202,"column":6},"end":{"line":204,"column":null}},"type":"if","locations":[{"start":{"line":202,"column":6},"end":{"line":204,"column":null}},{"start":{},"end":{}}],"line":202},"16":{"loc":{"start":{"line":202,"column":10},"end":{"line":202,"column":73}},"type":"binary-expr","locations":[{"start":{"line":202,"column":10},"end":{"line":202,"column":20}},{"start":{"line":202,"column":20},"end":{"line":202,"column":73}}],"line":202},"17":{"loc":{"start":{"line":213,"column":6},"end":{"line":215,"column":null}},"type":"if","locations":[{"start":{"line":213,"column":6},"end":{"line":215,"column":null}},{"start":{},"end":{}}],"line":213},"18":{"loc":{"start":{"line":218,"column":6},"end":{"line":220,"column":null}},"type":"if","locations":[{"start":{"line":218,"column":6},"end":{"line":220,"column":null}},{"start":{},"end":{}}],"line":218},"19":{"loc":{"start":{"line":218,"column":10},"end":{"line":218,"column":68}},"type":"binary-expr","locations":[{"start":{"line":218,"column":10},"end":{"line":218,"column":31}},{"start":{"line":218,"column":35},"end":{"line":218,"column":68}}],"line":218},"20":{"loc":{"start":{"line":230,"column":6},"end":{"line":232,"column":null}},"type":"if","locations":[{"start":{"line":230,"column":6},"end":{"line":232,"column":null}},{"start":{},"end":{}}],"line":230},"21":{"loc":{"start":{"line":235,"column":6},"end":{"line":238,"column":null}},"type":"if","locations":[{"start":{"line":235,"column":6},"end":{"line":238,"column":null}},{"start":{"line":237,"column":13},"end":{"line":238,"column":null}}],"line":235},"22":{"loc":{"start":{"line":245,"column":6},"end":{"line":247,"column":null}},"type":"if","locations":[{"start":{"line":245,"column":6},"end":{"line":247,"column":null}},{"start":{},"end":{}}],"line":245},"23":{"loc":{"start":{"line":252,"column":23},"end":{"line":252,"column":null}},"type":"cond-expr","locations":[{"start":{"line":252,"column":64},"end":{"line":252,"column":78}},{"start":{"line":252,"column":78},"end":{"line":252,"column":null}}],"line":252},"24":{"loc":{"start":{"line":282,"column":6},"end":{"line":282,"column":null}},"type":"if","locations":[{"start":{"line":282,"column":6},"end":{"line":282,"column":null}},{"start":{},"end":{}}],"line":282},"25":{"loc":{"start":{"line":284,"column":6},"end":{"line":287,"column":null}},"type":"if","locations":[{"start":{"line":284,"column":6},"end":{"line":287,"column":null}},{"start":{},"end":{}}],"line":284},"26":{"loc":{"start":{"line":286,"column":8},"end":{"line":286,"column":null}},"type":"if","locations":[{"start":{"line":286,"column":8},"end":{"line":286,"column":null}},{"start":{},"end":{}}],"line":286},"27":{"loc":{"start":{"line":300,"column":18},"end":{"line":300,"column":72}},"type":"cond-expr","locations":[{"start":{"line":300,"column":43},"end":{"line":300,"column":59}},{"start":{"line":300,"column":59},"end":{"line":300,"column":72}}],"line":300}},"s":{"0":0,"1":0,"2":0,"3":0,"4":0,"5":0,"6":0,"7":0,"8":0,"9":0,"10":0,"11":0,"12":0,"13":0,"14":0,"15":0,"16":0,"17":0,"18":0,"19":0,"20":0,"21":0,"22":0,"23":0,"24":0,"25":0,"26":0,"27":0,"28":0,"29":0,"30":0,"31":0,"32":0,"33":0,"34":0,"35":0,"36":0,"37":0,"38":0,"39":0,"40":0,"41":0,"42":0,"43":0,"44":0,"45":0,"46":0,"47":0,"48":0,"49":0,"50":0,"51":0,"52":0,"53":0,"54":0,"55":0,"56":0,"57":0,"58":0,"59":0,"60":0,"61":0,"62":0,"63":0,"64":0,"65":0,"66":0,"67":0,"68":0,"69":0,"70":0,"71":0,"72":0,"73":0,"74":0,"75":0,"76":0,"77":0,"78":0,"79":0,"80":0,"81":0,"82":0,"83":0,"84":0,"85":0,"86":0,"87":0,"88":0,"89":0,"90":0,"91":0,"92":0,"93":0,"94":0,"95":0,"96":0,"97":0,"98":0,"99":0,"100":0,"101":0,"102":0,"103":0,"104":0,"105":0,"106":0,"107":0,"108":0,"109":0,"110":0,"111":0,"112":0,"113":0,"114":0,"115":0,"116":0,"117":0,"118":0,"119":0,"120":0,"121":0,"122":0,"123":0,"124":0,"125":0,"126":0,"127":0,"128":0,"129":0,"130":0,"131":0,"132":0,"133":0,"134":0,"135":0,"136":0,"137":0,"138":0,"139":0,"140":0,"141":0,"142":0,"143":0},"f":{"0":0,"1":0,"2":0,"3":0,"4":0,"5":0,"6":0,"7":0,"8":0,"9":0,"10":0,"11":0,"12":0,"13":0,"14":0,"15":0,"16":0,"17":0,"18":0,"19":0},"b":{"0":[0,0],"1":[0,0],"2":[0,0],"3":[0,0,0,0,0],"4":[0,0],"5":[0,0],"6":[0,0],"7":[0,0,0],"8":[0,0],"9":[0,0],"10":[0,0,0,0,0,0,0,0,0,0,0],"11":[0,0],"12":[0,0],"13":[0,0],"14":[0,0],"15":[0,0],"16":[0,0],"17":[0,0],"18":[0,0],"19":[0,0],"20":[0,0],"21":[0,0],"22":[0,0],"23":[0,0],"24":[0,0],"25":[0,0],"26":[0,0],"27":[0,0]},"meta":{"lastBranch":28,"lastFunction":20,"lastStatement":144,"seen":{"s:23:6:23:24":0,"s:25:24:30:Infinity":1,"f:32:9:32:29":0,"s:33:2:33:Infinity":2,"s:34:2:34:Infinity":3,"s:35:2:35:Infinity":4,"s:36:2:36:Infinity":5,"f:39:9:39:28":1,"s:40:2:40:Infinity":6,"s:41:2:41:Infinity":7,"f:44:9:44:27":2,"s:45:2:58:Infinity":8,"f:61:9:61:22":3,"s:62:16:62:57":9,"s:63:2:66:Infinity":10,"f:69:15:69:29":4,"s:70:22:70:35":11,"s:71:8:71:32":12,"b:73:2:74:Infinity:undefined:undefined:undefined:undefined":0,"s:73:2:74:Infinity":13,"b:73:6:73:28:73:32:73:66":1,"s:74:4:74:Infinity":14,"s:77:2:77:Infinity":15,"s:78:2:81:Infinity":16,"s:79:4:79:Infinity":17,"s:81:4:81:Infinity":18,"f:85:15:85:29":5,"s:86:18:86:31":19,"b:87:2:87:Infinity:undefined:undefined:undefined:undefined":2,"s:87:2:87:Infinity":20,"s:87:16:87:Infinity":21,"s:89:2:162:Infinity":22,"b:91:6:108:Infinity:111:6:116:Infinity:119:6:124:Infinity:127:6:132:Infinity:135:6:157:Infinity":3,"s:90:4:157:Infinity":23,"b:92:8:106:Infinity:102:15:106:Infinity":4,"s:92:8:106:Infinity":24,"s:93:10:101:Infinity":25,"f:93:38:93:50":6,"s:94:12:94:Infinity":26,"s:95:12:99:Infinity":27,"f:97:14:97:23":7,"s:97:32:97:58":28,"f:98:14:98:23":8,"s:98:32:98:Infinity":29,"s:100:12:100:Infinity":30,"s:103:25:105:Infinity":31,"f:103:53:103:65":9,"s:104:12:104:Infinity":32,"s:106:10:106:Infinity":33,"s:108:8:108:Infinity":34,"s:112:23:114:Infinity":35,"f:112:51:112:63":10,"s:113:10:113:Infinity":36,"s:115:8:115:Infinity":37,"s:116:8:116:Infinity":38,"s:120:23:122:Infinity":39,"f:120:51:120:63":11,"s:121:10:121:Infinity":40,"s:123:8:123:Infinity":41,"s:124:8:124:Infinity":42,"s:128:23:130:Infinity":43,"f:128:51:128:63":12,"s:129:10:129:Infinity":44,"s:131:8:131:Infinity":45,"s:132:8:132:Infinity":46,"s:136:8:136:Infinity":47,"s:137:23:144:Infinity":48,"f:137:51:137:63":13,"s:138:10:143:Infinity":49,"f:140:12:140:22":14,"s:140:41:140:83":50,"f:141:12:141:21":15,"s:141:30:141:59":51,"f:142:12:142:21":16,"s:142:30:142:Infinity":52,"b:146:8:148:Infinity:undefined:undefined:undefined:undefined":5,"s:146:8:148:Infinity":53,"s:147:10:147:Infinity":54,"b:147:44:147:60:147:60:147:67":6,"s:148:10:148:Infinity":55,"s:151:26:151:Infinity":56,"b:151:26:151:56:151:56:151:86:151:86:151:Infinity":7,"b:152:8:155:Infinity:154:15:155:Infinity":8,"s:152:8:155:Infinity":57,"s:153:10:153:Infinity":58,"s:155:10:155:Infinity":59,"s:157:8:157:Infinity":60,"s:161:20:161:74":61,"b:161:45:161:61:161:61:161:74":9,"s:162:4:162:Infinity":62,"f:166:15:166:29":17,"s:167:24:167:42":63,"b:170:4:172:Infinity:174:4:174:Infinity:175:4:176:Infinity:178:4:186:Infinity:189:4:197:Infinity:200:4:208:Infinity:211:4:224:Infinity:227:4:240:Infinity:243:4:256:Infinity:259:4:261:Infinity:263:4:265:Infinity":10,"s:169:2:265:Infinity":64,"s:171:6:171:Infinity":65,"s:172:6:172:Infinity":66,"s:176:6:176:Infinity":67,"s:179:19:179:Infinity":68,"b:180:6:182:Infinity:undefined:undefined:undefined:undefined":11,"s:180:6:182:Infinity":69,"b:180:10:180:19:180:19:180:85":12,"s:181:8:181:Infinity":70,"s:182:8:182:Infinity":71,"s:184:6:184:Infinity":72,"s:185:6:185:Infinity":73,"s:186:6:186:Infinity":74,"s:190:20:190:42":75,"b:191:6:193:Infinity:undefined:undefined:undefined:undefined":13,"s:191:6:193:Infinity":76,"b:191:10:191:20:191:20:191:50":14,"s:192:8:192:Infinity":77,"s:193:8:193:Infinity":78,"s:195:6:195:Infinity":79,"s:196:6:196:Infinity":80,"s:197:6:197:Infinity":81,"s:201:20:201:Infinity":82,"b:202:6:204:Infinity:undefined:undefined:undefined:undefined":15,"s:202:6:204:Infinity":83,"b:202:10:202:20:202:20:202:73":16,"s:203:8:203:Infinity":84,"s:204:8:204:Infinity":85,"s:206:6:206:Infinity":86,"s:207:6:207:Infinity":87,"s:208:6:208:Infinity":88,"s:212:22:212:43":89,"b:213:6:215:Infinity:undefined:undefined:undefined:undefined":17,"s:213:6:215:Infinity":90,"s:214:8:214:Infinity":91,"s:215:8:215:Infinity":92,"s:217:12:217:39":93,"b:218:6:220:Infinity:undefined:undefined:undefined:undefined":18,"s:218:6:220:Infinity":94,"b:218:10:218:31:218:35:218:68":19,"s:219:8:219:Infinity":95,"s:220:8:220:Infinity":96,"s:222:6:222:Infinity":97,"s:223:6:223:Infinity":98,"s:224:6:224:Infinity":99,"s:228:19:228:Infinity":100,"s:229:21:229:Infinity":101,"b:230:6:232:Infinity:undefined:undefined:undefined:undefined":20,"s:230:6:232:Infinity":102,"s:231:8:231:Infinity":103,"s:232:8:232:Infinity":104,"s:234:17:234:48":105,"b:235:6:238:Infinity:237:13:238:Infinity":21,"s:235:6:238:Infinity":106,"s:236:8:236:Infinity":107,"s:238:8:238:Infinity":108,"s:240:6:240:Infinity":109,"s:244:24:244:45":110,"b:245:6:247:Infinity:undefined:undefined:undefined:undefined":22,"s:245:6:247:Infinity":111,"s:246:8:246:Infinity":112,"s:247:8:247:Infinity":113,"s:250:6:250:Infinity":114,"s:251:6:253:Infinity":115,"s:252:23:252:Infinity":116,"b:252:64:252:78:252:78:252:Infinity":23,"s:253:8:253:Infinity":117,"s:255:6:255:Infinity":118,"s:256:6:256:Infinity":119,"s:260:6:260:Infinity":120,"s:261:6:261:Infinity":121,"s:264:6:264:Infinity":122,"s:265:6:265:Infinity":123,"f:269:15:269:37":18,"s:270:2:270:Infinity":124,"s:272:8:275:4":125,"s:277:2:293:Infinity":126,"s:278:4:290:Infinity":127,"s:279:19:279:45":128,"s:280:22:280:33":129,"b:282:6:282:Infinity:undefined:undefined:undefined:undefined":24,"s:282:6:282:Infinity":130,"s:282:20:282:Infinity":131,"b:284:6:287:Infinity:undefined:undefined:undefined:undefined":25,"s:284:6:287:Infinity":132,"s:285:31:285:59":133,"b:286:8:286:Infinity:undefined:undefined:undefined:undefined":26,"s:286:8:286:Infinity":134,"s:286:29:286:Infinity":135,"s:287:8:287:Infinity":136,"s:290:6:290:Infinity":137,"s:293:4:293:Infinity":138,"s:296:2:296:Infinity":139,"s:299:0:303:Infinity":140,"f:299:7:299:14":19,"s:300:18:300:72":141,"b:300:43:300:59:300:59:300:72":27,"s:301:2:301:Infinity":142,"s:302:2:302:Infinity":143}}}
,"/Users/limingwu/Documents/mvp/claude-agent-demo/src/agents/builtin.ts": {"path":"/Users/limingwu/Documents/mvp/claude-agent-demo/src/agents/builtin.ts","statementMap":{"0":{"start":{"line":18,"column":71},"end":{"line":22,"column":null}},"1":{"start":{"line":27,"column":36},"end":{"line":27,"column":null}},"2":{"start":{"line":48,"column":33},"end":{"line":48,"column":null}},"3":{"start":{"line":66,"column":36},"end":{"line":66,"column":null}},"4":{"start":{"line":92,"column":80},"end":{"line":138,"column":null}},"5":{"start":{"line":147,"column":60},"end":{"line":247,"column":null}},"6":{"start":{"line":252,"column":59},"end":{"line":255,"column":null}},"7":{"start":{"line":265,"column":2},"end":{"line":265,"column":null}},"8":{"start":{"line":272,"column":2},"end":{"line":272,"column":null}},"9":{"start":{"line":279,"column":2},"end":{"line":279,"column":null}},"10":{"start":{"line":286,"column":2},"end":{"line":286,"column":null}},"11":{"start":{"line":293,"column":2},"end":{"line":296,"column":null}},"12":{"start":{"line":312,"column":2},"end":{"line":315,"column":null}}},"fnMap":{"0":{"name":"getAgentConfig","decl":{"start":{"line":264,"column":16},"end":{"line":264,"column":31}},"loc":{"start":{"line":264,"column":70},"end":{"line":265,"column":null}},"line":264},"1":{"name":"getCoreAgentNames","decl":{"start":{"line":271,"column":16},"end":{"line":271,"column":46}},"loc":{"start":{"line":271,"column":46},"end":{"line":272,"column":null}},"line":271},"2":{"name":"getExtendedAgentNames","decl":{"start":{"line":278,"column":16},"end":{"line":278,"column":50}},"loc":{"start":{"line":278,"column":50},"end":{"line":279,"column":null}},"line":278},"3":{"name":"getAllAgentNames","decl":{"start":{"line":285,"column":16},"end":{"line":285,"column":45}},"loc":{"start":{"line":285,"column":45},"end":{"line":286,"column":null}},"line":285},"4":{"name":"buildExplorePrompt","decl":{"start":{"line":292,"column":16},"end":{"line":292,"column":35}},"loc":{"start":{"line":292,"column":101},"end":{"line":296,"column":null}},"line":292},"5":{"name":"buildPlanPrompt","decl":{"start":{"line":311,"column":16},"end":{"line":311,"column":32}},"loc":{"start":{"line":311,"column":54},"end":{"line":315,"column":null}},"line":311}},"branchMap":{"0":{"loc":{"start":{"line":292,"column":49},"end":{"line":292,"column":101}},"type":"default-arg","locations":[{"start":{"line":292,"column":83},"end":{"line":292,"column":101}}],"line":292}},"s":{"0":4,"1":4,"2":4,"3":4,"4":4,"5":4,"6":4,"7":2,"8":2,"9":2,"10":2,"11":4,"12":2},"f":{"0":2,"1":2,"2":2,"3":2,"4":4,"5":2},"b":{"0":[4]},"meta":{"lastBranch":1,"lastFunction":6,"lastStatement":13,"seen":{"s:18:71:22:Infinity":0,"s:27:36:27:Infinity":1,"s:48:33:48:Infinity":2,"s:66:36:66:Infinity":3,"s:92:80:138:Infinity":4,"s:147:60:247:Infinity":5,"s:252:59:255:Infinity":6,"f:264:16:264:31":0,"s:265:2:265:Infinity":7,"f:271:16:271:46":1,"s:272:2:272:Infinity":8,"f:278:16:278:50":2,"s:279:2:279:Infinity":9,"f:285:16:285:45":3,"s:286:2:286:Infinity":10,"f:292:16:292:35":4,"b:292:83:292:101":0,"s:293:2:296:Infinity":11,"f:311:16:311:32":5,"s:312:2:315:Infinity":12}}}
,"/Users/limingwu/Documents/mvp/claude-agent-demo/src/agents/index.ts": {"path":"/Users/limingwu/Documents/mvp/claude-agent-demo/src/agents/index.ts","statementMap":{},"fnMap":{},"branchMap":{},"s":{},"f":{},"b":{},"meta":{"lastBranch":0,"lastFunction":0,"lastStatement":0,"seen":{}}}
,"/Users/limingwu/Documents/mvp/claude-agent-demo/src/agents/main.ts": {"path":"/Users/limingwu/Documents/mvp/claude-agent-demo/src/agents/main.ts","statementMap":{"0":{"start":{"line":125,"column":4},"end":{"line":125,"column":null}},"1":{"start":{"line":126,"column":4},"end":{"line":126,"column":null}},"2":{"start":{"line":135,"column":4},"end":{"line":135,"column":null}},"3":{"start":{"line":140,"column":4},"end":{"line":140,"column":null}},"4":{"start":{"line":145,"column":4},"end":{"line":145,"column":null}},"5":{"start":{"line":150,"column":4},"end":{"line":150,"column":null}},"6":{"start":{"line":155,"column":4},"end":{"line":155,"column":null}},"7":{"start":{"line":166,"column":17},"end":{"line":166,"column":null}},"8":{"start":{"line":167,"column":4},"end":{"line":170,"column":null}},"9":{"start":{"line":169,"column":26},"end":{"line":169,"column":42}},"10":{"start":{"line":169,"column":42},"end":{"line":169,"column":null}},"11":{"start":{"line":171,"column":4},"end":{"line":171,"column":null}},"12":{"start":{"line":178,"column":21},"end":{"line":178,"column":61}},"13":{"start":{"line":179,"column":23},"end":{"line":179,"column":67}},"14":{"start":{"line":181,"column":4},"end":{"line":183,"column":null}},"15":{"start":{"line":182,"column":6},"end":{"line":182,"column":null}},"16":{"start":{"line":183,"column":6},"end":{"line":183,"column":null}},"17":{"start":{"line":187,"column":52},"end":{"line":187,"column":54}},"18":{"start":{"line":189,"column":4},"end":{"line":194,"column":null}},"19":{"start":{"line":190,"column":6},"end":{"line":194,"column":null}},"20":{"start":{"line":191,"column":8},"end":{"line":194,"column":null}},"21":{"start":{"line":192,"column":10},"end":{"line":192,"column":null}},"22":{"start":{"line":193,"column":19},"end":{"line":194,"column":null}},"23":{"start":{"line":194,"column":10},"end":{"line":194,"column":null}},"24":{"start":{"line":199,"column":4},"end":{"line":200,"column":null}},"25":{"start":{"line":200,"column":6},"end":{"line":200,"column":null}},"26":{"start":{"line":203,"column":34},"end":{"line":210,"column":null}},"27":{"start":{"line":212,"column":4},"end":{"line":232,"column":null}},"28":{"start":{"line":213,"column":6},"end":{"line":224,"column":null}},"29":{"start":{"line":214,"column":8},"end":{"line":215,"column":null}},"30":{"start":{"line":215,"column":10},"end":{"line":215,"column":null}},"31":{"start":{"line":218,"column":8},"end":{"line":224,"column":null}},"32":{"start":{"line":219,"column":10},"end":{"line":224,"column":null}},"33":{"start":{"line":220,"column":12},"end":{"line":224,"column":null}},"34":{"start":{"line":221,"column":14},"end":{"line":224,"column":null}},"35":{"start":{"line":230,"column":18},"end":{"line":230,"column":75}},"36":{"start":{"line":231,"column":6},"end":{"line":231,"column":null}},"37":{"start":{"line":232,"column":6},"end":{"line":232,"column":null}},"38":{"start":{"line":244,"column":19},"end":{"line":244,"column":97}},"39":{"start":{"line":245,"column":4},"end":{"line":245,"column":null}},"40":{"start":{"line":252,"column":19},"end":{"line":252,"column":104}},"41":{"start":{"line":253,"column":4},"end":{"line":253,"column":null}},"42":{"start":{"line":260,"column":19},"end":{"line":260,"column":63}},"43":{"start":{"line":261,"column":4},"end":{"line":261,"column":null}},"44":{"start":{"line":268,"column":4},"end":{"line":268,"column":null}},"45":{"start":{"line":277,"column":19},"end":{"line":277,"column":91}},"46":{"start":{"line":278,"column":4},"end":{"line":278,"column":null}},"47":{"start":{"line":283,"column":19},"end":{"line":283,"column":94}},"48":{"start":{"line":284,"column":4},"end":{"line":284,"column":null}},"49":{"start":{"line":289,"column":19},"end":{"line":289,"column":96}},"50":{"start":{"line":290,"column":4},"end":{"line":290,"column":null}},"51":{"start":{"line":295,"column":19},"end":{"line":295,"column":87}},"52":{"start":{"line":296,"column":4},"end":{"line":296,"column":null}},"53":{"start":{"line":301,"column":19},"end":{"line":301,"column":91}},"54":{"start":{"line":302,"column":4},"end":{"line":302,"column":null}},"55":{"start":{"line":307,"column":19},"end":{"line":307,"column":96}},"56":{"start":{"line":308,"column":4},"end":{"line":308,"column":null}},"57":{"start":{"line":326,"column":22},"end":{"line":326,"column":40}},"58":{"start":{"line":329,"column":27},"end":{"line":334,"column":null}},"59":{"start":{"line":337,"column":28},"end":{"line":343,"column":null}},"60":{"start":{"line":346,"column":29},"end":{"line":350,"column":null}},"61":{"start":{"line":353,"column":50},"end":{"line":353,"column":null}},"62":{"start":{"line":354,"column":27},"end":{"line":354,"column":null}},"63":{"start":{"line":355,"column":24},"end":{"line":355,"column":null}},"64":{"start":{"line":356,"column":40},"end":{"line":356,"column":42}},"65":{"start":{"line":357,"column":17},"end":{"line":357,"column":null}},"66":{"start":{"line":360,"column":4},"end":{"line":367,"column":null}},"67":{"start":{"line":361,"column":6},"end":{"line":367,"column":null}},"68":{"start":{"line":362,"column":8},"end":{"line":362,"column":null}},"69":{"start":{"line":363,"column":8},"end":{"line":363,"column":null}},"70":{"start":{"line":364,"column":8},"end":{"line":364,"column":null}},"71":{"start":{"line":365,"column":8},"end":{"line":365,"column":null}},"72":{"start":{"line":366,"column":8},"end":{"line":366,"column":null}},"73":{"start":{"line":367,"column":8},"end":{"line":367,"column":null}},"74":{"start":{"line":372,"column":4},"end":{"line":379,"column":null}},"75":{"start":{"line":373,"column":6},"end":{"line":379,"column":null}},"76":{"start":{"line":374,"column":8},"end":{"line":379,"column":null}},"77":{"start":{"line":375,"column":10},"end":{"line":375,"column":null}},"78":{"start":{"line":376,"column":10},"end":{"line":376,"column":null}},"79":{"start":{"line":377,"column":10},"end":{"line":377,"column":null}},"80":{"start":{"line":378,"column":10},"end":{"line":378,"column":null}},"81":{"start":{"line":379,"column":10},"end":{"line":379,"column":null}},"82":{"start":{"line":385,"column":4},"end":{"line":390,"column":null}},"83":{"start":{"line":386,"column":6},"end":{"line":390,"column":null}},"84":{"start":{"line":387,"column":8},"end":{"line":390,"column":null}},"85":{"start":{"line":388,"column":10},"end":{"line":388,"column":null}},"86":{"start":{"line":389,"column":10},"end":{"line":389,"column":null}},"87":{"start":{"line":390,"column":10},"end":{"line":390,"column":null}},"88":{"start":{"line":396,"column":4},"end":{"line":400,"column":null}},"89":{"start":{"line":397,"column":6},"end":{"line":397,"column":null}},"90":{"start":{"line":398,"column":6},"end":{"line":398,"column":null}},"91":{"start":{"line":399,"column":6},"end":{"line":399,"column":null}},"92":{"start":{"line":400,"column":6},"end":{"line":400,"column":null}},"93":{"start":{"line":403,"column":4},"end":{"line":409,"column":null}},"94":{"start":{"line":424,"column":4},"end":{"line":425,"column":null}},"95":{"start":{"line":425,"column":6},"end":{"line":425,"column":null}},"96":{"start":{"line":428,"column":35},"end":{"line":431,"column":null}},"97":{"start":{"line":433,"column":4},"end":{"line":495,"column":null}},"98":{"start":{"line":435,"column":6},"end":{"line":435,"column":null}},"99":{"start":{"line":436,"column":6},"end":{"line":436,"column":null}},"100":{"start":{"line":439,"column":6},"end":{"line":491,"column":null}},"101":{"start":{"line":442,"column":10},"end":{"line":442,"column":null}},"102":{"start":{"line":443,"column":10},"end":{"line":446,"column":null}},"103":{"start":{"line":445,"column":48},"end":{"line":445,"column":69}},"104":{"start":{"line":447,"column":10},"end":{"line":447,"column":null}},"105":{"start":{"line":448,"column":10},"end":{"line":448,"column":null}},"106":{"start":{"line":452,"column":10},"end":{"line":452,"column":null}},"107":{"start":{"line":453,"column":10},"end":{"line":456,"column":null}},"108":{"start":{"line":455,"column":48},"end":{"line":455,"column":69}},"109":{"start":{"line":458,"column":10},"end":{"line":458,"column":null}},"110":{"start":{"line":459,"column":10},"end":{"line":459,"column":null}},"111":{"start":{"line":461,"column":10},"end":{"line":461,"column":null}},"112":{"start":{"line":462,"column":10},"end":{"line":467,"column":null}},"113":{"start":{"line":465,"column":48},"end":{"line":465,"column":69}},"114":{"start":{"line":468,"column":10},"end":{"line":468,"column":null}},"115":{"start":{"line":469,"column":10},"end":{"line":469,"column":null}},"116":{"start":{"line":473,"column":10},"end":{"line":473,"column":null}},"117":{"start":{"line":474,"column":10},"end":{"line":478,"column":null}},"118":{"start":{"line":477,"column":48},"end":{"line":477,"column":69}},"119":{"start":{"line":480,"column":10},"end":{"line":480,"column":null}},"120":{"start":{"line":481,"column":10},"end":{"line":481,"column":null}},"121":{"start":{"line":483,"column":10},"end":{"line":483,"column":null}},"122":{"start":{"line":484,"column":10},"end":{"line":489,"column":null}},"123":{"start":{"line":487,"column":48},"end":{"line":487,"column":69}},"124":{"start":{"line":490,"column":10},"end":{"line":490,"column":null}},"125":{"start":{"line":491,"column":10},"end":{"line":491,"column":null}},"126":{"start":{"line":494,"column":6},"end":{"line":494,"column":null}},"127":{"start":{"line":495,"column":6},"end":{"line":495,"column":null}},"128":{"start":{"line":498,"column":4},"end":{"line":498,"column":null}},"129":{"start":{"line":509,"column":21},"end":{"line":509,"column":61}},"130":{"start":{"line":511,"column":4},"end":{"line":513,"column":null}},"131":{"start":{"line":512,"column":6},"end":{"line":512,"column":null}},"132":{"start":{"line":513,"column":6},"end":{"line":513,"column":null}},"133":{"start":{"line":516,"column":21},"end":{"line":522,"column":null}},"134":{"start":{"line":533,"column":34},"end":{"line":536,"column":null}},"135":{"start":{"line":538,"column":17},"end":{"line":538,"column":null}},"136":{"start":{"line":540,"column":4},"end":{"line":547,"column":null}},"137":{"start":{"line":541,"column":6},"end":{"line":543,"column":null}},"138":{"start":{"line":542,"column":8},"end":{"line":543,"column":null}},"139":{"start":{"line":543,"column":10},"end":{"line":543,"column":null}},"140":{"start":{"line":547,"column":6},"end":{"line":547,"column":null}},"141":{"start":{"line":550,"column":4},"end":{"line":550,"column":null}},"142":{"start":{"line":561,"column":4},"end":{"line":562,"column":null}},"143":{"start":{"line":562,"column":6},"end":{"line":562,"column":null}},"144":{"start":{"line":565,"column":21},"end":{"line":565,"column":49}},"145":{"start":{"line":566,"column":26},"end":{"line":568,"column":6}},"146":{"start":{"line":571,"column":4},"end":{"line":572,"column":null}},"147":{"start":{"line":572,"column":6},"end":{"line":572,"column":null}},"148":{"start":{"line":575,"column":4},"end":{"line":575,"column":null}},"149":{"start":{"line":584,"column":32},"end":{"line":584,"column":null}},"150":{"start":{"line":588,"column":2},"end":{"line":589,"column":null}},"151":{"start":{"line":589,"column":4},"end":{"line":589,"column":null}},"152":{"start":{"line":591,"column":2},"end":{"line":591,"column":null}},"153":{"start":{"line":596,"column":2},"end":{"line":596,"column":null}},"154":{"start":{"line":601,"column":2},"end":{"line":601,"column":null}},"155":{"start":{"line":606,"column":2},"end":{"line":606,"column":null}},"156":{"start":{"line":611,"column":2},"end":{"line":611,"column":null}},"157":{"start":{"line":616,"column":2},"end":{"line":616,"column":null}},"158":{"start":{"line":621,"column":17},"end":{"line":621,"column":60}},"159":{"start":{"line":622,"column":2},"end":{"line":622,"column":null}}},"fnMap":{"0":{"name":"(anonymous_0)","decl":{"start":{"line":124,"column":2},"end":{"line":124,"column":16}},"loc":{"start":{"line":124,"column":16},"end":{"line":126,"column":null}},"line":124},"1":{"name":"(anonymous_1)","decl":{"start":{"line":134,"column":6},"end":{"line":134,"column":43}},"loc":{"start":{"line":134,"column":43},"end":{"line":135,"column":null}},"line":134},"2":{"name":"(anonymous_2)","decl":{"start":{"line":139,"column":2},"end":{"line":139,"column":32}},"loc":{"start":{"line":139,"column":32},"end":{"line":140,"column":null}},"line":139},"3":{"name":"(anonymous_3)","decl":{"start":{"line":144,"column":2},"end":{"line":144,"column":16}},"loc":{"start":{"line":144,"column":16},"end":{"line":145,"column":null}},"line":144},"4":{"name":"(anonymous_4)","decl":{"start":{"line":149,"column":2},"end":{"line":149,"column":14}},"loc":{"start":{"line":149,"column":54},"end":{"line":150,"column":null}},"line":149},"5":{"name":"(anonymous_5)","decl":{"start":{"line":154,"column":2},"end":{"line":154,"column":33}},"loc":{"start":{"line":154,"column":33},"end":{"line":155,"column":null}},"line":154},"6":{"name":"(anonymous_6)","decl":{"start":{"line":165,"column":8},"end":{"line":165,"column":13}},"loc":{"start":{"line":165,"column":70},"end":{"line":171,"column":null}},"line":165},"7":{"name":"(anonymous_7)","decl":{"start":{"line":169,"column":6},"end":{"line":169,"column":15}},"loc":{"start":{"line":169,"column":24},"end":{"line":169,"column":null}},"line":169},"8":{"name":"(anonymous_8)","decl":{"start":{"line":177,"column":8},"end":{"line":177,"column":19}},"loc":{"start":{"line":177,"column":74},"end":{"line":232,"column":null}},"line":177},"9":{"name":"(anonymous_9)","decl":{"start":{"line":243,"column":8},"end":{"line":243,"column":16}},"loc":{"start":{"line":243,"column":93},"end":{"line":245,"column":null}},"line":243},"10":{"name":"(anonymous_10)","decl":{"start":{"line":251,"column":8},"end":{"line":251,"column":13}},"loc":{"start":{"line":251,"column":46},"end":{"line":253,"column":null}},"line":251},"11":{"name":"(anonymous_11)","decl":{"start":{"line":259,"column":8},"end":{"line":259,"column":16}},"loc":{"start":{"line":259,"column":49},"end":{"line":261,"column":null}},"line":259},"12":{"name":"(anonymous_12)","decl":{"start":{"line":267,"column":8},"end":{"line":267,"column":20}},"loc":{"start":{"line":267,"column":75},"end":{"line":268,"column":null}},"line":267},"13":{"name":"(anonymous_13)","decl":{"start":{"line":276,"column":8},"end":{"line":276,"column":19}},"loc":{"start":{"line":276,"column":52},"end":{"line":278,"column":null}},"line":276},"14":{"name":"(anonymous_14)","decl":{"start":{"line":282,"column":8},"end":{"line":282,"column":22}},"loc":{"start":{"line":282,"column":55},"end":{"line":284,"column":null}},"line":282},"15":{"name":"(anonymous_15)","decl":{"start":{"line":288,"column":8},"end":{"line":288,"column":18}},"loc":{"start":{"line":288,"column":51},"end":{"line":290,"column":null}},"line":288},"16":{"name":"(anonymous_16)","decl":{"start":{"line":294,"column":8},"end":{"line":294,"column":14}},"loc":{"start":{"line":294,"column":47},"end":{"line":296,"column":null}},"line":294},"17":{"name":"(anonymous_17)","decl":{"start":{"line":300,"column":8},"end":{"line":300,"column":17}},"loc":{"start":{"line":300,"column":50},"end":{"line":302,"column":null}},"line":300},"18":{"name":"(anonymous_18)","decl":{"start":{"line":306,"column":8},"end":{"line":306,"column":22}},"loc":{"start":{"line":306,"column":55},"end":{"line":308,"column":null}},"line":306},"19":{"name":"(anonymous_19)","decl":{"start":{"line":324,"column":8},"end":{"line":324,"column":20}},"loc":{"start":{"line":324,"column":57},"end":{"line":409,"column":null}},"line":324},"20":{"name":"(anonymous_20)","decl":{"start":{"line":423,"column":8},"end":{"line":423,"column":20}},"loc":{"start":{"line":423,"column":86},"end":{"line":498,"column":null}},"line":423},"21":{"name":"(anonymous_21)","decl":{"start":{"line":445,"column":29},"end":{"line":445,"column":39}},"loc":{"start":{"line":445,"column":48},"end":{"line":445,"column":69}},"line":445},"22":{"name":"(anonymous_22)","decl":{"start":{"line":455,"column":29},"end":{"line":455,"column":39}},"loc":{"start":{"line":455,"column":48},"end":{"line":455,"column":69}},"line":455},"23":{"name":"(anonymous_23)","decl":{"start":{"line":465,"column":29},"end":{"line":465,"column":39}},"loc":{"start":{"line":465,"column":48},"end":{"line":465,"column":69}},"line":465},"24":{"name":"(anonymous_24)","decl":{"start":{"line":477,"column":29},"end":{"line":477,"column":39}},"loc":{"start":{"line":477,"column":48},"end":{"line":477,"column":69}},"line":477},"25":{"name":"(anonymous_25)","decl":{"start":{"line":487,"column":29},"end":{"line":487,"column":39}},"loc":{"start":{"line":487,"column":48},"end":{"line":487,"column":69}},"line":487},"26":{"name":"(anonymous_26)","decl":{"start":{"line":504,"column":16},"end":{"line":504,"column":null}},"loc":{"start":{"line":508,"column":21},"end":{"line":550,"column":null}},"line":508},"27":{"name":"(anonymous_27)","decl":{"start":{"line":556,"column":8},"end":{"line":556,"column":16}},"loc":{"start":{"line":560,"column":5},"end":{"line":575,"column":null}},"line":560},"28":{"name":"getAgent","decl":{"start":{"line":587,"column":16},"end":{"line":587,"column":34}},"loc":{"start":{"line":587,"column":34},"end":{"line":591,"column":null}},"line":587},"29":{"name":"createAgent","decl":{"start":{"line":595,"column":16},"end":{"line":595,"column":37}},"loc":{"start":{"line":595,"column":37},"end":{"line":596,"column":null}},"line":595},"30":{"name":"ask","decl":{"start":{"line":600,"column":22},"end":{"line":600,"column":26}},"loc":{"start":{"line":600,"column":83},"end":{"line":601,"column":null}},"line":600},"31":{"name":"explore","decl":{"start":{"line":605,"column":22},"end":{"line":605,"column":30}},"loc":{"start":{"line":605,"column":107},"end":{"line":606,"column":null}},"line":605},"32":{"name":"plan","decl":{"start":{"line":610,"column":22},"end":{"line":610,"column":27}},"loc":{"start":{"line":610,"column":60},"end":{"line":611,"column":null}},"line":610},"33":{"name":"general","decl":{"start":{"line":615,"column":22},"end":{"line":615,"column":30}},"loc":{"start":{"line":615,"column":63},"end":{"line":616,"column":null}},"line":615},"34":{"name":"runWorkflow","decl":{"start":{"line":620,"column":22},"end":{"line":620,"column":34}},"loc":{"start":{"line":620,"column":92},"end":{"line":622,"column":null}},"line":620}},"branchMap":{"0":{"loc":{"start":{"line":181,"column":4},"end":{"line":183,"column":null}},"type":"if","locations":[{"start":{"line":181,"column":4},"end":{"line":183,"column":null}},{"start":{},"end":{}}],"line":181},"1":{"loc":{"start":{"line":189,"column":4},"end":{"line":194,"column":null}},"type":"if","locations":[{"start":{"line":189,"column":4},"end":{"line":194,"column":null}},{"start":{},"end":{}}],"line":189},"2":{"loc":{"start":{"line":191,"column":8},"end":{"line":194,"column":null}},"type":"if","locations":[{"start":{"line":191,"column":8},"end":{"line":194,"column":null}},{"start":{"line":193,"column":19},"end":{"line":194,"column":null}}],"line":191},"3":{"loc":{"start":{"line":193,"column":19},"end":{"line":194,"column":null}},"type":"if","locations":[{"start":{"line":193,"column":19},"end":{"line":194,"column":null}},{"start":{},"end":{}}],"line":193},"4":{"loc":{"start":{"line":199,"column":4},"end":{"line":200,"column":null}},"type":"if","locations":[{"start":{"line":199,"column":4},"end":{"line":200,"column":null}},{"start":{},"end":{}}],"line":199},"5":{"loc":{"start":{"line":208,"column":18},"end":{"line":208,"column":null}},"type":"cond-expr","locations":[{"start":{"line":208,"column":55},"end":{"line":208,"column":68}},{"start":{"line":208,"column":68},"end":{"line":208,"column":null}}],"line":208},"6":{"loc":{"start":{"line":209,"column":14},"end":{"line":209,"column":null}},"type":"cond-expr","locations":[{"start":{"line":209,"column":47},"end":{"line":209,"column":56}},{"start":{"line":209,"column":56},"end":{"line":209,"column":null}}],"line":209},"7":{"loc":{"start":{"line":214,"column":8},"end":{"line":215,"column":null}},"type":"if","locations":[{"start":{"line":214,"column":8},"end":{"line":215,"column":null}},{"start":{},"end":{}}],"line":214},"8":{"loc":{"start":{"line":214,"column":12},"end":{"line":214,"column":51}},"type":"binary-expr","locations":[{"start":{"line":214,"column":12},"end":{"line":214,"column":35}},{"start":{"line":214,"column":35},"end":{"line":214,"column":51}}],"line":214},"9":{"loc":{"start":{"line":218,"column":8},"end":{"line":224,"column":null}},"type":"if","locations":[{"start":{"line":218,"column":8},"end":{"line":224,"column":null}},{"start":{},"end":{}}],"line":218},"10":{"loc":{"start":{"line":218,"column":12},"end":{"line":218,"column":66}},"type":"binary-expr","locations":[{"start":{"line":218,"column":12},"end":{"line":218,"column":36}},{"start":{"line":218,"column":36},"end":{"line":218,"column":66}}],"line":218},"11":{"loc":{"start":{"line":220,"column":12},"end":{"line":224,"column":null}},"type":"if","locations":[{"start":{"line":220,"column":12},"end":{"line":224,"column":null}},{"start":{},"end":{}}],"line":220},"12":{"loc":{"start":{"line":220,"column":16},"end":{"line":220,"column":80}},"type":"binary-expr","locations":[{"start":{"line":220,"column":16},"end":{"line":220,"column":45}},{"start":{"line":220,"column":45},"end":{"line":220,"column":63}},{"start":{"line":220,"column":63},"end":{"line":220,"column":80}}],"line":220},"13":{"loc":{"start":{"line":230,"column":18},"end":{"line":230,"column":75}},"type":"cond-expr","locations":[{"start":{"line":230,"column":43},"end":{"line":230,"column":51}},{"start":{"line":230,"column":51},"end":{"line":230,"column":75}}],"line":230},"14":{"loc":{"start":{"line":243,"column":32},"end":{"line":243,"column":93}},"type":"default-arg","locations":[{"start":{"line":243,"column":66},"end":{"line":243,"column":93}}],"line":243},"15":{"loc":{"start":{"line":361,"column":6},"end":{"line":367,"column":null}},"type":"if","locations":[{"start":{"line":361,"column":6},"end":{"line":367,"column":null}},{"start":{},"end":{}}],"line":361},"16":{"loc":{"start":{"line":372,"column":4},"end":{"line":379,"column":null}},"type":"if","locations":[{"start":{"line":372,"column":4},"end":{"line":379,"column":null}},{"start":{},"end":{}}],"line":372},"17":{"loc":{"start":{"line":374,"column":8},"end":{"line":379,"column":null}},"type":"if","locations":[{"start":{"line":374,"column":8},"end":{"line":379,"column":null}},{"start":{},"end":{}}],"line":374},"18":{"loc":{"start":{"line":385,"column":4},"end":{"line":390,"column":null}},"type":"if","locations":[{"start":{"line":385,"column":4},"end":{"line":390,"column":null}},{"start":{},"end":{}}],"line":385},"19":{"loc":{"start":{"line":387,"column":8},"end":{"line":390,"column":null}},"type":"if","locations":[{"start":{"line":387,"column":8},"end":{"line":390,"column":null}},{"start":{},"end":{}}],"line":387},"20":{"loc":{"start":{"line":396,"column":4},"end":{"line":400,"column":null}},"type":"if","locations":[{"start":{"line":396,"column":4},"end":{"line":400,"column":null}},{"start":{},"end":{}}],"line":396},"21":{"loc":{"start":{"line":424,"column":4},"end":{"line":425,"column":null}},"type":"if","locations":[{"start":{"line":424,"column":4},"end":{"line":425,"column":null}},{"start":{},"end":{}}],"line":424},"22":{"loc":{"start":{"line":439,"column":6},"end":{"line":491,"column":null}},"type":"switch","locations":[{"start":{"line":440,"column":8},"end":{"line":448,"column":null}},{"start":{"line":450,"column":8},"end":{"line":469,"column":null}},{"start":{"line":471,"column":8},"end":{"line":491,"column":null}}],"line":439},"23":{"loc":{"start":{"line":445,"column":20},"end":{"line":445,"column":null}},"type":"cond-expr","locations":[{"start":{"line":445,"column":29},"end":{"line":445,"column":69}},{"start":{"line":445,"column":72},"end":{"line":445,"column":null}}],"line":445},"24":{"loc":{"start":{"line":455,"column":20},"end":{"line":455,"column":null}},"type":"cond-expr","locations":[{"start":{"line":455,"column":29},"end":{"line":455,"column":69}},{"start":{"line":455,"column":72},"end":{"line":455,"column":null}}],"line":455},"25":{"loc":{"start":{"line":465,"column":20},"end":{"line":465,"column":null}},"type":"cond-expr","locations":[{"start":{"line":465,"column":29},"end":{"line":465,"column":69}},{"start":{"line":465,"column":72},"end":{"line":465,"column":null}}],"line":465},"26":{"loc":{"start":{"line":466,"column":22},"end":{"line":466,"column":null}},"type":"binary-expr","locations":[{"start":{"line":466,"column":22},"end":{"line":466,"column":43}},{"start":{"line":466,"column":43},"end":{"line":466,"column":null}}],"line":466},"27":{"loc":{"start":{"line":477,"column":20},"end":{"line":477,"column":null}},"type":"cond-expr","locations":[{"start":{"line":477,"column":29},"end":{"line":477,"column":69}},{"start":{"line":477,"column":72},"end":{"line":477,"column":null}}],"line":477},"28":{"loc":{"start":{"line":487,"column":20},"end":{"line":487,"column":null}},"type":"cond-expr","locations":[{"start":{"line":487,"column":29},"end":{"line":487,"column":69}},{"start":{"line":487,"column":72},"end":{"line":487,"column":null}}],"line":487},"29":{"loc":{"start":{"line":488,"column":22},"end":{"line":488,"column":null}},"type":"binary-expr","locations":[{"start":{"line":488,"column":22},"end":{"line":488,"column":43}},{"start":{"line":488,"column":43},"end":{"line":488,"column":null}}],"line":488},"30":{"loc":{"start":{"line":495,"column":21},"end":{"line":495,"column":75}},"type":"cond-expr","locations":[{"start":{"line":495,"column":46},"end":{"line":495,"column":62}},{"start":{"line":495,"column":62},"end":{"line":495,"column":75}}],"line":495},"31":{"loc":{"start":{"line":511,"column":4},"end":{"line":513,"column":null}},"type":"if","locations":[{"start":{"line":511,"column":4},"end":{"line":513,"column":null}},{"start":{},"end":{}}],"line":511},"32":{"loc":{"start":{"line":542,"column":8},"end":{"line":543,"column":null}},"type":"if","locations":[{"start":{"line":542,"column":8},"end":{"line":543,"column":null}},{"start":{},"end":{}}],"line":542},"33":{"loc":{"start":{"line":542,"column":12},"end":{"line":542,"column":51}},"type":"binary-expr","locations":[{"start":{"line":542,"column":12},"end":{"line":542,"column":35}},{"start":{"line":542,"column":35},"end":{"line":542,"column":51}}],"line":542},"34":{"loc":{"start":{"line":561,"column":4},"end":{"line":562,"column":null}},"type":"if","locations":[{"start":{"line":561,"column":4},"end":{"line":562,"column":null}},{"start":{},"end":{}}],"line":561},"35":{"loc":{"start":{"line":571,"column":4},"end":{"line":572,"column":null}},"type":"if","locations":[{"start":{"line":571,"column":4},"end":{"line":572,"column":null}},{"start":{},"end":{}}],"line":571},"36":{"loc":{"start":{"line":588,"column":2},"end":{"line":589,"column":null}},"type":"if","locations":[{"start":{"line":588,"column":2},"end":{"line":589,"column":null}},{"start":{},"end":{}}],"line":588},"37":{"loc":{"start":{"line":605,"column":46},"end":{"line":605,"column":107}},"type":"default-arg","locations":[{"start":{"line":605,"column":80},"end":{"line":605,"column":107}}],"line":605},"38":{"loc":{"start":{"line":622,"column":9},"end":{"line":622,"column":null}},"type":"binary-expr","locations":[{"start":{"line":622,"column":9},"end":{"line":622,"column":39}},{"start":{"line":622,"column":39},"end":{"line":622,"column":69}},{"start":{"line":622,"column":69},"end":{"line":622,"column":null}}],"line":622}},"s":{"0":8,"1":8,"2":1,"3":0,"4":0,"5":0,"6":0,"7":0,"8":0,"9":0,"10":0,"11":0,"12":0,"13":0,"14":0,"15":0,"16":0,"17":0,"18":0,"19":0,"20":0,"21":0,"22":0,"23":0,"24":0,"25":0,"26":0,"27":0,"28":0,"29":0,"30":0,"31":0,"32":0,"33":0,"34":0,"35":0,"36":0,"37":0,"38":0,"39":0,"40":0,"41":0,"42":0,"43":0,"44":0,"45":0,"46":0,"47":0,"48":0,"49":0,"50":0,"51":0,"52":0,"53":0,"54":0,"55":0,"56":0,"57":0,"58":0,"59":0,"60":0,"61":0,"62":0,"63":0,"64":0,"65":0,"66":0,"67":0,"68":0,"69":0,"70":0,"71":0,"72":0,"73":0,"74":0,"75":0,"76":0,"77":0,"78":0,"79":0,"80":0,"81":0,"82":0,"83":0,"84":0,"85":0,"86":0,"87":0,"88":0,"89":0,"90":0,"91":0,"92":0,"93":0,"94":0,"95":0,"96":0,"97":0,"98":0,"99":0,"100":0,"101":0,"102":0,"103":0,"104":0,"105":0,"106":0,"107":0,"108":0,"109":0,"110":0,"111":0,"112":0,"113":0,"114":0,"115":0,"116":0,"117":0,"118":0,"119":0,"120":0,"121":0,"122":0,"123":0,"124":0,"125":0,"126":0,"127":0,"128":0,"129":0,"130":0,"131":0,"132":0,"133":0,"134":0,"135":0,"136":0,"137":0,"138":0,"139":0,"140":0,"141":0,"142":0,"143":0,"144":0,"145":0,"146":0,"147":0,"148":0,"149":2,"150":4,"151":2,"152":4,"153":3,"154":0,"155":0,"156":0,"157":0,"158":0,"159":0},"f":{"0":8,"1":1,"2":0,"3":0,"4":0,"5":0,"6":0,"7":0,"8":0,"9":0,"10":0,"11":0,"12":0,"13":0,"14":0,"15":0,"16":0,"17":0,"18":0,"19":0,"20":0,"21":0,"22":0,"23":0,"24":0,"25":0,"26":0,"27":0,"28":4,"29":3,"30":0,"31":0,"32":0,"33":0,"34":0},"b":{"0":[0,0],"1":[0,0],"2":[0,0],"3":[0,0],"4":[0,0],"5":[0,0],"6":[0,0],"7":[0,0],"8":[0,0],"9":[0,0],"10":[0,0],"11":[0,0],"12":[0,0,0],"13":[0,0],"14":[0],"15":[0,0],"16":[0,0],"17":[0,0],"18":[0,0],"19":[0,0],"20":[0,0],"21":[0,0],"22":[0,0,0],"23":[0,0],"24":[0,0],"25":[0,0],"26":[0,0],"27":[0,0],"28":[0,0],"29":[0,0],"30":[0,0],"31":[0,0],"32":[0,0],"33":[0,0],"34":[0,0],"35":[0,0],"36":[2,2],"37":[0],"38":[0,0,0]},"meta":{"lastBranch":39,"lastFunction":35,"lastStatement":160,"seen":{"f:124:2:124:16":0,"s:125:4:125:Infinity":0,"s:126:4:126:Infinity":1,"f:134:6:134:43":1,"s:135:4:135:Infinity":2,"f:139:2:139:32":2,"s:140:4:140:Infinity":3,"f:144:2:144:16":3,"s:145:4:145:Infinity":4,"f:149:2:149:14":4,"s:150:4:150:Infinity":5,"f:154:2:154:33":5,"s:155:4:155:Infinity":6,"f:165:8:165:13":6,"s:166:17:166:Infinity":7,"s:167:4:170:Infinity":8,"f:169:6:169:15":7,"s:169:26:169:42":9,"s:169:42:169:Infinity":10,"s:171:4:171:Infinity":11,"f:177:8:177:19":8,"s:178:21:178:61":12,"s:179:23:179:67":13,"b:181:4:183:Infinity:undefined:undefined:undefined:undefined":0,"s:181:4:183:Infinity":14,"s:182:6:182:Infinity":15,"s:183:6:183:Infinity":16,"s:187:52:187:54":17,"b:189:4:194:Infinity:undefined:undefined:undefined:undefined":1,"s:189:4:194:Infinity":18,"s:190:6:194:Infinity":19,"b:191:8:194:Infinity:193:19:194:Infinity":2,"s:191:8:194:Infinity":20,"s:192:10:192:Infinity":21,"b:193:19:194:Infinity:undefined:undefined:undefined:undefined":3,"s:193:19:194:Infinity":22,"s:194:10:194:Infinity":23,"b:199:4:200:Infinity:undefined:undefined:undefined:undefined":4,"s:199:4:200:Infinity":24,"s:200:6:200:Infinity":25,"s:203:34:210:Infinity":26,"b:208:55:208:68:208:68:208:Infinity":5,"b:209:47:209:56:209:56:209:Infinity":6,"s:212:4:232:Infinity":27,"s:213:6:224:Infinity":28,"b:214:8:215:Infinity:undefined:undefined:undefined:undefined":7,"s:214:8:215:Infinity":29,"b:214:12:214:35:214:35:214:51":8,"s:215:10:215:Infinity":30,"b:218:8:224:Infinity:undefined:undefined:undefined:undefined":9,"s:218:8:224:Infinity":31,"b:218:12:218:36:218:36:218:66":10,"s:219:10:224:Infinity":32,"b:220:12:224:Infinity:undefined:undefined:undefined:undefined":11,"s:220:12:224:Infinity":33,"b:220:16:220:45:220:45:220:63:220:63:220:80":12,"s:221:14:224:Infinity":34,"s:230:18:230:75":35,"b:230:43:230:51:230:51:230:75":13,"s:231:6:231:Infinity":36,"s:232:6:232:Infinity":37,"f:243:8:243:16":9,"b:243:66:243:93":14,"s:244:19:244:97":38,"s:245:4:245:Infinity":39,"f:251:8:251:13":10,"s:252:19:252:104":40,"s:253:4:253:Infinity":41,"f:259:8:259:16":11,"s:260:19:260:63":42,"s:261:4:261:Infinity":43,"f:267:8:267:20":12,"s:268:4:268:Infinity":44,"f:276:8:276:19":13,"s:277:19:277:91":45,"s:278:4:278:Infinity":46,"f:282:8:282:22":14,"s:283:19:283:94":47,"s:284:4:284:Infinity":48,"f:288:8:288:18":15,"s:289:19:289:96":49,"s:290:4:290:Infinity":50,"f:294:8:294:14":16,"s:295:19:295:87":51,"s:296:4:296:Infinity":52,"f:300:8:300:17":17,"s:301:19:301:91":53,"s:302:4:302:Infinity":54,"f:306:8:306:22":18,"s:307:19:307:96":55,"s:308:4:308:Infinity":56,"f:324:8:324:20":19,"s:326:22:326:40":57,"s:329:27:334:Infinity":58,"s:337:28:343:Infinity":59,"s:346:29:350:Infinity":60,"s:353:50:353:Infinity":61,"s:354:27:354:Infinity":62,"s:355:24:355:Infinity":63,"s:356:40:356:42":64,"s:357:17:357:Infinity":65,"s:360:4:367:Infinity":66,"b:361:6:367:Infinity:undefined:undefined:undefined:undefined":15,"s:361:6:367:Infinity":67,"s:362:8:362:Infinity":68,"s:363:8:363:Infinity":69,"s:364:8:364:Infinity":70,"s:365:8:365:Infinity":71,"s:366:8:366:Infinity":72,"s:367:8:367:Infinity":73,"b:372:4:379:Infinity:undefined:undefined:undefined:undefined":16,"s:372:4:379:Infinity":74,"s:373:6:379:Infinity":75,"b:374:8:379:Infinity:undefined:undefined:undefined:undefined":17,"s:374:8:379:Infinity":76,"s:375:10:375:Infinity":77,"s:376:10:376:Infinity":78,"s:377:10:377:Infinity":79,"s:378:10:378:Infinity":80,"s:379:10:379:Infinity":81,"b:385:4:390:Infinity:undefined:undefined:undefined:undefined":18,"s:385:4:390:Infinity":82,"s:386:6:390:Infinity":83,"b:387:8:390:Infinity:undefined:undefined:undefined:undefined":19,"s:387:8:390:Infinity":84,"s:388:10:388:Infinity":85,"s:389:10:389:Infinity":86,"s:390:10:390:Infinity":87,"b:396:4:400:Infinity:undefined:undefined:undefined:undefined":20,"s:396:4:400:Infinity":88,"s:397:6:397:Infinity":89,"s:398:6:398:Infinity":90,"s:399:6:399:Infinity":91,"s:400:6:400:Infinity":92,"s:403:4:409:Infinity":93,"f:423:8:423:20":20,"b:424:4:425:Infinity:undefined:undefined:undefined:undefined":21,"s:424:4:425:Infinity":94,"s:425:6:425:Infinity":95,"s:428:35:431:Infinity":96,"s:433:4:495:Infinity":97,"s:435:6:435:Infinity":98,"s:436:6:436:Infinity":99,"b:440:8:448:Infinity:450:8:469:Infinity:471:8:491:Infinity":22,"s:439:6:491:Infinity":100,"s:442:10:442:Infinity":101,"s:443:10:446:Infinity":102,"b:445:29:445:69:445:72:445:Infinity":23,"f:445:29:445:39":21,"s:445:48:445:69":103,"s:447:10:447:Infinity":104,"s:448:10:448:Infinity":105,"s:452:10:452:Infinity":106,"s:453:10:456:Infinity":107,"b:455:29:455:69:455:72:455:Infinity":24,"f:455:29:455:39":22,"s:455:48:455:69":108,"s:458:10:458:Infinity":109,"s:459:10:459:Infinity":110,"s:461:10:461:Infinity":111,"s:462:10:467:Infinity":112,"b:465:29:465:69:465:72:465:Infinity":25,"f:465:29:465:39":23,"s:465:48:465:69":113,"b:466:22:466:43:466:43:466:Infinity":26,"s:468:10:468:Infinity":114,"s:469:10:469:Infinity":115,"s:473:10:473:Infinity":116,"s:474:10:478:Infinity":117,"b:477:29:477:69:477:72:477:Infinity":27,"f:477:29:477:39":24,"s:477:48:477:69":118,"s:480:10:480:Infinity":119,"s:481:10:481:Infinity":120,"s:483:10:483:Infinity":121,"s:484:10:489:Infinity":122,"b:487:29:487:69:487:72:487:Infinity":28,"f:487:29:487:39":25,"s:487:48:487:69":123,"b:488:22:488:43:488:43:488:Infinity":29,"s:490:10:490:Infinity":124,"s:491:10:491:Infinity":125,"s:494:6:494:Infinity":126,"s:495:6:495:Infinity":127,"b:495:46:495:62:495:62:495:75":30,"s:498:4:498:Infinity":128,"f:504:16:504:Infinity":26,"s:509:21:509:61":129,"b:511:4:513:Infinity:undefined:undefined:undefined:undefined":31,"s:511:4:513:Infinity":130,"s:512:6:512:Infinity":131,"s:513:6:513:Infinity":132,"s:516:21:522:Infinity":133,"s:533:34:536:Infinity":134,"s:538:17:538:Infinity":135,"s:540:4:547:Infinity":136,"s:541:6:543:Infinity":137,"b:542:8:543:Infinity:undefined:undefined:undefined:undefined":32,"s:542:8:543:Infinity":138,"b:542:12:542:35:542:35:542:51":33,"s:543:10:543:Infinity":139,"s:547:6:547:Infinity":140,"s:550:4:550:Infinity":141,"f:556:8:556:16":27,"b:561:4:562:Infinity:undefined:undefined:undefined:undefined":34,"s:561:4:562:Infinity":142,"s:562:6:562:Infinity":143,"s:565:21:565:49":144,"s:566:26:568:6":145,"b:571:4:572:Infinity:undefined:undefined:undefined:undefined":35,"s:571:4:572:Infinity":146,"s:572:6:572:Infinity":147,"s:575:4:575:Infinity":148,"s:584:32:584:Infinity":149,"f:587:16:587:34":28,"b:588:2:589:Infinity:undefined:undefined:undefined:undefined":36,"s:588:2:589:Infinity":150,"s:589:4:589:Infinity":151,"s:591:2:591:Infinity":152,"f:595:16:595:37":29,"s:596:2:596:Infinity":153,"f:600:22:600:26":30,"s:601:2:601:Infinity":154,"f:605:22:605:30":31,"b:605:80:605:107":37,"s:606:2:606:Infinity":155,"f:610:22:610:27":32,"s:611:2:611:Infinity":156,"f:615:22:615:30":33,"s:616:2:616:Infinity":157,"f:620:22:620:34":34,"s:621:17:621:60":158,"s:622:2:622:Infinity":159,"b:622:9:622:39:622:39:622:69:622:69:622:Infinity":38}}}
,"/Users/limingwu/Documents/mvp/claude-agent-demo/src/agents/runner.ts": {"path":"/Users/limingwu/Documents/mvp/claude-agent-demo/src/agents/runner.ts","statementMap":{"0":{"start":{"line":26,"column":4},"end":{"line":29,"column":null}},"1":{"start":{"line":27,"column":31},"end":{"line":27,"column":null}},"2":{"start":{"line":28,"column":36},"end":{"line":28,"column":38}},"3":{"start":{"line":40,"column":10},"end":{"line":40,"column":49}},"4":{"start":{"line":41,"column":4},"end":{"line":47,"column":null}},"5":{"start":{"line":42,"column":6},"end":{"line":47,"column":null}},"6":{"start":{"line":50,"column":4},"end":{"line":50,"column":null}},"7":{"start":{"line":61,"column":32},"end":{"line":65,"column":null}},"8":{"start":{"line":68,"column":21},"end":{"line":68,"column":61}},"9":{"start":{"line":69,"column":4},"end":{"line":71,"column":null}},"10":{"start":{"line":70,"column":6},"end":{"line":70,"column":null}},"11":{"start":{"line":71,"column":6},"end":{"line":71,"column":null}},"12":{"start":{"line":75,"column":23},"end":{"line":75,"column":67}},"13":{"start":{"line":78,"column":34},"end":{"line":86,"column":null}},"14":{"start":{"line":88,"column":4},"end":{"line":121,"column":null}},"15":{"start":{"line":89,"column":6},"end":{"line":114,"column":null}},"16":{"start":{"line":91,"column":8},"end":{"line":94,"column":null}},"17":{"start":{"line":92,"column":23},"end":{"line":92,"column":45}},"18":{"start":{"line":93,"column":10},"end":{"line":93,"column":null}},"19":{"start":{"line":94,"column":10},"end":{"line":94,"column":null}},"20":{"start":{"line":98,"column":8},"end":{"line":103,"column":null}},"21":{"start":{"line":99,"column":10},"end":{"line":103,"column":null}},"22":{"start":{"line":100,"column":12},"end":{"line":103,"column":null}},"23":{"start":{"line":101,"column":32},"end":{"line":101,"column":null}},"24":{"start":{"line":102,"column":14},"end":{"line":102,"column":null}},"25":{"start":{"line":103,"column":14},"end":{"line":103,"column":null}},"26":{"start":{"line":109,"column":8},"end":{"line":114,"column":null}},"27":{"start":{"line":110,"column":24},"end":{"line":110,"column":null}},"28":{"start":{"line":111,"column":10},"end":{"line":114,"column":null}},"29":{"start":{"line":118,"column":18},"end":{"line":118,"column":75}},"30":{"start":{"line":119,"column":6},"end":{"line":119,"column":null}},"31":{"start":{"line":120,"column":6},"end":{"line":120,"column":null}},"32":{"start":{"line":121,"column":6},"end":{"line":121,"column":null}},"33":{"start":{"line":124,"column":4},"end":{"line":124,"column":null}},"34":{"start":{"line":131,"column":4},"end":{"line":131,"column":null}},"35":{"start":{"line":138,"column":4},"end":{"line":138,"column":null}},"36":{"start":{"line":145,"column":4},"end":{"line":145,"column":null}},"37":{"start":{"line":156,"column":2},"end":{"line":156,"column":null}},"38":{"start":{"line":167,"column":17},"end":{"line":167,"column":34}},"39":{"start":{"line":168,"column":2},"end":{"line":168,"column":null}},"40":{"start":{"line":175,"column":17},"end":{"line":175,"column":34}},"41":{"start":{"line":176,"column":17},"end":{"line":176,"column":59}},"42":{"start":{"line":177,"column":2},"end":{"line":177,"column":null}},"43":{"start":{"line":184,"column":17},"end":{"line":184,"column":34}},"44":{"start":{"line":185,"column":17},"end":{"line":185,"column":42}},"45":{"start":{"line":186,"column":2},"end":{"line":186,"column":null}},"46":{"start":{"line":193,"column":17},"end":{"line":193,"column":34}},"47":{"start":{"line":194,"column":17},"end":{"line":194,"column":45}},"48":{"start":{"line":195,"column":2},"end":{"line":195,"column":null}}},"fnMap":{"0":{"name":"(anonymous_0)","decl":{"start":{"line":22,"column":2},"end":{"line":22,"column":14}},"loc":{"start":{"line":25,"column":5},"end":{"line":29,"column":null}},"line":25},"1":{"name":"(anonymous_1)","decl":{"start":{"line":27,"column":6},"end":{"line":27,"column":31}},"loc":{"start":{"line":27,"column":31},"end":{"line":27,"column":null}},"line":27},"2":{"name":"(anonymous_2)","decl":{"start":{"line":28,"column":6},"end":{"line":28,"column":36}},"loc":{"start":{"line":28,"column":36},"end":{"line":28,"column":38}},"line":28},"3":{"name":"(anonymous_3)","decl":{"start":{"line":35,"column":8},"end":{"line":35,"column":null}},"loc":{"start":{"line":39,"column":26},"end":{"line":50,"column":null}},"line":39},"4":{"name":"(anonymous_4)","decl":{"start":{"line":56,"column":8},"end":{"line":56,"column":null}},"loc":{"start":{"line":60,"column":26},"end":{"line":124,"column":null}},"line":60},"5":{"name":"(anonymous_5)","decl":{"start":{"line":130,"column":8},"end":{"line":130,"column":16}},"loc":{"start":{"line":130,"column":98},"end":{"line":131,"column":null}},"line":130},"6":{"name":"(anonymous_6)","decl":{"start":{"line":137,"column":8},"end":{"line":137,"column":13}},"loc":{"start":{"line":137,"column":51},"end":{"line":138,"column":null}},"line":137},"7":{"name":"(anonymous_7)","decl":{"start":{"line":144,"column":8},"end":{"line":144,"column":16}},"loc":{"start":{"line":144,"column":54},"end":{"line":145,"column":null}},"line":144},"8":{"name":"createAgentRunner","decl":{"start":{"line":152,"column":16},"end":{"line":152,"column":34}},"loc":{"start":{"line":155,"column":16},"end":{"line":156,"column":null}},"line":155},"9":{"name":"runAgent","decl":{"start":{"line":162,"column":22},"end":{"line":162,"column":null}},"loc":{"start":{"line":166,"column":24},"end":{"line":168,"column":null}},"line":166},"10":{"name":"runExplore","decl":{"start":{"line":174,"column":22},"end":{"line":174,"column":33}},"loc":{"start":{"line":174,"column":110},"end":{"line":177,"column":null}},"line":174},"11":{"name":"runPlan","decl":{"start":{"line":183,"column":22},"end":{"line":183,"column":30}},"loc":{"start":{"line":183,"column":63},"end":{"line":186,"column":null}},"line":183},"12":{"name":"runGeneral","decl":{"start":{"line":192,"column":22},"end":{"line":192,"column":33}},"loc":{"start":{"line":192,"column":66},"end":{"line":195,"column":null}},"line":192}},"branchMap":{"0":{"loc":{"start":{"line":26,"column":27},"end":{"line":29,"column":null}},"type":"binary-expr","locations":[{"start":{"line":26,"column":27},"end":{"line":26,"column":46}},{"start":{"line":26,"column":46},"end":{"line":29,"column":null}}],"line":26},"1":{"loc":{"start":{"line":41,"column":4},"end":{"line":47,"column":null}},"type":"if","locations":[{"start":{"line":41,"column":4},"end":{"line":47,"column":null}},{"start":{},"end":{}}],"line":41},"2":{"loc":{"start":{"line":69,"column":4},"end":{"line":71,"column":null}},"type":"if","locations":[{"start":{"line":69,"column":4},"end":{"line":71,"column":null}},{"start":{},"end":{}}],"line":69},"3":{"loc":{"start":{"line":80,"column":20},"end":{"line":80,"column":null}},"type":"binary-expr","locations":[{"start":{"line":80,"column":20},"end":{"line":80,"column":36}},{"start":{"line":80,"column":36},"end":{"line":80,"column":null}}],"line":80},"4":{"loc":{"start":{"line":81,"column":16},"end":{"line":81,"column":null}},"type":"binary-expr","locations":[{"start":{"line":81,"column":16},"end":{"line":81,"column":35}},{"start":{"line":81,"column":35},"end":{"line":81,"column":56}},{"start":{"line":81,"column":56},"end":{"line":81,"column":null}}],"line":81},"5":{"loc":{"start":{"line":82,"column":13},"end":{"line":82,"column":null}},"type":"binary-expr","locations":[{"start":{"line":82,"column":13},"end":{"line":82,"column":29}},{"start":{"line":82,"column":29},"end":{"line":82,"column":null}}],"line":82},"6":{"loc":{"start":{"line":84,"column":18},"end":{"line":84,"column":null}},"type":"cond-expr","locations":[{"start":{"line":84,"column":55},"end":{"line":84,"column":68}},{"start":{"line":84,"column":68},"end":{"line":84,"column":null}}],"line":84},"7":{"loc":{"start":{"line":91,"column":8},"end":{"line":94,"column":null}},"type":"if","locations":[{"start":{"line":91,"column":8},"end":{"line":94,"column":null}},{"start":{},"end":{}}],"line":91},"8":{"loc":{"start":{"line":91,"column":12},"end":{"line":91,"column":51}},"type":"binary-expr","locations":[{"start":{"line":91,"column":12},"end":{"line":91,"column":35}},{"start":{"line":91,"column":35},"end":{"line":91,"column":51}}],"line":91},"9":{"loc":{"start":{"line":98,"column":8},"end":{"line":103,"column":null}},"type":"if","locations":[{"start":{"line":98,"column":8},"end":{"line":103,"column":null}},{"start":{},"end":{}}],"line":98},"10":{"loc":{"start":{"line":98,"column":12},"end":{"line":98,"column":66}},"type":"binary-expr","locations":[{"start":{"line":98,"column":12},"end":{"line":98,"column":36}},{"start":{"line":98,"column":36},"end":{"line":98,"column":66}}],"line":98},"11":{"loc":{"start":{"line":100,"column":12},"end":{"line":103,"column":null}},"type":"if","locations":[{"start":{"line":100,"column":12},"end":{"line":103,"column":null}},{"start":{},"end":{}}],"line":100},"12":{"loc":{"start":{"line":100,"column":16},"end":{"line":100,"column":80}},"type":"binary-expr","locations":[{"start":{"line":100,"column":16},"end":{"line":100,"column":45}},{"start":{"line":100,"column":45},"end":{"line":100,"column":63}},{"start":{"line":100,"column":63},"end":{"line":100,"column":80}}],"line":100},"13":{"loc":{"start":{"line":109,"column":8},"end":{"line":114,"column":null}},"type":"if","locations":[{"start":{"line":109,"column":8},"end":{"line":114,"column":null}},{"start":{},"end":{}}],"line":109},"14":{"loc":{"start":{"line":109,"column":12},"end":{"line":109,"column":49}},"type":"binary-expr","locations":[{"start":{"line":109,"column":12},"end":{"line":109,"column":34}},{"start":{"line":109,"column":34},"end":{"line":109,"column":49}}],"line":109},"15":{"loc":{"start":{"line":112,"column":19},"end":{"line":112,"column":null}},"type":"binary-expr","locations":[{"start":{"line":112,"column":19},"end":{"line":112,"column":41}},{"start":{"line":112,"column":41},"end":{"line":112,"column":null}}],"line":112},"16":{"loc":{"start":{"line":113,"column":20},"end":{"line":113,"column":null}},"type":"binary-expr","locations":[{"start":{"line":113,"column":20},"end":{"line":113,"column":43}},{"start":{"line":113,"column":43},"end":{"line":113,"column":null}}],"line":113},"17":{"loc":{"start":{"line":118,"column":18},"end":{"line":118,"column":75}},"type":"cond-expr","locations":[{"start":{"line":118,"column":43},"end":{"line":118,"column":51}},{"start":{"line":118,"column":51},"end":{"line":118,"column":75}}],"line":118},"18":{"loc":{"start":{"line":130,"column":32},"end":{"line":130,"column":98}},"type":"default-arg","locations":[{"start":{"line":130,"column":66},"end":{"line":130,"column":98}}],"line":130},"19":{"loc":{"start":{"line":174,"column":49},"end":{"line":174,"column":110}},"type":"default-arg","locations":[{"start":{"line":174,"column":83},"end":{"line":174,"column":110}}],"line":174}},"s":{"0":22,"1":6,"2":6,"3":7,"4":7,"5":1,"6":6,"7":6,"8":6,"9":6,"10":0,"11":0,"12":6,"13":6,"14":6,"15":6,"16":6,"17":6,"18":6,"19":6,"20":6,"21":0,"22":0,"23":0,"24":0,"25":0,"26":6,"27":0,"28":0,"29":0,"30":0,"31":0,"32":0,"33":6,"34":1,"35":1,"36":1,"37":2,"38":0,"39":0,"40":0,"41":0,"42":0,"43":0,"44":0,"45":0,"46":0,"47":0,"48":0},"f":{"0":22,"1":6,"2":6,"3":7,"4":6,"5":1,"6":1,"7":1,"8":2,"9":0,"10":0,"11":0,"12":0},"b":{"0":[22,12],"1":[1,6],"2":[0,6],"3":[6,0],"4":[6,0,0],"5":[6,6],"6":[0,6],"7":[6,0],"8":[6,6],"9":[0,6],"10":[6,0],"11":[0,0],"12":[0,0,0],"13":[0,6],"14":[6,0],"15":[0,0],"16":[0,0],"17":[0,0],"18":[1],"19"
[...]
56}},"loc":{"start":{"line":267,"column":69},"end":{"line":267,"column":97}},"line":267},"5":{"name":"(anonymous_5)","decl":{"start":{"line":268,"column":47},"end":{"line":268,"column":52}},"loc":{"start":{"line":268,"column":65},"end":{"line":268,"column":93}},"line":268},"6":{"name":"(anonymous_6)","decl":{"start":{"line":269,"column":59},"end":{"line":269,"column":64}},"loc":{"start":{"line":269,"column":77},"end":{"line":269,"column":105}},"line":269},"7":{"name":"(anonymous_7)","decl":{"start":{"line":270,"column":47},"end":{"line":270,"column":52}},"loc":{"start":{"line":270,"column":65},"end":{"line":270,"column":null}},"line":270},"8":{"name":"createProviderConfig","decl":{"start":{"line":277,"column":16},"end":{"line":277,"column":null}},"loc":{"start":{"line":281,"column":21},"end":{"line":295,"column":null}},"line":281},"9":{"name":"applyPreset","decl":{"start":{"line":301,"column":16},"end":{"line":301,"column":28}},"loc":{"start":{"line":301,"column":89},"end":{"line":316,"column":null}},"line":301}},"branchMap":{"0":{"loc":{"start":{"line":243,"column":4},"end":{"line":244,"column":null}},"type":"if","locations":[{"start":{"line":243,"column":4},"end":{"line":244,"column":null}},{"start":{},"end":{}}],"line":243},"1":{"loc":{"start":{"line":243,"column":8},"end":{"line":243,"column":82}},"type":"binary-expr","locations":[{"start":{"line":243,"column":8},"end":{"line":243,"column":44}},{"start":{"line":243,"column":44},"end":{"line":243,"column":82}}],"line":243},"2":{"loc":{"start":{"line":257,"column":10},"end":{"line":257,"column":null}},"type":"binary-expr","locations":[{"start":{"line":257,"column":10},"end":{"line":257,"column":25}},{"start":{"line":257,"column":25},"end":{"line":257,"column":null}}],"line":257},"3":{"loc":{"start":{"line":267,"column":81},"end":{"line":267,"column":95}},"type":"binary-expr","locations":[{"start":{"line":267,"column":81},"end":{"line":267,"column":91}},{"start":{"line":267,"column":91},"end":{"line":267,"column":95}}],"line":267},"4":{"loc":{"start":{"line":268,"column":77},"end":{"line":268,"column":91}},"type":"binary-expr","locations":[{"start":{"line":268,"column":77},"end":{"line":268,"column":87}},{"start":{"line":268,"column":87},"end":{"line":268,"column":91}}],"line":268},"5":{"loc":{"start":{"line":269,"column":89},"end":{"line":269,"column":103}},"type":"binary-expr","locations":[{"start":{"line":269,"column":89},"end":{"line":269,"column":99}},{"start":{"line":269,"column":99},"end":{"line":269,"column":103}}],"line":269},"6":{"loc":{"start":{"line":270,"column":77},"end":{"line":270,"column":91}},"type":"binary-expr","locations":[{"start":{"line":270,"column":77},"end":{"line":270,"column":87}},{"start":{"line":270,"column":87},"end":{"line":270,"column":91}}],"line":270},"7":{"loc":{"start":{"line":283,"column":2},"end":{"line":283,"column":null}},"type":"if","locations":[{"start":{"line":283,"column":2},"end":{"line":283,"column":null}},{"start":{},"end":{}}],"line":283},"8":{"loc":{"start":{"line":286,"column":8},"end":{"line":286,"column":null}},"type":"binary-expr","locations":[{"start":{"line":286,"column":8},"end":{"line":286,"column":21}},{"start":{"line":286,"column":21},"end":{"line":286,"column":null}}],"line":286},"9":{"loc":{"start":{"line":287,"column":12},"end":{"line":287,"column":null}},"type":"binary-expr","locations":[{"start":{"line":287,"column":12},"end":{"line":287,"column":29}},{"start":{"line":287,"column":29},"end":{"line":287,"column":null}}],"line":287},"10":{"loc":{"start":{"line":288,"column":10},"end":{"line":288,"column":null}},"type":"binary-expr","locations":[{"start":{"line":288,"column":10},"end":{"line":288,"column":25}},{"start":{"line":288,"column":25},"end":{"line":288,"column":null}}],"line":288},"11":{"loc":{"start":{"line":289,"column":14},"end":{"line":289,"column":null}},"type":"binary-expr","locations":[{"start":{"line":289,"column":14},"end":{"line":289,"column":33}},{"start":{"line":289,"column":33},"end":{"line":289,"column":null}}],"line":289},"12":{"loc":{"start":{"line":291,"column":11},"end":{"line":291,"column":null}},"type":"binary-expr","locations":[{"start":{"line":291,"column":11},"end":{"line":291,"column":32}},{"start":{"line":291,"column":32},"end":{"line":291,"column":null}}],"line":291},"13":{"loc":{"start":{"line":302,"column":58},"end":{"line":302,"column":88}},"type":"cond-expr","locations":[{"start":{"line":302,"column":66},"end":{"line":302,"column":75}},{"start":{"line":302,"column":78},"end":{"line":302,"column":88}}],"line":302},"14":{"loc":{"start":{"line":303,"column":2},"end":{"line":305,"column":null}},"type":"if","locations":[{"start":{"line":303,"column":2},"end":{"line":305,"column":null}},{"start":{},"end":{}}],"line":303},"15":{"loc":{"start":{"line":311,"column":2},"end":{"line":312,"column":null}},"type":"if","locations":[{"start":{"line":311,"column":2},"end":{"line":312,"column":null}},{"start":{},"end":{}}],"line":311},"16":{"loc":{"start":{"line":315,"column":46},"end":{"line":315,"column":72}},"type":"binary-expr","locations":[{"start":{"line":315,"column":46},"end":{"line":315,"column":62}},{"start":{"line":315,"column":62},"end":{"line":315,"column":72}}],"line":315}},"s":{"0":3,"1":3,"2":3,"3":3,"4":3,"5":3,"6":3,"7":20,"8":20,"9":2,"10":1,"11":2,"12":24,"13":3,"14":3,"15":18,"16":6,"17":9,"18":1,"19":1,"20":0,"21":1,"22":0,"23":0,"24":0,"25":0,"26":0,"27":0,"28":0,"29":0,"30":0,"31":0},"f":{"0":3,"1":2,"2":24,"3":3,"4":3,"5":18,"6":6,"7":9,"8":1,"9":0},"b":{"0":[2,18],"1":[20,18],"2":[24,0],"3":[3,0],"4":[18,0],"5":[6,0],"6":[9,0],"7":[0,1],"8":[1,0],"9":[1,0],"10":[1,0],"11":[1,0],"12":[1,1],"13":[0,0],"14":[0,0],"15":[0,0],"16":[0,0]},"meta":{"lastBranch":17,"lastFunction":10,"lastStatement":32,"seen":{"s:17:70:101:Infinity":0,"s:106:76:136:Infinity":1,"s:141:70:196:Infinity":2,"s:201:72:213:Infinity":3,"s:223:64:228:Infinity":4,"f:237:16:237:34":0,"s:238:25:238:66":5,"s:241:2:244:Infinity":6,"s:242:26:242:66":7,"b:243:4:244:Infinity:undefined:undefined:undefined:undefined":0,"s:243:4:244:Infinity":8,"b:243:8:243:44:243:44:243:82":1,"s:244:6:244:Infinity":9,"s:248:2:248:Infinity":10,"f:254:16:254:92":1,"s:255:2:259:Infinity":11,"f:255:37:255:42":2,"s:255:60:259:5":12,"b:257:10:257:25:257:25:257:Infinity":2,"f:265:16:265:93":3,"s:266:2:271:Infinity":13,"f:267:51:267:56":4,"s:267:69:267:97":14,"b:267:81:267:91:267:91:267:95":3,"f:268:47:268:52":5,"s:268:65:268:93":15,"b:268:77:268:87:268:87:268:91":4,"f:269:59:269:64":6,"s:269:77:269:105":16,"b:269:89:269:99:269:99:269:103":5,"f:270:47:270:52":7,"s:270:65:270:Infinity":17,"b:270:77:270:87:270:87:270:91":6,"f:277:16:277:Infinity":8,"s:282:17:282:46":18,"b:283:2:283:Infinity:undefined:undefined:undefined:undefined":7,"s:283:2:283:Infinity":19,"s:283:15:283:Infinity":20,"s:285:2:295:Infinity":21,"b:286:8:286:21:286:21:286:Infinity":8,"b:287:12:287:29:287:29:287:Infinity":9,"b:288:10:288:25:288:25:288:Infinity":10,"b:289:14:289:33:289:33:289:Infinity":11,"b:291:11:291:32:291:32:291:Infinity":12,"f:301:16:301:28":9,"s:302:17:302:88":22,"b:302:66:302:75:302:78:302:88":13,"b:303:2:305:Infinity:undefined:undefined:undefined:undefined":14,"s:303:2:305:Infinity":23,"s:304:4:304:Infinity":24,"s:305:4:305:Infinity":25,"s:308:2:308:Infinity":26,"s:309:2:309:Infinity":27,"b:311:2:312:Infinity:undefined:undefined:undefined:undefined":15,"s:311:2:312:Infinity":28,"s:312:4:312:Infinity":29,"s:315:2:315:Infinity":30,"b:315:46:315:62:315:62:315:72":16,"s:316:2:316:Infinity":31}}}
,"/Users/limingwu/Documents/mvp/claude-agent-demo/src/services/preferences.ts": {"path":"/Users/limingwu/Documents/mvp/claude-agent-demo/src/services/preferences.ts","statementMap":{"0":{"start":{"line":10,"column":26},"end":{"line":29,"column":2}},"1":{"start":{"line":34,"column":41},"end":{"line":44,"column":null}},"2":{"start":{"line":50,"column":4},"end":{"line":53,"column":null}},"3":{"start":{"line":60,"column":4},"end":{"line":60,"column":null}},"4":{"start":{"line":67,"column":4},"end":{"line":67,"column":null}},"5":{"start":{"line":74,"column":4},"end":{"line":74,"column":null}},"6":{"start":{"line":81,"column":4},"end":{"line":82,"column":null}},"7":{"start":{"line":82,"column":6},"end":{"line":82,"column":null}},"8":{"start":{"line":90,"column":4},"end":{"line":90,"column":null}},"9":{"start":{"line":97,"column":4},"end":{"line":97,"column":null}},"10":{"start":{"line":102,"column":27},"end":{"line":102,"column":51}}},"fnMap":{"0":{"name":"(anonymous_0)","decl":{"start":{"line":49,"column":2},"end":{"line":49,"column":16}},"loc":{"start":{"line":49,"column":16},"end":{"line":53,"column":null}},"line":49},"1":{"name":"(anonymous_1)","decl":{"start":{"line":59,"column":2},"end":{"line":59,"column":24}},"loc":{"start":{"line":59,"column":24},"end":{"line":60,"column":null}},"line":59},"2":{"name":"(anonymous_2)","decl":{"start":{"line":66,"column":2},"end":{"line":66,"column":35}},"loc":{"start":{"line":66,"column":59},"end":{"line":67,"column":null}},"line":66},"3":{"name":"(anonymous_3)","decl":{"start":{"line":73,"column":2},"end":{"line":73,"column":35}},"loc":{"start":{"line":73,"column":72},"end":{"line":74,"column":null}},"line":73},"4":{"name":"(anonymous_4)","decl":{"start":{"line":80,"column":2},"end":{"line":80,"column":10}},"loc":{"start":{"line":80,"column":45},"end":{"line":82,"column":null}},"line":80},"5":{"name":"(anonymous_5)","decl":{"start":{"line":89,"column":2},"end":{"line":89,"column":16}},"loc":{"start":{"line":89,"column":16},"end":{"line":90,"column":null}},"line":89},"6":{"name":"(anonymous_6)","decl":{"start":{"line":96,"column":2},"end":{"line":96,"column":20}},"loc":{"start":{"line":96,"column":20},"end":{"line":97,"column":null}},"line":96}},"branchMap":{},"s":{"0":1,"1":1,"2":1,"3":0,"4":0,"5":0,"6":0,"7":0,"8":0,"9":0,"10":1},"f":{"0":1,"1":0,"2":0,"3":0,"4":0,"5":0,"6":0},"b":{},"meta":{"lastBranch":0,"lastFunction":7,"lastStatement":11,"seen":{"s:10:26:29:2":0,"s:34:41:44:Infinity":1,"f:49:2:49:16":0,"s:50:4:53:Infinity":2,"f:59:2:59:24":1,"s:60:4:60:Infinity":3,"f:66:2:66:35":2,"s:67:4:67:Infinity":4,"f:73:2:73:35":3,"s:74:4:74:Infinity":5,"f:80:2:80:10":4,"s:81:4:82:Infinity":6,"s:82:6:82:Infinity":7,"f:89:2:89:16":5,"s:90:4:90:Infinity":8,"f:96:2:96:20":6,"s:97:4:97:Infinity":9,"s:102:27:102:51":10}}}
,"/Users/limingwu/Documents/mvp/claude-agent-demo/src/tools/memory-tools.ts": {"path":"/Users/limingwu/Documents/mvp/claude-agent-demo/src/tools/memory-tools.ts","statementMap":{"0":{"start":{"line":11,"column":26},"end":{"line":17,"column":2}},"1":{"start":{"line":22,"column":20},"end":{"line":26,"column":2}},"2":{"start":{"line":29,"column":6},"end":{"line":54,"column":null}},"3":{"start":{"line":38,"column":16},"end":{"line":38,"column":40}},"4":{"start":{"line":39,"column":21},"end":{"line":39,"column":48}},"5":{"start":{"line":41,"column":4},"end":{"line":47,"column":null}},"6":{"start":{"line":49,"column":4},"end":{"line":49,"column":null}},"7":{"start":{"line":50,"column":4},"end":{"line":52,"column":null}},"8":{"start":{"line":57,"column":6},"end":{"line":103,"column":null}},"9":{"start":{"line":65,"column":21},"end":{"line":65,"column":48}},"10":{"start":{"line":67,"column":4},"end":{"line":81,"column":null}},"11":{"start":{"line":68,"column":20},"end":{"line":68,"column":null}},"12":{"start":{"line":69,"column":6},"end":{"line":72,"column":null}},"13":{"start":{"line":70,"column":8},"end":{"line":72,"column":null}},"14":{"start":{"line":74,"column":6},"end":{"line":81,"column":null}},"15":{"start":{"line":85,"column":18},"end":{"line":85,"column":41}},"16":{"start":{"line":86,"column":4},"end":{"line":87,"column":null}},"17":{"start":{"line":87,"column":6},"end":{"line":87,"column":null}},"18":{"start":{"line":87,"column":38},"end":{"line":87,"column":65}},"19":{"start":{"line":90,"column":4},"end":{"line":93,"column":null}},"20":{"start":{"line":91,"column":6},"end":{"line":93,"column":null}},"21":{"start":{"line":96,"column":17},"end":{"line":98,"column":17}},"22":{"start":{"line":97,"column":18},"end":{"line":97,"column":75}},"23":{"start":{"line":99,"column":4},"end":{"line":101,"column":null}},"24":{"start":{"line":106,"column":6},"end":{"line":126,"column":null}},"25":{"start":{"line":113,"column":21},"end":{"line":113,"column":48}},"26":{"start":{"line":114,"column":4},"end":{"line":117,"column":null}},"27":{"start":{"line":115,"column":6},"end":{"line":117,"column":null}},"28":{"start":{"line":120,"column":4},"end":{"line":120,"column":null}},"29":{"start":{"line":121,"column":4},"end":{"line":121,"column":null}},"30":{"start":{"line":122,"column":4},"end":{"line":124,"column":null}},"31":{"start":{"line":129,"column":13},"end":{"line":132,"column":2}}},"fnMap":{"0":{"name":"(anonymous_0)","decl":{"start":{"line":37,"column":2},"end":{"line":37,"column":9}},"loc":{"start":{"line":37,"column":18},"end":{"line":54,"column":null}},"line":37},"1":{"name":"(anonymous_1)","decl":{"start":{"line":64,"column":2},"end":{"line":64,"column":9}},"loc":{"start":{"line":64,"column":18},"end":{"line":103,"column":null}},"line":64},"2":{"name":"(anonymous_2)","decl":{"start":{"line":87,"column":24},"end":{"line":87,"column":32}},"loc":{"start":{"line":87,"column":38},"end":{"line":87,"column":65}},"line":87},"3":{"name":"(anonymous_3)","decl":{"start":{"line":97,"column":7},"end":{"line":97,"column":12}},"loc":{"start":{"line":97,"column":18},"end":{"line":97,"column":75}},"line":97},"4":{"name":"(anonymous_4)","decl":{"start":{"line":112,"column":2},"end":{"line":112,"column":9}},"loc":{"start":{"line":112,"column":18},"end":{"line":126,"column":null}},"line":112}},"branchMap":{"0":{"loc":{"start":{"line":44,"column":17},"end":{"line":44,"column":null}},"type":"binary-expr","locations":[{"start":{"line":44,"column":17},"end":{"line":44,"column":50}},{"start":{"line":44,"column":50},"end":{"line":44,"column":null}}],"line":44},"1":{"loc":{"start":{"line":67,"column":4},"end":{"line":81,"column":null}},"type":"if","locations":[{"start":{"line":67,"column":4},"end":{"line":81,"column":null}},{"start":{},"end":{}}],"line":67},"2":{"loc":{"start":{"line":69,"column":6},"end":{"line":72,"column":null}},"type":"if","locations":[{"start":{"line":69,"column":6},"end":{"line":72,"column":null}},{"start":{},"end":{}}],"line":69},"3":{"loc":{"start":{"line":86,"column":4},"end":{"line":87,"column":null}},"type":"if","locations":[{"start":{"line":86,"column":4},"end":{"line":87,"column":null}},{"start":{},"end":{}}],"line":86},"4":{"loc":{"start":{"line":90,"column":4},"end":{"line":93,"column":null}},"type":"if","locations":[{"start":{"line":90,"column":4},"end":{"line":93,"column":null}},{"start":{},"end":{}}],"line":90},"5":{"loc":{"start":{"line":114,"column":4},"end":{"line":117,"column":null}},"type":"if","locations":[{"start":{"line":114,"column":4},"end":{"line":117,"column":null}},{"start":{},"end":{}}],"line":114}},"s":{"0":1,"1":1,"2":1,"3":0,"4":0,"5":0,"6":0,"7":0,"8":1,"9":0,"10":0,"11":0,"12":0,"13":0,"14":0,"15":0,"16":0,"17":0,"18":0,"19":0,"20":0,"21":0,"22":0,"23":0,"24":1,"25":0,"26":0,"27":0,"28":0,"29":0,"30":0,"31":1},"f":{"0":0,"1":0,"2":0,"3":0,"4":0},"b":{"0":[0,0],"1":[0,0],"2":[0,0],"3":[0,0],"4":[0,0],"5":[0,0]},"meta":{"lastBranch":6,"lastFunction":5,"lastStatement":32,"seen":{"s:11:26:17:2":0,"s:22:20:26:2":1,"s:29:6:54:Infinity":2,"f:37:2:37:9":0,"s:38:16:38:40":3,"s:39:21:39:48":4,"s:41:4:47:Infinity":5,"b:44:17:44:50:44:50:44:Infinity":0,"s:49:4:49:Infinity":6,"s:50:4:52:Infinity":7,"s:57:6:103:Infinity":8,"f:64:2:64:9":1,"s:65:21:65:48":9,"b:67:4:81:Infinity:undefined:undefined:undefined:undefined":1,"s:67:4:81:Infinity":10,"s:68:20:68:Infinity":11,"b:69:6:72:Infinity:undefined:undefined:undefined:undefined":2,"s:69:6:72:Infinity":12,"s:70:8:72:Infinity":13,"s:74:6:81:Infinity":14,"s:85:18:85:41":15,"b:86:4:87:Infinity:undefined:undefined:undefined:undefined":3,"s:86:4:87:Infinity":16,"s:87:6:87:Infinity":17,"f:87:24:87:32":2,"s:87:38:87:65":18,"b:90:4:93:Infinity:undefined:undefined:undefined:undefined":4,"s:90:4:93:Infinity":19,"s:91:6:93:Infinity":20,"s:96:17:98:17":21,"f:97:7:97:12":3,"s:97:18:97:75":22,"s:99:4:101:Infinity":23,"s:106:6:126:Infinity":24,"f:112:2:112:9":4,"s:113:21:113:48":25,"b:114:4:117:Infinity:undefined:undefined:undefined:undefined":5,"s:114:4:117:Infinity":26,"s:115:6:117:Infinity":27,"s:120:4:120:Infinity":28,"s:121:4:121:Infinity":29,"s:122:4:124:Infinity":30,"s:129:13:132:2":31}}}
,"/Users/limingwu/Documents/mvp/claude-agent-demo/src/tools/preference-tools.ts": {"path":"/Users/limingwu/Documents/mvp/claude-agent-demo/src/tools/preference-tools.ts","statementMap":{"0":{"start":{"line":11,"column":6},"end":{"line":28,"column":null}},"1":{"start":{"line":18,"column":18},"end":{"line":18,"column":50}},"2":{"start":{"line":19,"column":4},"end":{"line":26,"column":null}},"3":{"start":{"line":31,"column":6},"end":{"line":53,"column":null}},"4":{"start":{"line":39,"column":4},"end":{"line":50,"column":null}},"5":{"start":{"line":40,"column":26},"end":{"line":40,"column":48}},"6":{"start":{"line":41,"column":6},"end":{"line":41,"column":null}},"7":{"start":{"line":42,"column":6},"end":{"line":44,"column":null}},"8":{"start":{"line":47,"column":6},"end":{"line":47,"column":null}},"9":{"start":{"line":48,"column":6},"end":{"line":50,"column":null}},"10":{"start":{"line":56,"column":6},"end":{"line":71,"column":null}},"11":{"start":{"line":61,"column":16},"end":{"line":61,"column":36}},"12":{"start":{"line":62,"column":4},"end":{"line":69,"column":null}},"13":{"start":{"line":74,"column":6},"end":{"line":91,"column":null}},"14":{"start":{"line":81,"column":4},"end":{"line":84,"column":null}},"15":{"start":{"line":82,"column":6},"end":{"line":84,"column":null}},"16":{"start":{"line":86,"column":4},"end":{"line":86,"column":null}},"17":{"start":{"line":87,"column":4},"end":{"line":89,"column":null}},"18":{"start":{"line":94,"column":13},"end":{"line":97,"column":2}}},"fnMap":{"0":{"name":"(anonymous_0)","decl":{"start":{"line":17,"column":2},"end":{"line":17,"column":9}},"loc":{"start":{"line":17,"column":18},"end":{"line":28,"column":null}},"line":17},"1":{"name":"(anonymous_1)","decl":{"start":{"line":38,"column":2},"end":{"line":38,"column":9}},"loc":{"start":{"line":38,"column":18},"end":{"line":53,"column":null}},"line":38},"2":{"name":"(anonymous_2)","decl":{"start":{"line":60,"column":2},"end":{"line":60,"column":14}},"loc":{"start":{"line":60,"column":14},"end":{"line":71,"column":null}},"line":60},"3":{"name":"(anonymous_3)","decl":{"start":{"line":80,"column":2},"end":{"line":80,"column":9}},"loc":{"start":{"line":80,"column":18},"end":{"line":91,"column":null}},"line":80}},"branchMap":{"0":{"loc":{"start":{"line":23,"column":16},"end":{"line":23,"column":null}},"type":"cond-expr","locations":[{"start":{"line":23,"column":38},"end":{"line":23,"column":80}},{"start":{"line":23,"column":80},"end":{"line":23,"column":null}}],"line":23},"1":{"loc":{"start":{"line":81,"column":4},"end":{"line":84,"column":null}},"type":"if","locations":[{"start":{"line":81,"column":4},"end":{"line":84,"column":null}},{"start":{},"end":{}}],"line":81}},"s":{"0":1,"1":0,"2":0,"3":1,"4":0,"5":0,"6":0,"7":0,"8":0,"9":0,"10":1,"11":0,"12":0,"13":1,"14":0,"15":0,"16":0,"17":0,"18":1},"f":{"0":0,"1":0,"2":0,"3":0},"b":{"0":[0,0],"1":[0,0]},"meta":{"lastBranch":2,"lastFunction":4,"lastStatement":19,"seen":{"s:11:6:28:Infinity":0,"f:17:2:17:9":0,"s:18:18:18:50":1,"s:19:4:26:Infinity":2,"b:23:38:23:80:23:80:23:Infinity":0,"s:31:6:53:Infinity":3,"f:38:2:38:9":1,"s:39:4:50:Infinity":4,"s:40:26:40:48":5,"s:41:6:41:Infinity":6,"s:42:6:44:Infinity":7,"s:47:6:47:Infinity":8,"s:48:6:50:Infinity":9,"s:56:6:71:Infinity":10,"f:60:2:60:14":2,"s:61:16:61:36":11,"s:62:4:69:Infinity":12,"s:74:6:91:Infinity":13,"f:80:2:80:9":3,"b:81:4:84:Infinity:undefined:undefined:undefined:undefined":1,"s:81:4:84:Infinity":14,"s:82:6:84:Infinity":15,"s:86:4:86:Infinity":16,"s:87:4:89:Infinity":17,"s:94:13:97:2":18}}}
}
