{"/Users/limingwu/Documents/mvp/claude-agent-demo/src/cli.ts": {"path":"/Users/limingwu/Documents/mvp/claude-agent-demo/src/cli.ts","statementMap":{"0":{"start":{"line":16,"column":14},"end":{"line":16,"column":75}},"1":{"start":{"line":19,"column":2},"end":{"line":20,"column":null}},"2":{"start":{"line":20,"column":4},"end":{"line":20,"column":null}},"3":{"start":{"line":25,"column":2},"end":{"line":25,"column":null}},"4":{"start":{"line":29,"column":20},"end":{"line":29,"column":62}},"5":{"start":{"line":30,"column":2},"end":{"line":30,"column":null}},"6":{"start":{"line":34,"column":2},"end":{"line":34,"column":null}},"7":{"start":{"line":38,"column":2},"end":{"line":38,"column":null}},"8":{"start":{"line":39,"column":2},"end":{"line":40,"column":null}},"9":{"start":{"line":40,"column":4},"end":{"line":40,"column":null}},"10":{"start":{"line":45,"column":2},"end":{"line":45,"column":null}},"11":{"start":{"line":58,"column":6},"end":{"line":58,"column":24}},"12":{"start":{"line":60,"column":24},"end":{"line":66,"column":null}},"13":{"start":{"line":69,"column":2},"end":{"line":69,"column":null}},"14":{"start":{"line":72,"column":19},"end":{"line":72,"column":null}},"15":{"start":{"line":73,"column":2},"end":{"line":83,"column":null}},"16":{"start":{"line":74,"column":4},"end":{"line":74,"column":null}},"17":{"start":{"line":75,"column":4},"end":{"line":80,"column":null}},"18":{"start":{"line":82,"column":4},"end":{"line":82,"column":null}},"19":{"start":{"line":83,"column":4},"end":{"line":83,"column":null}},"20":{"start":{"line":87,"column":2},"end":{"line":90,"column":null}},"21":{"start":{"line":88,"column":4},"end":{"line":88,"column":null}},"22":{"start":{"line":90,"column":4},"end":{"line":90,"column":null}},"23":{"start":{"line":93,"column":2},"end":{"line":93,"column":null}},"24":{"start":{"line":94,"column":2},"end":{"line":94,"column":null}},"25":{"start":{"line":98,"column":2},"end":{"line":98,"column":null}},"26":{"start":{"line":102,"column":2},"end":{"line":115,"column":null}},"27":{"start":{"line":119,"column":16},"end":{"line":119,"column":57}},"28":{"start":{"line":120,"column":2},"end":{"line":123,"column":null}},"29":{"start":{"line":127,"column":22},"end":{"line":127,"column":35}},"30":{"start":{"line":128,"column":8},"end":{"line":128,"column":32}},"31":{"start":{"line":130,"column":2},"end":{"line":131,"column":null}},"32":{"start":{"line":131,"column":4},"end":{"line":131,"column":null}},"33":{"start":{"line":134,"column":2},"end":{"line":134,"column":null}},"34":{"start":{"line":135,"column":2},"end":{"line":135,"column":null}},"35":{"start":{"line":136,"column":2},"end":{"line":139,"column":null}},"36":{"start":{"line":137,"column":4},"end":{"line":137,"column":null}},"37":{"start":{"line":139,"column":4},"end":{"line":139,"column":null}},"38":{"start":{"line":144,"column":18},"end":{"line":144,"column":31}},"39":{"start":{"line":145,"column":2},"end":{"line":145,"column":null}},"40":{"start":{"line":145,"column":16},"end":{"line":145,"column":null}},"41":{"start":{"line":148,"column":19},"end":{"line":148,"column":null}},"42":{"start":{"line":149,"column":2},"end":{"line":149,"column":null}},"43":{"start":{"line":151,"column":2},"end":{"line":152,"column":null}},"44":{"start":{"line":152,"column":4},"end":{"line":152,"column":null}},"45":{"start":{"line":155,"column":20},"end":{"line":155,"column":30}},"46":{"start":{"line":157,"column":2},"end":{"line":287,"column":null}},"47":{"start":{"line":158,"column":4},"end":{"line":281,"column":null}},"48":{"start":{"line":160,"column":8},"end":{"line":176,"column":null}},"49":{"start":{"line":161,"column":10},"end":{"line":171,"column":null}},"50":{"start":{"line":162,"column":12},"end":{"line":162,"column":null}},"51":{"start":{"line":163,"column":12},"end":{"line":169,"column":null}},"52":{"start":{"line":165,"column":32},"end":{"line":165,"column":58}},"53":{"start":{"line":167,"column":16},"end":{"line":167,"column":null}},"54":{"start":{"line":167,"column":35},"end":{"line":167,"column":null}},"55":{"start":{"line":170,"column":12},"end":{"line":170,"column":null}},"56":{"start":{"line":173,"column":25},"end":{"line":175,"column":null}},"57":{"start":{"line":174,"column":12},"end":{"line":174,"column":null}},"58":{"start":{"line":176,"column":10},"end":{"line":176,"column":null}},"59":{"start":{"line":178,"column":8},"end":{"line":178,"column":null}},"60":{"start":{"line":182,"column":8},"end":{"line":182,"column":null}},"61":{"start":{"line":183,"column":23},"end":{"line":185,"column":null}},"62":{"start":{"line":184,"column":10},"end":{"line":184,"column":null}},"63":{"start":{"line":186,"column":8},"end":{"line":186,"column":null}},"64":{"start":{"line":187,"column":8},"end":{"line":187,"column":null}},"65":{"start":{"line":191,"column":8},"end":{"line":191,"column":null}},"66":{"start":{"line":192,"column":23},"end":{"line":194,"column":null}},"67":{"start":{"line":193,"column":10},"end":{"line":193,"column":null}},"68":{"start":{"line":195,"column":8},"end":{"line":195,"column":null}},"69":{"start":{"line":196,"column":8},"end":{"line":196,"column":null}},"70":{"start":{"line":200,"column":8},"end":{"line":200,"column":null}},"71":{"start":{"line":201,"column":23},"end":{"line":203,"column":null}},"72":{"start":{"line":202,"column":10},"end":{"line":202,"column":null}},"73":{"start":{"line":204,"column":8},"end":{"line":204,"column":null}},"74":{"start":{"line":205,"column":8},"end":{"line":205,"column":null}},"75":{"start":{"line":209,"column":8},"end":{"line":209,"column":null}},"76":{"start":{"line":210,"column":33},"end":{"line":210,"column":35}},"77":{"start":{"line":211,"column":36},"end":{"line":211,"column":38}},"78":{"start":{"line":212,"column":27},"end":{"line":212,"column":null}},"79":{"start":{"line":214,"column":23},"end":{"line":235,"column":null}},"80":{"start":{"line":215,"column":10},"end":{"line":234,"column":null}},"81":{"start":{"line":218,"column":14},"end":{"line":218,"column":null}},"82":{"start":{"line":219,"column":14},"end":{"line":219,"column":null}},"83":{"start":{"line":220,"column":14},"end":{"line":220,"column":null}},"84":{"start":{"line":223,"column":14},"end":{"line":223,"column":null}},"85":{"start":{"line":224,"column":14},"end":{"line":226,"column":null}},"86":{"start":{"line":225,"column":34},"end":{"line":225,"column":76}},"87":{"start":{"line":226,"column":16},"end":{"line":226,"column":null}},"88":{"start":{"line":230,"column":14},"end":{"line":231,"column":null}},"89":{"start":{"line":231,"column":16},"end":{"line":231,"column":null}},"90":{"start":{"line":237,"column":25},"end":{"line":237,"column":null}},"91":{"start":{"line":239,"column":8},"end":{"line":239,"column":null}},"92":{"start":{"line":240,"column":8},"end":{"line":240,"column":null}},"93":{"start":{"line":242,"column":8},"end":{"line":251,"column":null}},"94":{"start":{"line":243,"column":10},"end":{"line":243,"column":null}},"95":{"start":{"line":244,"column":10},"end":{"line":245,"column":null}},"96":{"start":{"line":245,"column":12},"end":{"line":245,"column":null}},"97":{"start":{"line":247,"column":10},"end":{"line":248,"column":null}},"98":{"start":{"line":248,"column":12},"end":{"line":248,"column":null}},"99":{"start":{"line":251,"column":10},"end":{"line":251,"column":null}},"100":{"start":{"line":255,"column":8},"end":{"line":255,"column":null}},"101":{"start":{"line":256,"column":8},"end":{"line":256,"column":null}},"102":{"start":{"line":257,"column":8},"end":{"line":257,"column":null}},"103":{"start":{"line":258,"column":8},"end":{"line":258,"column":null}},"104":{"start":{"line":259,"column":8},"end":{"line":259,"column":null}},"105":{"start":{"line":260,"column":8},"end":{"line":260,"column":null}},"106":{"start":{"line":261,"column":8},"end":{"line":261,"column":null}},"107":{"start":{"line":262,"column":8},"end":{"line":262,"column":null}},"108":{"start":{"line":264,"column":8},"end":{"line":271,"column":null}},"109":{"start":{"line":265,"column":10},"end":{"line":265,"column":null}},"110":{"start":{"line":266,"column":53},"end":{"line":266,"column":55}},"111":{"start":{"line":267,"column":10},"end":{"line":268,"column":null}},"112":{"start":{"line":268,"column":12},"end":{"line":268,"column":null}},"113":{"start":{"line":270,"column":10},"end":{"line":271,"column":null}},"114":{"start":{"line":271,"column":12},"end":{"line":271,"column":null}},"115":{"start":{"line":275,"column":8},"end":{"line":275,"column":null}},"116":{"start":{"line":277,"column":26},"end":{"line":277,"column":null}},"117":{"start":{"line":278,"column":8},"end":{"line":279,"column":null}},"118":{"start":{"line":279,"column":10},"end":{"line":279,"column":null}},"119":{"start":{"line":281,"column":8},"end":{"line":281,"column":null}},"120":{"start":{"line":285,"column":16},"end":{"line":285,"column":73}},"121":{"start":{"line":286,"column":4},"end":{"line":286,"column":null}},"122":{"start":{"line":287,"column":4},"end":{"line":287,"column":null}},"123":{"start":{"line":292,"column":24},"end":{"line":292,"column":42}},"124":{"start":{"line":294,"column":2},"end":{"line":460,"column":null}},"125":{"start":{"line":296,"column":6},"end":{"line":296,"column":null}},"126":{"start":{"line":297,"column":6},"end":{"line":297,"column":null}},"127":{"start":{"line":301,"column":6},"end":{"line":301,"column":null}},"128":{"start":{"line":304,"column":6},"end":{"line":304,"column":null}},"129":{"start":{"line":305,"column":23},"end":{"line":305,"column":null}},"130":{"start":{"line":306,"column":6},"end":{"line":314,"column":null}},"131":{"start":{"line":307,"column":8},"end":{"line":307,"column":null}},"132":{"start":{"line":308,"column":8},"end":{"line":308,"column":null}},"133":{"start":{"line":309,"column":8},"end":{"line":309,"column":null}},"134":{"start":{"line":310,"column":8},"end":{"line":310,"column":null}},"135":{"start":{"line":311,"column":8},"end":{"line":311,"column":null}},"136":{"start":{"line":312,"column":8},"end":{"line":312,"column":null}},"137":{"start":{"line":314,"column":8},"end":{"line":314,"column":null}},"138":{"start":{"line":316,"column":6},"end":{"line":316,"column":null}},"139":{"start":{"line":317,"column":6},"end":{"line":317,"column":null}},"140":{"start":{"line":318,"column":6},"end":{"line":318,"column":null}},"141":{"start":{"line":319,"column":6},"end":{"line":319,"column":null}},"142":{"start":{"line":323,"column":6},"end":{"line":323,"column":null}},"143":{"start":{"line":324,"column":6},"end":{"line":324,"column":null}},"144":{"start":{"line":325,"column":6},"end":{"line":325,"column":null}},"145":{"start":{"line":326,"column":6},"end":{"line":326,"column":null}},"146":{"start":{"line":327,"column":6},"end":{"line":327,"column":null}},"147":{"start":{"line":329,"column":23},"end":{"line":329,"column":null}},"148":{"start":{"line":330,"column":6},"end":{"line":333,"column":null}},"149":{"start":{"line":331,"column":8},"end":{"line":331,"column":null}},"150":{"start":{"line":332,"column":8},"end":{"line":332,"column":null}},"151":{"start":{"line":333,"column":8},"end":{"line":333,"column":null}},"152":{"start":{"line":335,"column":6},"end":{"line":335,"column":null}},"153":{"start":{"line":336,"column":6},"end":{"line":336,"column":null}},"154":{"start":{"line":340,"column":19},"end":{"line":340,"column":40}},"155":{"start":{"line":341,"column":6},"end":{"line":343,"column":null}},"156":{"start":{"line":342,"column":8},"end":{"line":342,"column":null}},"157":{"start":{"line":343,"column":8},"end":{"line":343,"column":null}},"158":{"start":{"line":345,"column":27},"end":{"line":345,"column":null}},"159":{"start":{"line":346,"column":6},"end":{"line":346,"column":null}},"160":{"start":{"line":347,"column":6},"end":{"line":347,"column":null}},"161":{"start":{"line":348,"column":6},"end":{"line":348,"column":null}},"162":{"start":{"line":349,"column":6},"end":{"line":349,"column":null}},"163":{"start":{"line":353,"column":19},"end":{"line":353,"column":null}},"164":{"start":{"line":354,"column":6},"end":{"line":356,"column":null}},"165":{"start":{"line":355,"column":8},"end":{"line":355,"column":null}},"166":{"start":{"line":356,"column":8},"end":{"line":356,"column":null}},"167":{"start":{"line":358,"column":6},"end":{"line":358,"column":null}},"168":{"start":{"line":359,"column":6},"end":{"line":359,"column":null}},"169":{"start":{"line":360,"column":6},"end":{"line":360,"column":null}},"170":{"start":{"line":364,"column":20},"end":{"line":364,"column":42}},"171":{"start":{"line":365,"column":6},"end":{"line":367,"column":null}},"172":{"start":{"line":366,"column":8},"end":{"line":366,"column":null}},"173":{"start":{"line":367,"column":8},"end":{"line":367,"column":null}},"174":{"start":{"line":369,"column":6},"end":{"line":369,"column":null}},"175":{"start":{"line":370,"column":6},"end":{"line":370,"column":null}},"176":{"start":{"line":371,"column":6},"end":{"line":371,"column":null}},"177":{"start":{"line":375,"column":20},"end":{"line":375,"column":42}},"178":{"start":{"line":376,"column":6},"end":{"line":378,"column":null}},"179":{"start":{"line":377,"column":8},"end":{"line":377,"column":null}},"180":{"start":{"line":378,"column":8},"end":{"line":378,"column":null}},"181":{"start":{"line":380,"column":6},"end":{"line":380,"column":null}},"182":{"start":{"line":381,"column":6},"end":{"line":381,"column":null}},"183":{"start":{"line":382,"column":6},"end":{"line":382,"column":null}},"184":{"start":{"line":386,"column":20},"end":{"line":386,"column":null}},"185":{"start":{"line":387,"column":6},"end":{"line":389,"column":null}},"186":{"start":{"line":388,"column":8},"end":{"line":388,"column":null}},"187":{"start":{"line":389,"column":8},"end":{"line":389,"column":null}},"188":{"start":{"line":391,"column":6},"end":{"line":391,"column":null}},"189":{"start":{"line":392,"column":6},"end":{"line":392,"column":null}},"190":{"start":{"line":393,"column":6},"end":{"line":393,"column":null}},"191":{"start":{"line":397,"column":22},"end":{"line":397,"column":43}},"192":{"start":{"line":398,"column":6},"end":{"line":400,"column":null}},"193":{"start":{"line":399,"column":8},"end":{"line":399,"column":null}},"194":{"start":{"line":400,"column":8},"end":{"line":400,"column":null}},"195":{"start":{"line":402,"column":12},"end":{"line":402,"column":39}},"196":{"start":{"line":403,"column":6},"end":{"line":405,"column":null}},"197":{"start":{"line":404,"column":8},"end":{"line":404,"column":null}},"198":{"start":{"line":405,"column":8},"end":{"line":405,"column":null}},"199":{"start":{"line":407,"column":6},"end":{"line":407,"column":null}},"200":{"start":{"line":408,"column":6},"end":{"line":408,"column":null}},"201":{"start":{"line":409,"column":6},"end":{"line":409,"column":null}},"202":{"start":{"line":413,"column":19},"end":{"line":413,"column":null}},"203":{"start":{"line":414,"column":21},"end":{"line":414,"column":null}},"204":{"start":{"line":415,"column":6},"end":{"line":417,"column":null}},"205":{"start":{"line":416,"column":8},"end":{"line":416,"column":null}},"206":{"start":{"line":417,"column":8},"end":{"line":417,"column":null}},"207":{"start":{"line":419,"column":17},"end":{"line":419,"column":48}},"208":{"start":{"line":420,"column":6},"end":{"line":427,"column":null}},"209":{"start":{"line":421,"column":8},"end":{"line":421,"column":null}},"210":{"start":{"line":422,"column":28},"end":{"line":422,"column":null}},"211":{"start":{"line":423,"column":8},"end":{"line":424,"column":null}},"212":{"start":{"line":424,"column":10},"end":{"line":424,"column":null}},"213":{"start":{"line":427,"column":8},"end":{"line":427,"column":null}},"214":{"start":{"line":429,"column":6},"end":{"line":429,"column":null}},"215":{"start":{"line":433,"column":24},"end":{"line":433,"column":45}},"216":{"start":{"line":434,"column":6},"end":{"line":436,"column":null}},"217":{"start":{"line":435,"column":8},"end":{"line":435,"column":null}},"218":{"start":{"line":436,"column":8},"end":{"line":436,"column":null}},"219":{"start":{"line":439,"column":6},"end":{"line":439,"column":null}},"220":{"start":{"line":440,"column":6},"end":{"line":447,"column":null}},"221":{"start":{"line":441,"column":23},"end":{"line":441,"column":null}},"222":{"start":{"line":442,"column":23},"end":{"line":442,"column":null}},"223":{"start":{"line":443,"column":26},"end":{"line":443,"column":null}},"224":{"start":{"line":444,"column":29},"end":{"line":444,"column":null}},"225":{"start":{"line":445,"column":8},"end":{"line":445,"column":null}},"226":{"start":{"line":446,"column":8},"end":{"line":447,"column":null}},"227":{"start":{"line":447,"column":10},"end":{"line":447,"column":null}},"228":{"start":{"line":450,"column":6},"end":{"line":450,"column":null}},"229":{"start":{"line":451,"column":6},"end":{"line":451,"column":null}},"230":{"start":{"line":455,"column":6},"end":{"line":455,"column":null}},"231":{"start":{"line":456,"column":6},"end":{"line":456,"column":null}},"232":{"start":{"line":459,"column":6},"end":{"line":459,"column":null}},"233":{"start":{"line":460,"column":6},"end":{"line":460,"column":null}},"234":{"start":{"line":465,"column":2},"end":{"line":465,"column":null}},"235":{"start":{"line":467,"column":8},"end":{"line":470,"column":4}},"236":{"start":{"line":472,"column":2},"end":{"line":488,"column":null}},"237":{"start":{"line":473,"column":4},"end":{"line":485,"column":null}},"238":{"start":{"line":474,"column":19},"end":{"line":474,"column":60}},"239":{"start":{"line":475,"column":22},"end":{"line":475,"column":33}},"240":{"start":{"line":477,"column":6},"end":{"line":477,"column":null}},"241":{"start":{"line":477,"column":20},"end":{"line":477,"column":null}},"242":{"start":{"line":479,"column":6},"end":{"line":482,"column":null}},"243":{"start":{"line":480,"column":31},"end":{"line":480,"column":59}},"244":{"start":{"line":481,"column":8},"end":{"line":481,"column":null}},"245":{"start":{"line":481,"column":29},"end":{"line":481,"column":null}},"246":{"start":{"line":482,"column":8},"end":{"line":482,"column":null}},"247":{"start":{"line":485,"column":6},"end":{"line":485,"column":null}},"248":{"start":{"line":488,"column":4},"end":{"line":488,"column":null}},"249":{"start":{"line":491,"column":2},"end":{"line":491,"column":null}},"250":{"start":{"line":494,"column":0},"end":{"line":501,"column":null}},"251":{"start":{"line":495,"column":18},"end":{"line":495,"column":72}},"252":{"start":{"line":496,"column":2},"end":{"line":496,"column":null}},"253":{"start":{"line":497,"column":2},"end":{"line":498,"column":null}},"254":{"start":{"line":498,"column":4},"end":{"line":498,"column":null}},"255":{"start":{"line":500,"column":2},"end":{"line":500,"column":null}}},"fnMap":{"0":{"name":"debug","decl":{"start":{"line":18,"column":9},"end":{"line":18,"column":15}},"loc":{"start":{"line":18,"column":41},"end":{"line":20,"column":null}},"line":18},"1":{"name":"log","decl":{"start":{"line":24,"column":9},"end":{"line":24,"column":13}},"loc":{"start":{"line":24,"column":39},"end":{"line":25,"column":null}},"line":24},"2":{"name":"logPhase","decl":{"start":{"line":28,"column":9},"end":{"line":28,"column":18}},"loc":{"start":{"line":28,"column":56},"end":{"line":30,"column":null}},"line":28},"3":{"name":"logSuccess","decl":{"start":{"line":33,"column":9},"end":{"line":33,"column":20}},"loc":{"start":{"line":33,"column":43},"end":{"line":34,"column":null}},"line":33},"4":{"name":"logError","decl":{"start":{"line":37,"column":9},"end":{"line":37,"column":18}},"loc":{"start":{"line":37,"column":56},"end":{"line":40,"column":null}},"line":37},"5":{"name":"logInfo","decl":{"start":{"line":44,"column":9},"end":{"line":44,"column":17}},"loc":{"start":{"line":44,"column":40},"end":{"line":45,"column":null}},"line":44},"6":{"name":"printBanner","decl":{"start":{"line":68,"column":9},"end":{"line":68,"column":29}},"loc":{"start":{"line":68,"column":29},"end":{"line":94,"column":null}},"line":68},"7":{"name":"printState","decl":{"start":{"line":97,"column":9},"end":{"line":97,"column":28}},"loc":{"start":{"line":97,"column":28},"end":{"line":98,"column":null}},"line":97},"8":{"name":"printHelp","decl":{"start":{"line":101,"column":9},"end":{"line":101,"column":27}},"loc":{"start":{"line":101,"column":27},"end":{"line":115,"column":null}},"line":101},"9":{"name":"parseCommand","decl":{"start":{"line":118,"column":9},"end":{"line":118,"column":22}},"loc":{"start":{"line":118,"column":70},"end":{"line":123,"column":null}},"line":118},"10":{"name":"runWithCwd","decl":{"start":{"line":126,"column":15},"end":{"line":126,"column":29}},"loc":{"start":{"line":126,"column":76},"end":{"line":139,"column":null}},"line":126},"11":{"name":"executePrompt","decl":{"start":{"line":143,"column":15},"end":{"line":143,"column":29}},"loc":{"start":{"line":143,"column":60},"end":{"line":287,"column":null}},"line":143},"12":{"name":"(anonymous_12)","decl":{"start":{"line":161,"column":38},"end":{"line":161,"column":50}},"loc":{"start":{"line":161,"column":50},"end":{"line":171,"column":null}},"line":161},"13":{"name":"(anonymous_13)","decl":{"start":{"line":165,"column":14},"end":{"line":165,"column":23}},"loc":{"start":{"line":165,"column":32},"end":{"line":165,"column":58}},"line":165},"14":{"name":"(anonymous_14)","decl":{"start":{"line":166,"column":14},"end":{"line":166,"column":23}},"loc":{"start":{"line":166,"column":32},"end":{"line":167,"column":null}},"line":166},"15":{"name":"(anonymous_15)","decl":{"start":{"line":173,"column":53},"end":{"line":173,"column":65}},"loc":{"start":{"line":173,"column":65},"end":{"line":175,"column":null}},"line":173},"16":{"name":"(anonymous_16)","decl":{"start":{"line":183,"column":51},"end":{"line":183,"column":63}},"loc":{"start":{"line":183,"column":63},"end":{"line":185,"column":null}},"line":183},"17":{"name":"(anonymous_17)","decl":{"start":{"line":192,"column":51},"end":{"line":192,"column":63}},"loc":{"start":{"line":192,"column":63},"end":{"line":194,"column":null}},"line":192},"18":{"name":"(anonymous_18)","decl":{"start":{"line":201,"column":51},"end":{"line":201,"column":63}},"loc":{"start":{"line":201,"column":63},"end":{"line":203,"column":null}},"line":201},"19":{"name":"(anonymous_19)","decl":{"start":{"line":214,"column":51},"end":{"line":214,"column":63}},"loc":{"start":{"line":214,"column":63},"end":{"line":235,"column":null}},"line":214},"20":{"name":"(anonymous_20)","decl":{"start":{"line":217,"column":12},"end":{"line":217,"column":22}},"loc":{"start":{"line":217,"column":41},"end":{"line":220,"column":null}},"line":217},"21":{"name":"(anonymous_21)","decl":{"start":{"line":222,"column":12},"end":{"line":222,"column":21}},"loc":{"start":{"line":222,"column":30},"end":{"line":226,"column":null}},"line":222},"22":{"name":"(anonymous_22)","decl":{"start":{"line":229,"column":12},"end":{"line":229,"column":21}},"loc":{"start":{"line":229,"column":30},"end":{"line":231,"column":null}},"line":229},"23":{"name":"handleCommand","decl":{"start":{"line":291,"column":15},"end":{"line":291,"column":29}},"loc":{"start":{"line":291,"column":61},"end":{"line":460,"column":null}},"line":291},"24":{"name":"main","decl":{"start":{"line":464,"column":15},"end":{"line":464,"column":37}},"loc":{"start":{"line":464,"column":37},"end":{"line":491,"column":null}},"line":464},"25":{"name":"(anonymous_25)","decl":{"start":{"line":494,"column":7},"end":{"line":494,"column":14}},"loc":{"start":{"line":494,"column":24},"end":{"line":501,"column":null}},"line":494}},"branchMap":{"0":{"loc":{"start":{"line":16,"column":14},"end":{"line":16,"column":75}},"type":"binary-expr","locations":[{"start":{"line":16,"column":14},"end":{"line":16,"column":43}},{"start":{"line":16,"column":43},"end":{"line":16,"column":75}}],"line":16},"1":{"loc":{"start":{"line":19,"column":2},"end":{"line":20,"column":null}},"type":"if","locations":[{"start":{"line":19,"column":2},"end":{"line":20,"column":null}},{"start":{},"end":{}}],"line":19},"2":{"loc":{"start":{"line":39,"column":2},"end":{"line":40,"column":null}},"type":"if","locations":[{"start":{"line":39,"column":2},"end":{"line":40,"column":null}},{"start":{},"end":{}}],"line":39},"3":{"loc":{"start":{"line":39,"column":6},"end":{"line":39,"column":22}},"type":"binary-expr","locations":[{"start":{"line":39,"column":6},"end":{"line":39,"column":15}},{"start":{"line":39,"column":15},"end":{"line":39,"column":22}}],"line":39},"4":{"loc":{"start":{"line":73,"column":2},"end":{"line":83,"column":null}},"type":"if","locations":[{"start":{"line":73,"column":2},"end":{"line":83,"column":null}},{"start":{"line":81,"column":9},"end":{"line":83,"column":null}}],"line":73},"5":{"loc":{"start":{"line":87,"column":2},"end":{"line":90,"column":null}},"type":"if","locations":[{"start":{"line":87,"column":2},"end":{"line":90,"column":null}},{"start":{"line":89,"column":9},"end":{"line":90,"column":null}}],"line":87},"6":{"loc":{"start":{"line":130,"column":2},"end":{"line":131,"column":null}},"type":"if","locations":[{"start":{"line":130,"column":2},"end":{"line":131,"column":null}},{"start":{},"end":{}}],"line":130},"7":{"loc":{"start":{"line":130,"column":6},"end":{"line":130,"column":66}},"type":"binary-expr","locations":[{"start":{"line":130,"column":6},"end":{"line":130,"column":28}},{"start":{"line":130,"column":32},"end":{"line":130,"column":66}}],"line":130},"8":{"loc":{"start":{"line":145,"column":2},"end":{"line":145,"column":null}},"type":"if","locations":[{"start":{"line":145,"column":2},"end":{"line":145,"column":null}},{"start":{},"end":{}}],"line":145},"9":{"loc":{"start":{"line":149,"column":54},"end":{"line":149,"column":89}},"type":"cond-expr","locations":[{"start":{"line":149,"column":76},"end":{"line":149,"column":84}},{"start":{"line":149,"column":84},"end":{"line":149,"column":89}}],"line":149},"10":{"loc":{"start":{"line":151,"column":2},"end":{"line":152,"column":null}},"type":"if","locations":[{"start":{"line":151,"column":2},"end":{"line":152,"column":null}},{"start":{},"end":{}}],"line":151},"11":{"loc":{"start":{"line":158,"column":4},"end":{"line":281,"column":null}},"type":"switch","locations":[{"start":{"line":159,"column":6},"end":{"line":178,"column":null}},{"start":{"line":181,"column":6},"end":{"line":187,"column":null}},{"start":{"line":190,"column":6},"end":{"line":196,"column":null}},{"start":{"line":199,"column":6},"end":{"line":205,"column":null}},{"start":{"line":208,"column":6},"end":{"line":281,"column":null}}],"line":158},"12":{"loc":{"start":{"line":160,"column":8},"end":{"line":176,"column":null}},"type":"if","locations":[{"start":{"line":160,"column":8},"end":{"line":176,"column":null}},{"start":{"line":172,"column":15},"end":{"line":176,"column":null}}],"line":160},"13":{"loc":{"start":{"line":167,"column":16},"end":{"line":167,"column":null}},"type":"if","locations":[{"start":{"line":167,"column":16},"end":{"line":167,"column":null}},{"start":{},"end":{}}],"line":167},"14":{"loc":{"start":{"line":224,"column":14},"end":{"line":226,"column":null}},"type":"if","locations":[{"start":{"line":224,"column":14},"end":{"line":226,"column":null}},{"start":{},"end":{}}],"line":224},"15":{"loc":{"start":{"line":230,"column":14},"end":{"line":231,"column":null}},"type":"if","locations":[{"start":{"line":230,"column":14},"end":{"line":231,"column":null}},{"start":{},"end":{}}],"line":230},"16":{"loc":{"start":{"line":242,"column":8},"end":{"line":251,"column":null}},"type":"if","locations":[{"start":{"line":242,"column":8},"end":{"line":251,"column":null}},{"start":{"line":250,"column":15},"end":{"line":251,"column":null}}],"line":242},"17":{"loc":{"start":{"line":243,"column":37},"end":{"line":243,"column":62}},"type":"binary-expr","locations":[{"start":{"line":243,"column":37},"end":{"line":243,"column":53}},{"start":{"line":243,"column":53},"end":{"line":243,"column":62}}],"line":243},"18":{"loc":{"start":{"line":244,"column":10},"end":{"line":245,"column":null}},"type":"if","locations":[{"start":{"line":244,"column":10},"end":{"line":245,"column":null}},{"start":{},"end":{}}],"line":244},"19":{"loc":{"start":{"line":247,"column":10},"end":{"line":248,"column":null}},"type":"if","locations":[{"start":{"line":247,"column":10},"end":{"line":248,"column":null}},{"start":{},"end":{}}],"line":247},"20":{"loc":{"start":{"line":257,"column":31},"end":{"line":257,"column":78}},"type":"cond-expr","locations":[{"start":{"line":257,"column":66},"end":{"line":257,"column":72}},{"start":{"line":257,"column":72},"end":{"line":257,"column":78}}],"line":257},"21":{"loc":{"start":{"line":258,"column":31},"end":{"line":258,"column":75}},"type":"cond-expr","locations":[{"start":{"line":258,"column":63},"end":{"line":258,"column":69}},{"start":{"line":258,"column":69},"end":{"line":258,"column":75}}],"line":258},"22":{"loc":{"start":{"line":259,"column":34},"end":{"line":259,"column":90}},"type":"binary-expr","locations":[{"start":{"line":259,"column":34},"end":{"line":259,"column":78}},{"start":{"line":259,"column":82},"end":{"line":259,"column":90}}],"line":259},"23":{"loc":{"start":{"line":264,"column":8},"end":{"line":271,"column":null}},"type":"if","locations":[{"start":{"line":264,"column":8},"end":{"line":271,"column":null}},{"start":{},"end":{}}],"line":264},"24":{"loc":{"start":{"line":264,"column":12},"end":{"line":264,"column":51}},"type":"binary-expr","locations":[{"start":{"line":264,"column":12},"end":{"line":264,"column":36}},{"start":{"line":264,"column":36},"end":{"line":264,"column":51}}],"line":264},"25":{"loc":{"start":{"line":268,"column":32},"end":{"line":268,"column":57}},"type":"binary-expr","locations":[{"start":{"line":268,"column":32},"end":{"line":268,"column":52}},{"start":{"line":268,"column":52},"end":{"line":268,"column":57}}],"line":268},"26":{"loc":{"start":{"line":277,"column":26},"end":{"line":277,"column":null}},"type":"binary-expr","locations":[{"start":{"line":277,"column":26},"end":{"line":277,"column":56}},{"start":{"line":277,"column":56},"end":{"line":277,"column":86}},{"start":{"line":277,"column":86},"end":{"line":277,"column":null}}],"line":277},"27":{"loc":{"start":{"line":278,"column":8},"end":{"line":279,"column":null}},"type":"if","locations":[{"start":{"line":278,"column":8},"end":{"line":279,"column":null}},{"start":{},"end":{}}],"line":278},"28":{"loc":{"start":{"line":279,"column":77},"end":{"line":279,"column":113}},"type":"cond-expr","locations":[{"start":{"line":279,"column":102},"end":{"line":279,"column":110}},{"start":{"line":279,"column":110},"end":{"line":279,"column":113}}],"line":279},"29":{"loc":{"start":{"line":285,"column":16},"end":{"line":285,"column":73}},"type":"cond-expr","locations":[{"start":{"line":285,"column":41},"end":{"line":285,"column":49}},{"start":{"line":285,"column":49},"end":{"line":285,"column":73}}],"line":285},"30":{"loc":{"start":{"line":294,"column":2},"end":{"line":460,"column":null}},"type":"switch","locations":[{"start":{"line":295,"column":4},"end":{"line":297,"column":null}},{"start":{"line":299,"column":4},"end":{"line":299,"column":null}},{"start":{"line":300,"column":4},"end":{"line":301,"column":null}},{"start":{"line":303,"column":4},"end":{"line":319,"column":null}},{"start":{"line":322,"column":4},"end":{"line":336,"column":null}},{"start":{"line":339,"column":4},"end":{"line":349,"column":null}},{"start":{"line":352,"column":4},"end":{"line":360,"column":null}},{"start":{"line":363,"column":4},"end":{"line":371,"column":null}},{"start":{"line":374,"column":4},"end":{"line":382,"column":null}},{"start":{"line":385,"column":4},"end":{"line":393,"column":null}},{"start":{"line":396,"column":4},"end":{"line":409,"column":null}},{"start":{"line":412,"column":4},"end":{"line":429,"column":null}},{"start":{"line":432,"column":4},"end":{"line":451,"column":null}},{"start":{"line":454,"column":4},"end":{"line":456,"column":null}},{"start":{"line":458,"column":4},"end":{"line":460,"column":null}}],"line":294},"31":{"loc":{"start":{"line":306,"column":6},"end":{"line":314,"column":null}},"type":"if","locations":[{"start":{"line":306,"column":6},"end":{"line":314,"column":null}},{"start":{"line":313,"column":13},"end":{"line":314,"column":null}}],"line":306},"32":{"loc":{"start":{"line":311,"column":34},"end":{"line":311,"column":107}},"type":"cond-expr","locations":[{"start":{"line":311,"column":53},"end":{"line":311,"column":97}},{"start":{"line":311,"column":97},"end":{"line":311,"column":107}}],"line":311},"33":{"loc":{"start":{"line":312,"column":32},"end":{"line":312,"column":59}},"type":"binary-expr","locations":[{"start":{"line":312,"column":32},"end":{"line":312,"column":50}},{"start":{"line":312,"column":50},"end":{"line":312,"column":59}}],"line":312},"34":{"loc":{"start":{"line":316,"column":34},"end":{"line":316,"column":80}},"type":"cond-expr","locations":[{"start":{"line":316,"column":64},"end":{"line":316,"column":72}},{"start":{"line":316,"column":72},"end":{"line":316,"column":80}}],"line":316},"35":{"loc":{"start":{"line":325,"column":27},"end":{"line":325,"column":57}},"type":"cond-expr","locations":[{"start":{"line":325,"column":43},"end":{"line":325,"column":50}},{"start":{"line":325,"column":50},"end":{"line":325,"column":57}}],"line":325},"36":{"loc":{"start":{"line":326,"column":27},"end":{"line":326,"column":49}},"type":"cond-expr","locations":[{"start":{"line":326,"column":35},"end":{"line":326,"column":42}},{"start":{"line":326,"column":42},"end":{"line":326,"column":49}}],"line":326},"37":{"loc":{"start":{"line":330,"column":6},"end":{"line":333,"column":null}},"type":"if","locations":[{"start":{"line":330,"column":6},"end":{"line":333,"column":null}},{"start":{},"end":{}}],"line":330},"38":{"loc":{"start":{"line":333,"column":32},"end":{"line":333,"column":59}},"type":"binary-expr","locations":[{"start":{"line":333,"column":32},"end":{"line":333,"column":50}},{"start":{"line":333,"column":50},"end":{"line":333,"column":59}}],"line":333},"39":{"loc":{"start":{"line":341,"column":6},"end":{"line":343,"column":null}},"type":"if","locations":[{"start":{"line":341,"column":6},"end":{"line":343,"column":null}},{"start":{},"end":{}}],"line":341},"40":{"loc":{"start":{"line":354,"column":6},"end":{"line":356,"column":null}},"type":"if","locations":[{"start":{"line":354,"column":6},"end":{"line":356,"column":null}},{"start":{},"end":{}}],"line":354},"41":{"loc":{"start":{"line":354,"column":10},"end":{"line":354,"column":85}},"type":"binary-expr","locations":[{"start":{"line":354,"column":10},"end":{"line":354,"column":19}},{"start":{"line":354,"column":19},"end":{"line":354,"column":85}}],"line":354},"42":{"loc":{"start":{"line":365,"column":6},"end":{"line":367,"column":null}},"type":"if","locations":[{"start":{"line":365,"column":6},"end":{"line":367,"column":null}},{"start":{},"end":{}}],"line":365},"43":{"loc":{"start":{"line":365,"column":10},"end":{"line":365,"column":50}},"type":"binary-expr","locations":[{"start":{"line":365,"column":10},"end":{"line":365,"column":20}},{"start":{"line":365,"column":20},"end":{"line":365,"column":50}}],"line":365},"44":{"loc":{"start":{"line":366,"column":35},"end":{"line":366,"column":66}},"type":"cond-expr","locations":[{"start":{"line":366,"column":51},"end":{"line":366,"column":58}},{"start":{"line":366,"column":58},"end":{"line":366,"column":66}}],"line":366},"45":{"loc":{"start":{"line":370,"column":23},"end":{"line":370,"column":53}},"type":"cond-expr","locations":[{"start":{"line":370,"column":39},"end":{"line":370,"column":46}},{"start":{"line":370,"column":46},"end":{"line":370,"column":53}}],"line":370},"46":{"loc":{"start":{"line":376,"column":6},"end":{"line":378,"column":null}},"type":"if","locations":[{"start":{"line":376,"column":6},"end":{"line":378,"column":null}},{"start":{},"end":{}}],"line":376},"47":{"loc":{"start":{"line":376,"column":10},"end":{"line":376,"column":50}},"type":"binary-expr","locations":[{"start":{"line":376,"column":10},"end":{"line":376,"column":20}},{"start":{"line":376,"column":20},"end":{"line":376,"column":50}}],"line":376},"48":{"loc":{"start":{"line":387,"column":6},"end":{"line":389,"column":null}},"type":"if","locations":[{"start":{"line":387,"column":6},"end":{"line":389,"column":null}},{"start":{},"end":{}}],"line":387},"49":{"loc":{"start":{"line":387,"column":10},"end":{"line":387,"column":73}},"type":"binary-expr","locations":[{"start":{"line":387,"column":10},"end":{"line":387,"column":20}},{"start":{"line":387,"column":20},"end":{"line":387,"column":73}}],"line":387},"50":{"loc":{"start":{"line":398,"column":6},"end":{"line":400,"column":null}},"type":"if","locations":[{"start":{"line":398,"column":6},"end":{"line":400,"column":null}},{"start":{},"end":{}}],"line":398},"51":{"loc":{"start":{"line":403,"column":6},"end":{"line":405,"column":null}},"type":"if","locations":[{"start":{"line":403,"column":6},"end":{"line":405,"column":null}},{"start":{},"end":{}}],"line":403},"52":{"loc":{"start":{"line":403,"column":10},"end":{"line":403,"column":68}},"type":"binary-expr","locations":[{"start":{"line":403,"column":10},"end":{"line":403,"column":31}},{"start":{"line":403,"column":35},"end":{"line":403,"column":68}}],"line":403},"53":{"loc":{"start":{"line":415,"column":6},"end":{"line":417,"column":null}},"type":"if","locations":[{"start":{"line":415,"column":6},"end":{"line":417,"column":null}},{"start":{},"end":{}}],"line":415},"54":{"loc":{"start":{"line":420,"column":6},"end":{"line":427,"column":null}},"type":"if","locations":[{"start":{"line":420,"column":6},"end":{"line":427,"column":null}},{"start":{"line":426,"column":13},"end":{"line":427,"column":null}}],"line":420},"55":{"loc":{"start":{"line":423,"column":8},"end":{"line":424,"column":null}},"type":"if","locations":[{"start":{"line":423,"column":8},"end":{"line":424,"column":null}},{"start":{},"end":{}}],"line":423},"56":{"loc":{"start":{"line":434,"column":6},"end":{"line":436,"column":null}},"type":"if","locations":[{"start":{"line":434,"column":6},"end":{"line":436,"column":null}},{"start":{},"end":{}}],"line":434},"57":{"loc":{"start":{"line":443,"column":26},"end":{"line":443,"column":null}},"type":"cond-expr","locations":[{"start":{"line":443,"column":35},"end":{"line":443,"column":42}},{"start":{"line":443,"column":42},"end":{"line":443,"column":null}}],"line":443},"58":{"loc":{"start":{"line":444,"column":29},"end":{"line":444,"column":null}},"type":"cond-expr","locations":[{"start":{"line":444,"column":38},"end":{"line":444,"column":67}},{"start":{"line":444,"column":67},"end":{"line":444,"column":null}}],"line":444},"59":{"loc":{"start":{"line":445,"column":25},"end":{"line":445,"column":44}},"type":"cond-expr","locations":[{"start":{"line":445,"column":34},"end":{"line":445,"column":40}},{"start":{"line":445,"column":40},"end":{"line":445,"column":44}}],"line":445},"60":{"loc":{"start":{"line":446,"column":8},"end":{"line":447,"column":null}},"type":"if","locations":[{"start":{"line":446,"column":8},"end":{"line":447,"column":null}},{"start":{},"end":{}}],"line":446},"61":{"loc":{"start":{"line":446,"column":12},"end":{"line":446,"column":36}},"type":"binary-expr","locations":[{"start":{"line":446,"column":12},"end":{"line":446,"column":21}},{"start":{"line":446,"column":21},"end":{"line":446,"column":36}}],"line":446},"62":{"loc":{"start":{"line":477,"column":6},"end":{"line":477,"column":null}},"type":"if","locations":[{"start":{"line":477,"column":6},"end":{"line":477,"column":null}},{"start":{},"end":{}}],"line":477},"63":{"loc":{"start":{"line":479,"column":6},"end":{"line":482,"column":null}},"type":"if","locations":[{"start":{"line":479,"column":6},"end":{"line":482,"column":null}},{"start":{},"end":{}}],"line":479},"64":{"loc":{"start":{"line":481,"column":8},"end":{"line":481,"column":null}},"type":"if","locations":[{"start":{"line":481,"column":8},"end":{"line":481,"column":null}},{"start":{},"end":{}}],"line":481},"65":{"loc":{"start":{"line":495,"column":18},"end":{"line":495,"column":72}},"type":"cond-expr","locations":[{"start":{"line":495,"column":43},"end":{"line":495,"column":59}},{"start":{"line":495,"column":59},"end":{"line":495,"column":72}}],"line":495},"66":{"loc":{"start":{"line":497,"column":2},"end":{"line":498,"column":null}},"type":"if","locations":[{"start":{"line":497,"column":2},"end":{"line":498,"column":null}},{"start":{},"end":{}}],"line":497},"67":{"loc":{"start":{"line":497,"column":6},"end":{"line":497,"column":39}},"type":"binary-expr","locations":[{"start":{"line":497,"column":6},"end":{"line":497,"column":15}},{"start":{"line":497,"column":15},"end":{"line":497,"column":39}}],"line":497}},"s":{"0":0,"1":0,"2":0,"3":0,"4":0,"5":0,"6":0,"7":0,"8":0,"9":0,"10":0,"11":0,"12":0,"13":0,"14":0,"15":0,"16":0,"17":0,"18":0,"19":0,"20":0,"21":0,"22":0,"23":0,"24":0,"25":0,"26":0,"27":0,"28":0,"29":0,"30":0,"31":0,"32":0,"33":0,"34":0,"35":0,"36":0,"37":0,"38":0,"39":0,"40":0,"41":0,"42":0,"43":0,"44":0,"45":0,"46":0,"47":0,"48":0,"49":0,"50":0,"51":0,"52":0,"53":0,"54":0,"55":0,"56":0,"57":0,"58":0,"59":0,"60":0,"61":0,"62":0,"63":0,"64":0,"65":0,"66":0,"67":0,"68":0,"69":0,"70":0,"71":0,"72":0,"73":0,"74":0,"75":0,"76":0,"77":0,"78":0,"79":0,"80":0,"81":0,"82":0,"83":0,"84":0,"85":0,"86":0,"87":0,"88":0,"89":0,"90":0,"91":0,"92":0,"93":0,"94":0,"95":0,"96":0,"97":0,"98":0,"99":0,"100":0,"101":0,"102":0,"103":0,"104":0,"105":0,"106":0,"107":0,"108":0,"109":0,"110":0,"111":0,"112":0,"113":0,"114":0,"115":0,"116":0,"117":0,"118":0,"119":0,"120":0,"121":0,"122":0,"123":0,"124":0,"125":0,"126":0,"127":0,"128":0,"129":0,"130":0,"131":0,"132":0,"133":0,"134":0,"135":0,"136":0,"137":0,"138":0,"139":0,"140":0,"141":0,"142":0,"143":0,"144":0,"145":0,"146":0,"147":0,"148":0,"149":0,"150":0,"151":0,"152":0,"153":0,"154":0,"155":0,"156":0,"157":0,"158":0,"159":0,"160":0,"161":0,"162":0,"163":0,"164":0,"165":0,"166":0,"167":0,"168":0,"169":0,"170":0,"171":0,"172":0,"173":0,"174":0,"175":0,"176":0,"177":0,"178":0,"179":0,"180":0,"181":0,"182":0,"183":0,"184":0,"185":0,"186":0,"187":0,"188":0,"189":0,"190":0,"191":0,"192":0,"193":0,"194":0,"195":0,"196":0,"197":0,"198":0,"199":0,"200":0,"201":0,"202":0,"203":0,"204":0,"205":0,"206":0,"207":0,"208":0,"209":0,"210":0,"211":0,"212":0,"213":0,"214":0,"215":0,"216":0,"217":0,"218":0,"219":0,"220":0,"221":0,"222":0,"223":0,"224":0,"225":0,"226":0,"227":0,"228":0,"229":0,"230":0,"231":0,"232":0,"233":0,"234":0,"235":0,"236":0,"237":0,"238":0,"239":0,"240":0,"241":0,"242":0,"243":0,"244":0,"245":0,"246":0,"247":0,"248":0,"249":0,"250":0,"251":0,"252":0,"253":0,"254":0,"255":0},"f":{"0":0,"1":0,"2":0,"3":0,"4":0,"5":0,"6":0,"7":0,"8":0,"9":0,"10":0,"11":0,"12":0,"13":0,"14":0,"15":0,"16":0,"17":0,"18":0,"19":0,"20":0,"21":0,"22":0,"23":0,"24":0,"25":0},"b":{"0":[0,0],"1":[0,0],"2":[0,0],"3":[0,0],"4":[0,0],"5":[0,0],"6":[0,0],"7":[0,0],"8":[0,0],"9":[0,0],"10":[0,0],"11":[0,0,0,0,0],"12":[0,0],"13":[0,0],"14":[0,0],"15":[0,0],"16":[0,0],"17":[0,0],"18":[0,0],"19":[0,0],"20":[0,0],"21":[0,0],"22":[0,0],"23":[0,0],"24":[0,0],"25":[0,0],"26":[0,0,0],"27":[0,0],"28":[0,0],"29":[0,0],"30":[0,0,0,0,0,0,0,0,0,0,0,0,0,0,0],"31":[0,0],"32":[0,0],"33":[0,0],"34":[0,0],"35":[0,0],"36":[0,0],"37":[0,0],"38":[0,0],"39":[0,0],"40":[0,0],"41":[0,0],"42":[0,0],"43":[0,0],"44":[0,0],"45":[0,0],"46":[0,0],"47":[0,0],"48":[0,0],"49":[0,0],"50":[0,0],"51":[0,0],"52":[0,0],"53":[0,0],"54":[0,0],"55":[0,0],"56":[0,0],"57":[0,0],"58":[0,0],"59":[0,0],"60":[0,0],"61":[0,0],"62":[0,0],"63":[0,0],"64":[0,0],"65":[0,0],"66":[0,0],"67":[0,0]},"meta":{"lastBranch":68,"lastFunction":26,"lastStatement":256,"seen":{"s:16:14:16:75":0,"b:16:14:16:43:16:43:16:75":0,"f:18:9:18:15":0,"b:19:2:20:Infinity:undefined:undefined:undefined:undefined":1,"s:19:2:20:Infinity":1,"s:20:4:20:Infinity":2,"f:24:9:24:13":1,"s:25:2:25:Infinity":3,"f:28:9:28:18":2,"s:29:20:29:62":4,"s:30:2:30:Infinity":5,"f:33:9:33:20":3,"s:34:2:34:Infinity":6,"f:37:9:37:18":4,"s:38:2:38:Infinity":7,"b:39:2:40:Infinity:undefined:undefined:undefined:undefined":2,"s:39:2:40:Infinity":8,"b:39:6:39:15:39:15:39:22":3,"s:40:4:40:Infinity":9,"f:44:9:44:17":5,"s:45:2:45:Infinity":10,"s:58:6:58:24":11,"s:60:24:66:Infinity":12,"f:68:9:68:29":6,"s:69:2:69:Infinity":13,"s:72:19:72:Infinity":14,"b:73:2:83:Infinity:81:9:83:Infinity":4,"s:73:2:83:Infinity":15,"s:74:4:74:Infinity":16,"s:75:4:80:Infinity":17,"s:82:4:82:Infinity":18,"s:83:4:83:Infinity":19,"b:87:2:90:Infinity:89:9:90:Infinity":5,"s:87:2:90:Infinity":20,"s:88:4:88:Infinity":21,"s:90:4:90:Infinity":22,"s:93:2:93:Infinity":23,"s:94:2:94:Infinity":24,"f:97:9:97:28":7,"s:98:2:98:Infinity":25,"f:101:9:101:27":8,"s:102:2:115:Infinity":26,"f:118:9:118:22":9,"s:119:16:119:57":27,"s:120:2:123:Infinity":28,"f:126:15:126:29":10,"s:127:22:127:35":29,"s:128:8:128:32":30,"b:130:2:131:Infinity:undefined:undefined:undefined:undefined":6,"s:130:2:131:Infinity":31,"b:130:6:130:28:130:32:130:66":7,"s:131:4:131:Infinity":32,"s:134:2:134:Infinity":33,"s:135:2:135:Infinity":34,"s:136:2:139:Infinity":35,"s:137:4:137:Infinity":36,"s:139:4:139:Infinity":37,"f:143:15:143:29":11,"s:144:18:144:31":38,"b:145:2:145:Infinity:undefined:undefined:undefined:undefined":8,"s:145:2:145:Infinity":39,"s:145:16:145:Infinity":40,"s:148:19:148:Infinity":41,"s:149:2:149:Infinity":42,"b:149:76:149:84:149:84:149:89":9,"b:151:2:152:Infinity:undefined:undefined:undefined:undefined":10,"s:151:2:152:Infinity":43,"s:152:4:152:Infinity":44,"s:155:20:155:30":45,"s:157:2:287:Infinity":46,"b:159:6:178:Infinity:181:6:187:Infinity:190:6:196:Infinity:199:6:205:Infinity:208:6:281:Infinity":11,"s:158:4:281:Infinity":47,"b:160:8:176:Infinity:172:15:176:Infinity":12,"s:160:8:176:Infinity":48,"s:161:10:171:Infinity":49,"f:161:38:161:50":12,"s:162:12:162:Infinity":50,"s:163:12:169:Infinity":51,"f:165:14:165:23":13,"s:165:32:165:58":52,"f:166:14:166:23":14,"b:167:16:167:Infinity:undefined:undefined:undefined:undefined":13,"s:167:16:167:Infinity":53,"s:167:35:167:Infinity":54,"s:170:12:170:Infinity":55,"s:173:25:175:Infinity":56,"f:173:53:173:65":15,"s:174:12:174:Infinity":57,"s:176:10:176:Infinity":58,"s:178:8:178:Infinity":59,"s:182:8:182:Infinity":60,"s:183:23:185:Infinity":61,"f:183:51:183:63":16,"s:184:10:184:Infinity":62,"s:186:8:186:Infinity":63,"s:187:8:187:Infinity":64,"s:191:8:191:Infinity":65,"s:192:23:194:Infinity":66,"f:192:51:192:63":17,"s:193:10:193:Infinity":67,"s:195:8:195:Infinity":68,"s:196:8:196:Infinity":69,"s:200:8:200:Infinity":70,"s:201:23:203:Infinity":71,"f:201:51:201:63":18,"s:202:10:202:Infinity":72,"s:204:8:204:Infinity":73,"s:205:8:205:Infinity":74,"s:209:8:209:Infinity":75,"s:210:33:210:35":76,"s:211:36:211:38":77,"s:212:27:212:Infinity":78,"s:214:23:235:Infinity":79,"f:214:51:214:63":19,"s:215:10:234:Infinity":80,"f:217:12:217:22":20,"s:218:14:218:Infinity":81,"s:219:14:219:Infinity":82,"s:220:14:220:Infinity":83,"f:222:12:222:21":21,"s:223:14:223:Infinity":84,"b:224:14:226:Infinity:undefined:undefined:undefined:undefined":14,"s:224:14:226:Infinity":85,"s:225:34:225:76":86,"s:226:16:226:Infinity":87,"f:229:12:229:21":22,"b:230:14:231:Infinity:undefined:undefined:undefined:undefined":15,"s:230:14:231:Infinity":88,"s:231:16:231:Infinity":89,"s:237:25:237:Infinity":90,"s:239:8:239:Infinity":91,"s:240:8:240:Infinity":92,"b:242:8:251:Infinity:250:15:251:Infinity":16,"s:242:8:251:Infinity":93,"s:243:10:243:Infinity":94,"b:243:37:243:53:243:53:243:62":17,"b:244:10:245:Infinity:undefined:undefined:undefined:undefined":18,"s:244:10:245:Infinity":95,"s:245:12:245:Infinity":96,"b:247:10:248:Infinity:undefined:undefined:undefined:undefined":19,"s:247:10:248:Infinity":97,"s:248:12:248:Infinity":98,"s:251:10:251:Infinity":99,"s:255:8:255:Infinity":100,"s:256:8:256:Infinity":101,"s:257:8:257:Infinity":102,"b:257:66:257:72:257:72:257:78":20,"s:258:8:258:Infinity":103,"b:258:63:258:69:258:69:258:75":21,"s:259:8:259:Infinity":104,"b:259:34:259:78:259:82:259:90":22,"s:260:8:260:Infinity":105,"s:261:8:261:Infinity":106,"s:262:8:262:Infinity":107,"b:264:8:271:Infinity:undefined:undefined:undefined:undefined":23,"s:264:8:271:Infinity":108,"b:264:12:264:36:264:36:264:51":24,"s:265:10:265:Infinity":109,"s:266:53:266:55":110,"s:267:10:268:Infinity":111,"s:268:12:268:Infinity":112,"b:268:32:268:52:268:52:268:57":25,"s:270:10:271:Infinity":113,"s:271:12:271:Infinity":114,"s:275:8:275:Infinity":115,"s:277:26:277:Infinity":116,"b:277:26:277:56:277:56:277:86:277:86:277:Infinity":26,"b:278:8:279:Infinity:undefined:undefined:undefined:undefined":27,"s:278:8:279:Infinity":117,"s:279:10:279:Infinity":118,"b:279:102:279:110:279:110:279:113":28,"s:281:8:281:Infinity":119,"s:285:16:285:73":120,"b:285:41:285:49:285:49:285:73":29,"s:286:4:286:Infinity":121,"s:287:4:287:Infinity":122,"f:291:15:291:29":23,"s:292:24:292:42":123,"b:295:4:297:Infinity:299:4:299:Infinity:300:4:301:Infinity:303:4:319:Infinity:322:4:336:Infinity:339:4:349:Infinity:352:4:360:Infinity:363:4:371:Infinity:374:4:382:Infinity:385:4:393:Infinity:396:4:409:Infinity:412:4:429:Infinity:432:4:451:Infinity:454:4:456:Infinity:458:4:460:Infinity":30,"s:294:2:460:Infinity":124,"s:296:6:296:Infinity":125,"s:297:6:297:Infinity":126,"s:301:6:301:Infinity":127,"s:304:6:304:Infinity":128,"s:305:23:305:Infinity":129,"b:306:6:314:Infinity:313:13:314:Infinity":31,"s:306:6:314:Infinity":130,"s:307:8:307:Infinity":131,"s:308:8:308:Infinity":132,"s:309:8:309:Infinity":133,"s:310:8:310:Infinity":134,"s:311:8:311:Infinity":135,"b:311:53:311:97:311:97:311:107":32,"s:312:8:312:Infinity":136,"b:312:32:312:50:312:50:312:59":33,"s:314:8:314:Infinity":137,"s:316:6:316:Infinity":138,"b:316:64:316:72:316:72:316:80":34,"s:317:6:317:Infinity":139,"s:318:6:318:Infinity":140,"s:319:6:319:Infinity":141,"s:323:6:323:Infinity":142,"s:324:6:324:Infinity":143,"s:325:6:325:Infinity":144,"b:325:43:325:50:325:50:325:57":35,"s:326:6:326:Infinity":145,"b:326:35:326:42:326:42:326:49":36,"s:327:6:327:Infinity":146,"s:329:23:329:Infinity":147,"b:330:6:333:Infinity:undefined:undefined:undefined:undefined":37,"s:330:6:333:Infinity":148,"s:331:8:331:Infinity":149,"s:332:8:332:Infinity":150,"s:333:8:333:Infinity":151,"b:333:32:333:50:333:50:333:59":38,"s:335:6:335:Infinity":152,"s:336:6:336:Infinity":153,"s:340:19:340:40":154,"b:341:6:343:Infinity:undefined:undefined:undefined:undefined":39,"s:341:6:343:Infinity":155,"s:342:8:342:Infinity":156,"s:343:8:343:Infinity":157,"s:345:27:345:Infinity":158,"s:346:6:346:Infinity":159,"s:347:6:347:Infinity":160,"s:348:6:348:Infinity":161,"s:349:6:349:Infinity":162,"s:353:19:353:Infinity":163,"b:354:6:356:Infinity:undefined:undefined:undefined:undefined":40,"s:354:6:356:Infinity":164,"b:354:10:354:19:354:19:354:85":41,"s:355:8:355:Infinity":165,"s:356:8:356:Infinity":166,"s:358:6:358:Infinity":167,"s:359:6:359:Infinity":168,"s:360:6:360:Infinity":169,"s:364:20:364:42":170,"b:365:6:367:Infinity:undefined:undefined:undefined:undefined":42,"s:365:6:367:Infinity":171,"b:365:10:365:20:365:20:365:50":43,"s:366:8:366:Infinity":172,"b:366:51:366:58:366:58:366:66":44,"s:367:8:367:Infinity":173,"s:369:6:369:Infinity":174,"s:370:6:370:Infinity":175,"b:370:39:370:46:370:46:370:53":45,"s:371:6:371:Infinity":176,"s:375:20:375:42":177,"b:376:6:378:Infinity:undefined:undefined:undefined:undefined":46,"s:376:6:378:Infinity":178,"b:376:10:376:20:376:20:376:50":47,"s:377:8:377:Infinity":179,"s:378:8:378:Infinity":180,"s:380:6:380:Infinity":181,"s:381:6:381:Infinity":182,"s:382:6:382:Infinity":183,"s:386:20:386:Infinity":184,"b:387:6:389:Infinity:undefined:undefined:undefined:undefined":48,"s:387:6:389:Infinity":185,"b:387:10:387:20:387:20:387:73":49,"s:388:8:388:Infinity":186,"s:389:8:389:Infinity":187,"s:391:6:391:Infinity":188,"s:392:6:392:Infinity":189,"s:393:6:393:Infinity":190,"s:397:22:397:43":191,"b:398:6:400:Infinity:undefined:undefined:undefined:undefined":50,"s:398:6:400:Infinity":192,"s:399:8:399:Infinity":193,"s:400:8:400:Infinity":194,"s:402:12:402:39":195,"b:403:6:405:Infinity:undefined:undefined:undefined:undefined":51,"s:403:6:405:Infinity":196,"b:403:10:403:31:403:35:403:68":52,"s:404:8:404:Infinity":197,"s:405:8:405:Infinity":198,"s:407:6:407:Infinity":199,"s:408:6:408:Infinity":200,"s:409:6:409:Infinity":201,"s:413:19:413:Infinity":202,"s:414:21:414:Infinity":203,"b:415:6:417:Infinity:undefined:undefined:undefined:undefined":53,"s:415:6:417:Infinity":204,"s:416:8:416:Infinity":205,"s:417:8:417:Infinity":206,"s:419:17:419:48":207,"b:420:6:427:Infinity:426:13:427:Infinity":54,"s:420:6:427:Infinity":208,"s:421:8:421:Infinity":209,"s:422:28:422:Infinity":210,"b:423:8:424:Infinity:undefined:undefined:undefined:undefined":55,"s:423:8:424:Infinity":211,"s:424:10:424:Infinity":212,"s:427:8:427:Infinity":213,"s:429:6:429:Infinity":214,"s:433:24:433:45":215,"b:434:6:436:Infinity:undefined:undefined:undefined:undefined":56,"s:434:6:436:Infinity":216,"s:435:8:435:Infinity":217,"s:436:8:436:Infinity":218,"s:439:6:439:Infinity":219,"s:440:6:447:Infinity":220,"s:441:23:441:Infinity":221,"s:442:23:442:Infinity":222,"s:443:26:443:Infinity":223,"b:443:35:443:42:443:42:443:Infinity":57,"s:444:29:444:Infinity":224,"b:444:38:444:67:444:67:444:Infinity":58,"s:445:8:445:Infinity":225,"b:445:34:445:40:445:40:445:44":59,"b:446:8:447:Infinity:undefined:undefined:undefined:undefined":60,"s:446:8:447:Infinity":226,"b:446:12:446:21:446:21:446:36":61,"s:447:10:447:Infinity":227,"s:450:6:450:Infinity":228,"s:451:6:451:Infinity":229,"s:455:6:455:Infinity":230,"s:456:6:456:Infinity":231,"s:459:6:459:Infinity":232,"s:460:6:460:Infinity":233,"f:464:15:464:37":24,"s:465:2:465:Infinity":234,"s:467:8:470:4":235,"s:472:2:488:Infinity":236,"s:473:4:485:Infinity":237,"s:474:19:474:60":238,"s:475:22:475:33":239,"b:477:6:477:Infinity:undefined:undefined:undefined:undefined":62,"s:477:6:477:Infinity":240,"s:477:20:477:Infinity":241,"b:479:6:482:Infinity:undefined:undefined:undefined:undefined":63,"s:479:6:482:Infinity":242,"s:480:31:480:59":243,"b:481:8:481:Infinity:undefined:undefined:undefined:undefined":64,"s:481:8:481:Infinity":244,"s:481:29:481:Infinity":245,"s:482:8:482:Infinity":246,"s:485:6:485:Infinity":247,"s:488:4:488:Infinity":248,"s:491:2:491:Infinity":249,"s:494:0:501:Infinity":250,"f:494:7:494:14":25,"s:495:18:495:72":251,"b:495:43:495:59:495:59:495:72":65,"s:496:2:496:Infinity":252,"b:497:2:498:Infinity:undefined:undefined:undefined:undefined":66,"s:497:2:498:Infinity":253,"b:497:6:497:15:497:15:497:39":67,"s:498:4:498:Infinity":254,"s:500:2:500:Infinity":255}}}
,"/Users/limingwu/Documents/mvp/claude-agent-demo/src/agents/builtin.ts": {"path":"/Users/limingwu/Documents/mvp/claude-agent-demo/src/agents/builtin.ts","statementMap":{"0":{"start":{"line":18,"column":71},"end":{"line":22,"column":null}},"1":{"start":{"line":27,"column":36},"end":{"line":27,"column":null}},"2":{"start":{"line":72,"column":33},"end":{"line":72,"column":null}},"3":{"start":{"line":93,"column":36},"end":{"line":93,"column":null}},"4":{"start":{"line":126,"column":80},"end":{"line":172,"column":null}},"5":{"start":{"line":181,"column":60},"end":{"line":281,"column":null}},"6":{"start":{"line":286,"column":59},"end":{"line":289,"column":null}},"7":{"start":{"line":299,"column":2},"end":{"line":299,"column":null}},"8":{"start":{"line":306,"column":2},"end":{"line":306,"column":null}},"9":{"start":{"line":313,"column":2},"end":{"line":313,"column":null}},"10":{"start":{"line":320,"column":2},"end":{"line":320,"column":null}},"11":{"start":{"line":327,"column":2},"end":{"line":330,"column":null}},"12":{"start":{"line":379,"column":2},"end":{"line":382,"column":null}}},"fnMap":{"0":{"name":"getAgentConfig","decl":{"start":{"line":298,"column":16},"end":{"line":298,"column":31}},"loc":{"start":{"line":298,"column":70},"end":{"line":299,"column":null}},"line":298},"1":{"name":"getCoreAgentNames","decl":{"start":{"line":305,"column":16},"end":{"line":305,"column":46}},"loc":{"start":{"line":305,"column":46},"end":{"line":306,"column":null}},"line":305},"2":{"name":"getExtendedAgentNames","decl":{"start":{"line":312,"column":16},"end":{"line":312,"column":50}},"loc":{"start":{"line":312,"column":50},"end":{"line":313,"column":null}},"line":312},"3":{"name":"getAllAgentNames","decl":{"start":{"line":319,"column":16},"end":{"line":319,"column":45}},"loc":{"start":{"line":319,"column":45},"end":{"line":320,"column":null}},"line":319},"4":{"name":"buildExplorePrompt","decl":{"start":{"line":326,"column":16},"end":{"line":326,"column":35}},"loc":{"start":{"line":326,"column":101},"end":{"line":330,"column":null}},"line":326},"5":{"name":"buildPlanPrompt","decl":{"start":{"line":378,"column":16},"end":{"line":378,"column":32}},"loc":{"start":{"line":378,"column":54},"end":{"line":382,"column":null}},"line":378}},"branchMap":{"0":{"loc":{"start":{"line":326,"column":49},"end":{"line":326,"column":101}},"type":"default-arg","locations":[{"start":{"line":326,"column":83},"end":{"line":326,"column":101}}],"line":326}},"s":{"0":0,"1":0,"2":0,"3":0,"4":0,"5":0,"6":0,"7":0,"8":0,"9":0,"10":0,"11":0,"12":0},"f":{"0":0,"1":0,"2":0,"3":0,"4":0,"5":0},"b":{"0":[0]},"meta":{"lastBranch":1,"lastFunction":6,"lastStatement":13,"seen":{"s:18:71:22:Infinity":0,"s:27:36:27:Infinity":1,"s:72:33:72:Infinity":2,"s:93:36:93:Infinity":3,"s:126:80:172:Infinity":4,"s:181:60:281:Infinity":5,"s:286:59:289:Infinity":6,"f:298:16:298:31":0,"s:299:2:299:Infinity":7,"f:305:16:305:46":1,"s:306:2:306:Infinity":8,"f:312:16:312:50":2,"s:313:2:313:Infinity":9,"f:319:16:319:45":3,"s:320:2:320:Infinity":10,"f:326:16:326:35":4,"b:326:83:326:101":0,"s:327:2:330:Infinity":11,"f:378:16:378:32":5,"s:379:2:382:Infinity":12}}}
,"/Users/limingwu/Documents/mvp/claude-agent-demo/src/agents/index.ts": {"path":"/Users/limingwu/Documents/mvp/claude-agent-demo/src/agents/index.ts","statementMap":{},"fnMap":{},"branchMap":{},"s":{},"f":{},"b":{},"meta":{"lastBranch":0,"lastFunction":0,"lastStatement":0,"seen":{}}}
,"/Users/limingwu/Documents/mvp/claude-agent-demo/src/agents/main.ts": {"path":"/Users/limingwu/Documents/mvp/claude-agent-demo/src/agents/main.ts","statementMap":{"0":{"start":{"line":131,"column":39},"end":{"line":131,"column":null}},"1":{"start":{"line":134,"column":4},"end":{"line":134,"column":null}},"2":{"start":{"line":135,"column":4},"end":{"line":135,"column":null}},"3":{"start":{"line":136,"column":4},"end":{"line":136,"column":null}},"4":{"start":{"line":145,"column":4},"end":{"line":147,"column":null}},"5":{"start":{"line":146,"column":6},"end":{"line":146,"column":null}},"6":{"start":{"line":147,"column":6},"end":{"line":147,"column":null}},"7":{"start":{"line":157,"column":4},"end":{"line":157,"column":null}},"8":{"start":{"line":162,"column":4},"end":{"line":162,"column":null}},"9":{"start":{"line":167,"column":4},"end":{"line":167,"column":null}},"10":{"start":{"line":172,"column":4},"end":{"line":172,"column":null}},"11":{"start":{"line":177,"column":4},"end":{"line":177,"column":null}},"12":{"start":{"line":186,"column":4},"end":{"line":186,"column":null}},"13":{"start":{"line":191,"column":4},"end":{"line":191,"column":null}},"14":{"start":{"line":196,"column":4},"end":{"line":196,"column":null}},"15":{"start":{"line":201,"column":4},"end":{"line":201,"column":null}},"16":{"start":{"line":206,"column":4},"end":{"line":206,"column":null}},"17":{"start":{"line":211,"column":4},"end":{"line":211,"column":null}},"18":{"start":{"line":222,"column":17},"end":{"line":222,"column":null}},"19":{"start":{"line":223,"column":4},"end":{"line":226,"column":null}},"20":{"start":{"line":225,"column":26},"end":{"line":225,"column":42}},"21":{"start":{"line":225,"column":42},"end":{"line":225,"column":null}},"22":{"start":{"line":227,"column":4},"end":{"line":227,"column":null}},"23":{"start":{"line":234,"column":21},"end":{"line":234,"column":61}},"24":{"start":{"line":235,"column":23},"end":{"line":235,"column":67}},"25":{"start":{"line":238,"column":56},"end":{"line":238,"column":74}},"26":{"start":{"line":239,"column":4},"end":{"line":241,"column":null}},"27":{"start":{"line":240,"column":6},"end":{"line":240,"column":null}},"28":{"start":{"line":241,"column":6},"end":{"line":241,"column":null}},"29":{"start":{"line":245,"column":52},"end":{"line":245,"column":54}},"30":{"start":{"line":247,"column":4},"end":{"line":252,"column":null}},"31":{"start":{"line":248,"column":6},"end":{"line":252,"column":null}},"32":{"start":{"line":249,"column":8},"end":{"line":252,"column":null}},"33":{"start":{"line":250,"column":10},"end":{"line":250,"column":null}},"34":{"start":{"line":251,"column":19},"end":{"line":252,"column":null}},"35":{"start":{"line":252,"column":10},"end":{"line":252,"column":null}},"36":{"start":{"line":257,"column":4},"end":{"line":258,"column":null}},"37":{"start":{"line":258,"column":6},"end":{"line":258,"column":null}},"38":{"start":{"line":261,"column":34},"end":{"line":270,"column":null}},"39":{"start":{"line":272,"column":4},"end":{"line":302,"column":null}},"40":{"start":{"line":273,"column":6},"end":{"line":292,"column":null}},"41":{"start":{"line":274,"column":8},"end":{"line":275,"column":null}},"42":{"start":{"line":275,"column":10},"end":{"line":275,"column":null}},"43":{"start":{"line":279,"column":8},"end":{"line":281,"column":null}},"44":{"start":{"line":280,"column":26},"end":{"line":280,"column":null}},"45":{"start":{"line":281,"column":10},"end":{"line":281,"column":null}},"46":{"start":{"line":285,"column":8},"end":{"line":292,"column":null}},"47":{"start":{"line":286,"column":22},"end":{"line":286,"column":null}},"48":{"start":{"line":287,"column":10},"end":{"line":292,"column":null}},"49":{"start":{"line":288,"column":12},"end":{"line":292,"column":null}},"50":{"start":{"line":289,"column":14},"end":{"line":292,"column":null}},"51":{"start":{"line":290,"column":26},"end":{"line":290,"column":null}},"52":{"start":{"line":291,"column":16},"end":{"line":292,"column":null}},"53":{"start":{"line":292,"column":18},"end":{"line":292,"column":null}},"54":{"start":{"line":300,"column":18},"end":{"line":300,"column":75}},"55":{"start":{"line":301,"column":6},"end":{"line":301,"column":null}},"56":{"start":{"line":302,"column":6},"end":{"line":302,"column":null}},"57":{"start":{"line":314,"column":19},"end":{"line":314,"column":97}},"58":{"start":{"line":315,"column":4},"end":{"line":315,"column":null}},"59":{"start":{"line":322,"column":19},"end":{"line":322,"column":104}},"60":{"start":{"line":323,"column":4},"end":{"line":323,"column":null}},"61":{"start":{"line":330,"column":19},"end":{"line":330,"column":63}},"62":{"start":{"line":331,"column":4},"end":{"line":331,"column":null}},"63":{"start":{"line":338,"column":4},"end":{"line":338,"column":null}},"64":{"start":{"line":347,"column":19},"end":{"line":347,"column":91}},"65":{"start":{"line":348,"column":4},"end":{"line":348,"column":null}},"66":{"start":{"line":353,"column":19},"end":{"line":353,"column":94}},"67":{"start":{"line":354,"column":4},"end":{"line":354,"column":null}},"68":{"start":{"line":359,"column":19},"end":{"line":359,"column":96}},"69":{"start":{"line":360,"column":4},"end":{"line":360,"column":null}},"70":{"start":{"line":365,"column":19},"end":{"line":365,"column":87}},"71":{"start":{"line":366,"column":4},"end":{"line":366,"column":null}},"72":{"start":{"line":371,"column":19},"end":{"line":371,"column":91}},"73":{"start":{"line":372,"column":4},"end":{"line":372,"column":null}},"74":{"start":{"line":377,"column":19},"end":{"line":377,"column":96}},"75":{"start":{"line":378,"column":4},"end":{"line":378,"column":null}},"76":{"start":{"line":394,"column":27},"end":{"line":394,"column":97}},"77":{"start":{"line":396,"column":4},"end":{"line":403,"column":null}},"78":{"start":{"line":397,"column":6},"end":{"line":403,"column":null}},"79":{"start":{"line":407,"column":4},"end":{"line":413,"column":null}},"80":{"start":{"line":427,"column":4},"end":{"line":428,"column":null}},"81":{"start":{"line":428,"column":6},"end":{"line":428,"column":null}},"82":{"start":{"line":431,"column":35},"end":{"line":434,"column":null}},"83":{"start":{"line":436,"column":4},"end":{"line":458,"column":null}},"84":{"start":{"line":438,"column":6},"end":{"line":438,"column":null}},"85":{"start":{"line":439,"column":6},"end":{"line":439,"column":null}},"86":{"start":{"line":442,"column":6},"end":{"line":442,"column":null}},"87":{"start":{"line":445,"column":32},"end":{"line":445,"column":65}},"88":{"start":{"line":447,"column":6},"end":{"line":452,"column":null}},"89":{"start":{"line":450,"column":51},"end":{"line":450,"column":79}},"90":{"start":{"line":454,"column":6},"end":{"line":454,"column":null}},"91":{"start":{"line":457,"column":6},"end":{"line":457,"column":null}},"92":{"start":{"line":458,"column":6},"end":{"line":458,"column":null}},"93":{"start":{"line":461,"column":4},"end":{"line":461,"column":null}},"94":{"start":{"line":472,"column":26},"end":{"line":472,"column":54}},"95":{"start":{"line":473,"column":32},"end":{"line":475,"column":null}},"96":{"start":{"line":478,"column":23},"end":{"line":478,"column":53}},"97":{"start":{"line":479,"column":23},"end":{"line":479,"column":null}},"98":{"start":{"line":481,"column":4},"end":{"line":486,"column":null}},"99":{"start":{"line":483,"column":6},"end":{"line":483,"column":null}},"100":{"start":{"line":484,"column":15},"end":{"line":486,"column":null}},"101":{"start":{"line":486,"column":6},"end":{"line":486,"column":null}},"102":{"start":{"line":489,"column":4},"end":{"line":492,"column":null}},"103":{"start":{"line":539,"column":4},"end":{"line":540,"column":null}},"104":{"start":{"line":540,"column":6},"end":{"line":540,"column":null}},"105":{"start":{"line":543,"column":21},"end":{"line":543,"column":49}},"106":{"start":{"line":544,"column":30},"end":{"line":544,"column":63}},"107":{"start":{"line":546,"column":4},"end":{"line":546,"column":null}},"108":{"start":{"line":555,"column":32},"end":{"line":555,"column":null}},"109":{"start":{"line":559,"column":2},"end":{"line":560,"column":null}},"110":{"start":{"line":560,"column":4},"end":{"line":560,"column":null}},"111":{"start":{"line":562,"column":2},"end":{"line":562,"column":null}},"112":{"start":{"line":567,"column":2},"end":{"line":567,"column":null}},"113":{"start":{"line":572,"column":2},"end":{"line":572,"column":null}},"114":{"start":{"line":577,"column":2},"end":{"line":577,"column":null}},"115":{"start":{"line":582,"column":2},"end":{"line":582,"column":null}},"116":{"start":{"line":587,"column":2},"end":{"line":587,"column":null}},"117":{"start":{"line":592,"column":17},"end":{"line":592,"column":60}},"118":{"start":{"line":593,"column":2},"end":{"line":593,"column":null}}},"fnMap":{"0":{"name":"(anonymous_0)","decl":{"start":{"line":133,"column":2},"end":{"line":133,"column":14}},"loc":{"start":{"line":133,"column":47},"end":{"line":136,"column":null}},"line":133},"1":{"name":"(anonymous_1)","decl":{"start":{"line":144,"column":8},"end":{"line":144,"column":42}},"loc":{"start":{"line":144,"column":42},"end":{"line":147,"column":null}},"line":144},"2":{"name":"(anonymous_2)","decl":{"start":{"line":156,"column":6},"end":{"line":156,"column":43}},"loc":{"start":{"line":156,"column":43},"end":{"line":157,"column":null}},"line":156},"3":{"name":"(anonymous_3)","decl":{"start":{"line":161,"column":2},"end":{"line":161,"column":32}},"loc":{"start":{"line":161,"column":32},"end":{"line":162,"column":null}},"line":161},"4":{"name":"(anonymous_4)","decl":{"start":{"line":166,"column":2},"end":{"line":166,"column":16}},"loc":{"start":{"line":166,"column":16},"end":{"line":167,"column":null}},"line":166},"5":{"name":"(anonymous_5)","decl":{"start":{"line":171,"column":2},"end":{"line":171,"column":14}},"loc":{"start":{"line":171,"column":54},"end":{"line":172,"column":null}},"line":171},"6":{"name":"(anonymous_6)","decl":{"start":{"line":176,"column":2},"end":{"line":176,"column":33}},"loc":{"start":{"line":176,"column":33},"end":{"line":177,"column":null}},"line":176},"7":{"name":"(anonymous_7)","decl":{"start":{"line":185,"column":2},"end":{"line":185,"column":24}},"loc":{"start":{"line":185,"column":24},"end":{"line":186,"column":null}},"line":185},"8":{"name":"(anonymous_8)","decl":{"start":{"line":190,"column":2},"end":{"line":190,"column":22}},"loc":{"start":{"line":190,"column":22},"end":{"line":191,"column":null}},"line":190},"9":{"name":"(anonymous_9)","decl":{"start":{"line":195,"column":2},"end":{"line":195,"column":11}},"loc":{"start":{"line":195,"column":44},"end":{"line":196,"column":null}},"line":195},"10":{"name":"(anonymous_10)","decl":{"start":{"line":200,"column":2},"end":{"line":200,"column":13}},"loc":{"start":{"line":200,"column":53},"end":{"line":201,"column":null}},"line":200},"11":{"name":"(anonymous_11)","decl":{"start":{"line":205,"column":2},"end":{"line":205,"column":16}},"loc":{"start":{"line":205,"column":36},"end":{"line":206,"column":null}},"line":205},"12":{"name":"(anonymous_12)","decl":{"start":{"line":210,"column":2},"end":{"line":210,"column":27}},"loc":{"start":{"line":210,"column":49},"end":{"line":211,"column":null}},"line":210},"13":{"name":"(anonymous_13)","decl":{"start":{"line":221,"column":8},"end":{"line":221,"column":13}},"loc":{"start":{"line":221,"column":70},"end":{"line":227,"column":null}},"line":221},"14":{"name":"(anonymous_14)","decl":{"start":{"line":225,"column":6},"end":{"line":225,"column":15}},"loc":{"start":{"line":225,"column":24},"end":{"line":225,"column":null}},"line":225},"15":{"name":"(anonymous_15)","decl":{"start":{"line":233,"column":8},"end":{"line":233,"column":19}},"loc":{"start":{"line":233,"column":74},"end":{"line":302,"column":null}},"line":233},"16":{"name":"(anonymous_16)","decl":{"start":{"line":313,"column":8},"end":{"line":313,"column":16}},"loc":{"start":{"line":313,"column":93},"end":{"line":315,"column":null}},"line":313},"17":{"name":"(anonymous_17)","decl":{"start":{"line":321,"column":8},"end":{"line":321,"column":13}},"loc":{"start":{"line":321,"column":46},"end":{"line":323,"column":null}},"line":321},"18":{"name":"(anonymous_18)","decl":{"start":{"line":329,"column":8},"end":{"line":329,"column":16}},"loc":{"start":{"line":329,"column":49},"end":{"line":331,"column":null}},"line":329},"19":{"name":"(anonymous_19)","decl":{"start":{"line":337,"column":8},"end":{"line":337,"column":20}},"loc":{"start":{"line":337,"column":75},"end":{"line":338,"column":null}},"line":337},"20":{"name":"(anonymous_20)","decl":{"start":{"line":346,"column":8},"end":{"line":346,"column":19}},"loc":{"start":{"line":346,"column":52},"end":{"line":348,"column":null}},"line":346},"21":{"name":"(anonymous_21)","decl":{"start":{"line":352,"column":8},"end":{"line":352,"column":22}},"loc":{"start":{"line":352,"column":55},"end":{"line":354,"column":null}},"line":352},"22":{"name":"(anonymous_22)","decl":{"start":{"line":358,"column":8},"end":{"line":358,"column":18}},"loc":{"start":{"line":358,"column":51},"end":{"line":360,"column":null}},"line":358},"23":{"name":"(anonymous_23)","decl":{"start":{"line":364,"column":8},"end":{"line":364,"column":14}},"loc":{"start":{"line":364,"column":47},"end":{"line":366,"column":null}},"line":364},"24":{"name":"(anonymous_24)","decl":{"start":{"line":370,"column":8},"end":{"line":370,"column":17}},"loc":{"start":{"line":370,"column":50},"end":{"line":372,"column":null}},"line":370},"25":{"name":"(anonymous_25)","decl":{"start":{"line":376,"column":8},"end":{"line":376,"column":22}},"loc":{"start":{"line":376,"column":55},"end":{"line":378,"column":null}},"line":376},"26":{"name":"(anonymous_26)","decl":{"start":{"line":391,"column":8},"end":{"line":391,"column":20}},"loc":{"start":{"line":391,"column":57},"end":{"line":413,"column":null}},"line":391},"27":{"name":"(anonymous_27)","decl":{"start":{"line":426,"column":8},"end":{"line":426,"column":20}},"loc":{"start":{"line":426,"column":86},"end":{"line":461,"column":null}},"line":426},"28":{"name":"(anonymous_28)","decl":{"start":{"line":450,"column":25},"end":{"line":450,"column":35}},"loc":{"start":{"line":450,"column":51},"end":{"line":450,"column":79}},"line":450},"29":{"name":"(anonymous_29)","decl":{"start":{"line":470,"column":2},"end":{"line":470,"column":10}},"loc":{"start":{"line":470,"column":55},"end":{"line":492,"column":null}},"line":470},"30":{"name":"(anonymous_30)","decl":{"start":{"line":535,"column":8},"end":{"line":535,"column":16}},"loc":{"start":{"line":538,"column":5},"end":{"line":546,"column":null}},"line":538},"31":{"name":"getAgent","decl":{"start":{"line":558,"column":16},"end":{"line":558,"column":34}},"loc":{"start":{"line":558,"column":34},"end":{"line":562,"column":null}},"line":558},"32":{"name":"createAgent","decl":{"start":{"line":566,"column":16},"end":{"line":566,"column":37}},"loc":{"start":{"line":566,"column":37},"end":{"line":567,"column":null}},"line":566},"33":{"name":"ask","decl":{"start":{"line":571,"column":22},"end":{"line":571,"column":26}},"loc":{"start":{"line":571,"column":83},"end":{"line":572,"column":null}},"line":571},"34":{"name":"explore","decl":{"start":{"line":576,"column":22},"end":{"line":576,"column":30}},"loc":{"start":{"line":576,"column":107},"end":{"line":577,"column":null}},"line":576},"35":{"name":"plan","decl":{"start":{"line":581,"column":22},"end":{"line":581,"column":27}},"loc":{"start":{"line":581,"column":60},"end":{"line":582,"column":null}},"line":581},"36":{"name":"general","decl":{"start":{"line":586,"column":22},"end":{"line":586,"column":30}},"loc":{"start":{"line":586,"column":63},"end":{"line":587,"column":null}},"line":586},"37":{"name":"runWorkflow","decl":{"start":{"line":591,"column":22},"end":{"line":591,"column":34}},"loc":{"start":{"line":591,"column":92},"end":{"line":593,"column":null}},"line":591}},"branchMap":{"0":{"loc":{"start":{"line":145,"column":4},"end":{"line":147,"column":null}},"type":"if","locations":[{"start":{"line":145,"column":4},"end":{"line":147,"column":null}},{"start":{},"end":{}}],"line":145},"1":{"loc":{"start":{"line":239,"column":4},"end":{"line":241,"column":null}},"type":"if","locations":[{"start":{"line":239,"column":4},"end":{"line":241,"column":null}},{"start":{},"end":{}}],"line":239},"2":{"loc":{"start":{"line":247,"column":4},"end":{"line":252,"column":null}},"type":"if","locations":[{"start":{"line":247,"column":4},"end":{"line":252,"column":null}},{"start":{},"end":{}}],"line":247},"3":{"loc":{"start":{"line":249,"column":8},"end":{"line":252,"column":null}},"type":"if","locations":[{"start":{"line":249,"column":8},"end":{"line":252,"column":null}},{"start":{"line":251,"column":19},"end":{"line":252,"column":null}}],"line":249},"4":{"loc":{"start":{"line":251,"column":19},"end":{"line":252,"column":null}},"type":"if","locations":[{"start":{"line":251,"column":19},"end":{"line":252,"column":null}},{"start":{},"end":{}}],"line":251},"5":{"loc":{"start":{"line":257,"column":4},"end":{"line":258,"column":null}},"type":"if","locations":[{"start":{"line":257,"column":4},"end":{"line":258,"column":null}},{"start":{},"end":{}}],"line":257},"6":{"loc":{"start":{"line":266,"column":18},"end":{"line":266,"column":null}},"type":"cond-expr","locations":[{"start":{"line":266,"column":55},"end":{"line":266,"column":68}},{"start":{"line":266,"column":68},"end":{"line":266,"column":null}}],"line":266},"7":{"loc":{"start":{"line":267,"column":14},"end":{"line":267,"column":null}},"type":"cond-expr","locations":[{"start":{"line":267,"column":47},"end":{"line":267,"column":56}},{"start":{"line":267,"column":56},"end":{"line":267,"column":null}}],"line":267},"8":{"loc":{"start":{"line":274,"column":8},"end":{"line":275,"column":null}},"type":"if","locations":[{"start":{"line":274,"column":8},"end":{"line":275,"column":null}},{"start":{},"end":{}}],"line":274},"9":{"loc":{"start":{"line":274,"column":12},"end":{"line":274,"column":51}},"type":"binary-expr","locations":[{"start":{"line":274,"column":12},"end":{"line":274,"column":35}},{"start":{"line":274,"column":35},"end":{"line":274,"column":51}}],"line":274},"10":{"loc":{"start":{"line":279,"column":8},"end":{"line":281,"column":null}},"type":"if","locations":[{"start":{"line":279,"column":8},"end":{"line":281,"column":null}},{"start":{},"end":{}}],"line":279},"11":{"loc":{"start":{"line":279,"column":12},"end":{"line":279,"column":67}},"type":"binary-expr","locations":[{"start":{"line":279,"column":12},"end":{"line":279,"column":33}},{"start":{"line":279,"column":33},"end":{"line":279,"column":67}}],"line":279},"12":{"loc":{"start":{"line":285,"column":8},"end":{"line":292,"column":null}},"type":"if","locations":[{"start":{"line":285,"column":8},"end":{"line":292,"column":null}},{"start":{},"end":{}}],"line":285},"13":{"loc":{"start":{"line":285,"column":12},"end":{"line":285,"column":92}},"type":"binary-expr","locations":[{"start":{"line":285,"column":12},"end":{"line":285,"column":36}},{"start":{"line":285,"column":36},"end":{"line":285,"column":55}},{"start":{"line":285,"column":55},"end":{"line":285,"column":92}}],"line":285},"14":{"loc":{"start":{"line":287,"column":10},"end":{"line":292,"column":null}},"type":"if","locations":[{"start":{"line":287,"column":10},"end":{"line":292,"column":null}},{"start":{},"end":{}}],"line":287},"15":{"loc":{"start":{"line":289,"column":14},"end":{"line":292,"column":null}},"type":"if","locations":[{"start":{"line":289,"column":14},"end":{"line":292,"column":null}},{"start":{},"end":{}}],"line":289},"16":{"loc":{"start":{"line":289,"column":18},"end":{"line":289,"column":63}},"type":"binary-expr","locations":[{"start":{"line":289,"column":18},"end":{"line":289,"column":47}},{"start":{"line":289,"column":47},"end":{"line":289,"column":63}}],"line":289},"17":{"loc":{"start":{"line":291,"column":16},"end":{"line":292,"column":null}},"type":"if","locations":[{"start":{"line":291,"column":16},"end":{"line":292,"column":null}},{"start":{},"end":{}}],"line":291},"18":{"loc":{"start":{"line":291,"column":20},"end":{"line":291,"column":53}},"type":"binary-expr","locations":[{"start":{"line":291,"column":20},"end":{"line":291,"column":45}},{"start":{"line":291,"column":45},"end":{"line":291,"column":53}}],"line":291},"19":{"loc":{"start":{"line":300,"column":18},"end":{"line":300,"column":75}},"type":"cond-expr","locations":[{"start":{"line":300,"column":43},"end":{"line":300,"column":51}},{"start":{"line":300,"column":51},"end":{"line":300,"column":75}}],"line":300},"20":{"loc":{"start":{"line":313,"column":32},"end":{"line":313,"column":93}},"type":"default-arg","locations":[{"start":{"line":313,"column":66},"end":{"line":313,"column":93}}],"line":313},"21":{"loc":{"start":{"line":394,"column":27},"end":{"line":394,"column":97}},"type":"binary-expr","locations":[{"start":{"line":394,"column":27},"end":{"line":394,"column":48}},{"start":{"line":394,"column":48},"end":{"line":394,"column":73}},{"start":{"line":394,"column":77},"end":{"line":394,"column":97}}],"line":394},"22":{"loc":{"start":{"line":396,"column":4},"end":{"line":403,"column":null}},"type":"if","locations":[{"start":{"line":396,"column":4},"end":{"line":403,"column":null}},{"start":{},"end":{}}],"line":396},"23":{"loc":{"start":{"line":427,"column":4},"end":{"line":428,"column":null}},"type":"if","locations":[{"start":{"line":427,"column":4},"end":{"line":428,"column":null}},{"start":{},"end":{}}],"line":427},"24":{"loc":{"start":{"line":450,"column":16},"end":{"line":450,"column":null}},"type":"cond-expr","locations":[{"start":{"line":450,"column":25},"end":{"line":450,"column":79}},{"start":{"line":450,"column":82},"end":{"line":450,"column":null}}],"line":450},"25":{"loc":{"start":{"line":458,"column":21},"end":{"line":458,"column":75}},"type":"cond-expr","locations":[{"start":{"line":458,"column":46},"end":{"line":458,"column":62}},{"start":{"line":458,"column":62},"end":{"line":458,"column":75}}],"line":458},"26":{"loc":{"start":{"line":473,"column":32},"end":{"line":475,"column":null}},"type":"cond-expr","locations":[{"start":{"line":474,"column":8},"end":{"line":474,"column":null}},{"start":{"line":475,"column":8},"end":{"line":475,"column":null}}],"l
[...]
:32}},"36":{"start":{"line":194,"column":4},"end":{"line":195,"column":null}},"37":{"start":{"line":195,"column":6},"end":{"line":195,"column":null}},"38":{"start":{"line":198,"column":18},"end":{"line":201,"column":null}},"39":{"start":{"line":199,"column":36},"end":{"line":199,"column":null}},"40":{"start":{"line":200,"column":6},"end":{"line":200,"column":null}},"41":{"start":{"line":203,"column":4},"end":{"line":203,"column":null}},"42":{"start":{"line":215,"column":22},"end":{"line":215,"column":null}},"43":{"start":{"line":216,"column":4},"end":{"line":216,"column":null}},"44":{"start":{"line":217,"column":4},"end":{"line":217,"column":null}},"45":{"start":{"line":218,"column":4},"end":{"line":218,"column":null}},"46":{"start":{"line":220,"column":4},"end":{"line":220,"column":null}},"47":{"start":{"line":227,"column":4},"end":{"line":227,"column":null}},"48":{"start":{"line":228,"column":4},"end":{"line":228,"column":null}},"49":{"start":{"line":236,"column":43},"end":{"line":236,"column":null}},"50":{"start":{"line":242,"column":2},"end":{"line":243,"column":null}},"51":{"start":{"line":243,"column":4},"end":{"line":243,"column":null}},"52":{"start":{"line":245,"column":2},"end":{"line":245,"column":null}},"53":{"start":{"line":252,"column":2},"end":{"line":252,"column":null}},"54":{"start":{"line":259,"column":19},"end":{"line":259,"column":43}},"55":{"start":{"line":260,"column":2},"end":{"line":260,"column":null}},"56":{"start":{"line":261,"column":2},"end":{"line":261,"column":null}}},"fnMap":{"0":{"name":"(anonymous_0)","decl":{"start":{"line":30,"column":2},"end":{"line":30,"column":14}},"loc":{"start":{"line":30,"column":46},"end":{"line":37,"column":null}},"line":30},"1":{"name":"(anonymous_1)","decl":{"start":{"line":45,"column":8},"end":{"line":45,"column":36}},"loc":{"start":{"line":45,"column":36},"end":{"line":53,"column":null}},"line":45},"2":{"name":"(anonymous_2)","decl":{"start":{"line":62,"column":8},"end":{"line":62,"column":26}},"loc":{"start":{"line":62,"column":54},"end":{"line":71,"column":null}},"line":62},"3":{"name":"(anonymous_3)","decl":{"start":{"line":80,"column":2},"end":{"line":80,"column":11}},"loc":{"start":{"line":80,"column":31},"end":{"line":84,"column":null}},"line":80},"4":{"name":"(anonymous_4)","decl":{"start":{"line":92,"column":2},"end":{"line":92,"column":13}},"loc":{"start":{"line":92,"column":36},"end":{"line":98,"column":null}},"line":92},"5":{"name":"(anonymous_5)","decl":{"start":{"line":104,"column":2},"end":{"line":104,"column":10}},"loc":{"start":{"line":104,"column":44},"end":{"line":105,"column":null}},"line":104},"6":{"name":"(anonymous_6)","decl":{"start":{"line":114,"column":2},"end":{"line":114,"column":6}},"loc":{"start":{"line":114,"column":39},"end":{"line":115,"column":null}},"line":114},"7":{"name":"(anonymous_7)","decl":{"start":{"line":123,"column":2},"end":{"line":123,"column":6}},"loc":{"start":{"line":123,"column":29},"end":{"line":124,"column":null}},"line":123},"8":{"name":"(anonymous_8)","decl":{"start":{"line":132,"column":2},"end":{"line":132,"column":20}},"loc":{"start":{"line":132,"column":20},"end":{"line":133,"column":null}},"line":132},"9":{"name":"(anonymous_9)","decl":{"start":{"line":143,"column":2},"end":{"line":143,"column":36}},"loc":{"start":{"line":143,"column":36},"end":{"line":144,"column":null}},"line":143},"10":{"name":"(anonymous_10)","decl":{"start":{"line":144,"column":25},"end":{"line":144,"column":30}},"loc":{"start":{"line":144,"column":40},"end":{"line":144,"column":55}},"line":144},"11":{"name":"(anonymous_11)","decl":{"start":{"line":150,"column":6},"end":{"line":150,"column":21}},"loc":{"start":{"line":150,"column":21},"end":{"line":151,"column":null}},"line":150},"12":{"name":"(anonymous_12)","decl":{"start":{"line":162,"column":2},"end":{"line":162,"column":8}},"loc":{"start":{"line":162,"column":48},"end":{"line":167,"column":null}},"line":162},"13":{"name":"(anonymous_13)","decl":{"start":{"line":176,"column":2},"end":{"line":176,"column":11}},"loc":{"start":{"line":176,"column":46},"end":{"line":181,"column":null}},"line":176},"14":{"name":"(anonymous_14)","decl":{"start":{"line":191,"column":2},"end":{"line":191,"column":41}},"loc":{"start":{"line":191,"column":41},"end":{"line":203,"column":null}},"line":191},"15":{"name":"(anonymous_15)","decl":{"start":{"line":198,"column":25},"end":{"line":198,"column":30}},"loc":{"start":{"line":198,"column":40},"end":{"line":201,"column":null}},"line":198},"16":{"name":"(anonymous_16)","decl":{"start":{"line":214,"column":2},"end":{"line":214,"column":27}},"loc":{"start":{"line":214,"column":49},"end":{"line":220,"column":null}},"line":214},"17":{"name":"(anonymous_17)","decl":{"start":{"line":226,"column":2},"end":{"line":226,"column":16}},"loc":{"start":{"line":226,"column":16},"end":{"line":228,"column":null}},"line":226},"18":{"name":"getSkillRegistry","decl":{"start":{"line":241,"column":16},"end":{"line":241,"column":33}},"loc":{"start":{"line":241,"column":76},"end":{"line":245,"column":null}},"line":241},"19":{"name":"createSkillRegistry","decl":{"start":{"line":251,"column":16},"end":{"line":251,"column":36}},"loc":{"start":{"line":251,"column":79},"end":{"line":252,"column":null}},"line":251},"20":{"name":"initializeSkills","decl":{"start":{"line":258,"column":22},"end":{"line":258,"column":39}},"loc":{"start":{"line":258,"column":91},"end":{"line":261,"column":null}},"line":258}},"branchMap":{"0":{"loc":{"start":{"line":30,"column":14},"end":{"line":30,"column":44}},"type":"default-arg","locations":[{"start":{"line":30,"column":42},"end":{"line":30,"column":44}}],"line":30},"1":{"loc":{"start":{"line":47,"column":4},"end":{"line":48,"column":null}},"type":"if","locations":[{"start":{"line":47,"column":4},"end":{"line":48,"column":null}},{"start":{},"end":{}}],"line":47},"2":{"loc":{"start":{"line":52,"column":4},"end":{"line":53,"column":null}},"type":"if","locations":[{"start":{"line":52,"column":4},"end":{"line":53,"column":null}},{"start":{},"end":{}}],"line":52},"3":{"loc":{"start":{"line":95,"column":4},"end":{"line":96,"column":null}},"type":"if","locations":[{"start":{"line":95,"column":4},"end":{"line":96,"column":null}},{"start":{},"end":{}}],"line":95},"4":{"loc":{"start":{"line":163,"column":4},"end":{"line":164,"column":null}},"type":"if","locations":[{"start":{"line":163,"column":4},"end":{"line":164,"column":null}},{"start":{},"end":{}}],"line":163},"5":{"loc":{"start":{"line":177,"column":4},"end":{"line":178,"column":null}},"type":"if","locations":[{"start":{"line":177,"column":4},"end":{"line":178,"column":null}},{"start":{},"end":{}}],"line":177},"6":{"loc":{"start":{"line":194,"column":4},"end":{"line":195,"column":null}},"type":"if","locations":[{"start":{"line":194,"column":4},"end":{"line":195,"column":null}},{"start":{},"end":{}}],"line":194},"7":{"loc":{"start":{"line":242,"column":2},"end":{"line":243,"column":null}},"type":"if","locations":[{"start":{"line":242,"column":2},"end":{"line":243,"column":null}},{"start":{},"end":{}}],"line":242}},"s":{"0":1,"1":1,"2":22,"3":22,"4":22,"5":22,"6":1,"7":1,"8":1,"9":0,"10":1,"11":1,"12":1,"13":2,"14":17,"15":17,"16":17,"17":2,"18":2,"19":2,"20":1,"21":2,"22":17,"23":2,"24":5,"25":6,"26":1,"27":1,"28":6,"29":2,"30":1,"31":1,"32":2,"33":1,"34":1,"35":2,"36":2,"37":1,"38":1,"39":1,"40":1,"41":1,"42":1,"43":1,"44":1,"45":1,"46":1,"47":1,"48":1,"49":1,"50":2,"51":1,"52":2,"53":21,"54":0,"55":0,"56":0},"f":{"0":22,"1":1,"2":1,"3":17,"4":2,"5":17,"6":2,"7":5,"8":6,"9":1,"10":1,"11":6,"12":2,"13":2,"14":2,"15":1,"16":1,"17":1,"18":2,"19":21,"20":0},"b":{"0":[22],"1":[1,0],"2":[0,1],"3":[1,1],"4":[1,1],"5":[1,1],"6":[1,1],"7":[1,1]},"meta":{"lastBranch":8,"lastFunction":21,"lastStatement":57,"seen":{"s:18:6:18:49":0,"s:19:18:19:42":1,"s:25:39:25:48":2,"s:27:39:27:Infinity":3,"f:30:2:30:14":0,"b:30:42:30:44":0,"s:31:4:31:Infinity":4,"s:32:4:37:Infinity":5,"f:45:8:45:36":1,"b:47:4:48:Infinity:undefined:undefined:undefined:undefined":1,"s:47:4:48:Infinity":6,"s:48:6:48:Infinity":7,"b:52:4:53:Infinity:undefined:undefined:undefined:undefined":2,"s:52:4:53:Infinity":8,"s:53:6:53:Infinity":9,"f:62:8:62:26":2,"s:63:4:66:Infinity":10,"s:68:19:68:43":11,"s:70:4:71:Infinity":12,"s:71:6:71:Infinity":13,"f:80:2:80:11":3,"s:81:16:81:39":14,"s:82:4:82:Infinity":15,"s:84:4:84:Infinity":16,"f:92:2:92:13":4,"s:93:16:93:34":17,"s:94:19:94:42":18,"b:95:4:96:Infinity:undefined:undefined:undefined:undefined":3,"s:95:4:96:Infinity":19,"s:96:6:96:Infinity":20,"s:98:4:98:Infinity":21,"f:104:2:104:10":5,"s:105:4:105:Infinity":22,"f:114:2:114:6":6,"s:115:4:115:Infinity":23,"f:123:2:123:6":7,"s:124:4:124:Infinity":24,"f:132:2:132:20":8,"s:133:4:133:Infinity":25,"f:143:2:143:36":9,"s:144:4:144:Infinity":26,"f:144:25:144:30":10,"s:144:40:144:55":27,"f:150:6:150:21":11,"s:151:4:151:Infinity":28,"f:162:2:162:8":12,"b:163:4:164:Infinity:undefined:undefined:undefined:undefined":4,"s:163:4:164:Infinity":29,"s:164:6:164:Infinity":30,"s:167:4:167:Infinity":31,"f:176:2:176:11":13,"b:177:4:178:Infinity:undefined:undefined:undefined:undefined":5,"s:177:4:178:Infinity":32,"s:178:6:178:Infinity":33,"s:181:4:181:Infinity":34,"f:191:2:191:41":14,"s:192:19:192:32":35,"b:194:4:195:Infinity:undefined:undefined:undefined:undefined":6,"s:194:4:195:Infinity":36,"s:195:6:195:Infinity":37,"s:198:18:201:Infinity":38,"f:198:25:198:30":15,"s:199:36:199:Infinity":39,"s:200:6:200:Infinity":40,"s:203:4:203:Infinity":41,"f:214:2:214:27":16,"s:215:22:215:Infinity":42,"s:216:4:216:Infinity":43,"s:217:4:217:Infinity":44,"s:218:4:218:Infinity":45,"s:220:4:220:Infinity":46,"f:226:2:226:16":17,"s:227:4:227:Infinity":47,"s:228:4:228:Infinity":48,"s:236:43:236:Infinity":49,"f:241:16:241:33":18,"b:242:2:243:Infinity:undefined:undefined:undefined:undefined":7,"s:242:2:243:Infinity":50,"s:243:4:243:Infinity":51,"s:245:2:245:Infinity":52,"f:251:16:251:36":19,"s:252:2:252:Infinity":53,"f:258:22:258:39":20,"s:259:19:259:43":54,"s:260:2:260:Infinity":55,"s:261:2:261:Infinity":56}}}
,"/Users/limingwu/Documents/mvp/claude-agent-demo/src/skills/types.ts": {"path":"/Users/limingwu/Documents/mvp/claude-agent-demo/src/skills/types.ts","statementMap":{},"fnMap":{},"branchMap":{},"s":{},"f":{},"b":{},"meta":{"lastBranch":0,"lastFunction":0,"lastStatement":0,"seen":{}}}
,"/Users/limingwu/Documents/mvp/claude-agent-demo/src/tools/memory-tools.ts": {"path":"/Users/limingwu/Documents/mvp/claude-agent-demo/src/tools/memory-tools.ts","statementMap":{"0":{"start":{"line":11,"column":26},"end":{"line":17,"column":2}},"1":{"start":{"line":22,"column":20},"end":{"line":26,"column":2}},"2":{"start":{"line":29,"column":6},"end":{"line":54,"column":null}},"3":{"start":{"line":38,"column":16},"end":{"line":38,"column":40}},"4":{"start":{"line":39,"column":21},"end":{"line":39,"column":48}},"5":{"start":{"line":41,"column":4},"end":{"line":47,"column":null}},"6":{"start":{"line":49,"column":4},"end":{"line":49,"column":null}},"7":{"start":{"line":50,"column":4},"end":{"line":52,"column":null}},"8":{"start":{"line":57,"column":6},"end":{"line":103,"column":null}},"9":{"start":{"line":65,"column":21},"end":{"line":65,"column":48}},"10":{"start":{"line":67,"column":4},"end":{"line":81,"column":null}},"11":{"start":{"line":68,"column":20},"end":{"line":68,"column":null}},"12":{"start":{"line":69,"column":6},"end":{"line":72,"column":null}},"13":{"start":{"line":70,"column":8},"end":{"line":72,"column":null}},"14":{"start":{"line":74,"column":6},"end":{"line":81,"column":null}},"15":{"start":{"line":85,"column":18},"end":{"line":85,"column":41}},"16":{"start":{"line":86,"column":4},"end":{"line":87,"column":null}},"17":{"start":{"line":87,"column":6},"end":{"line":87,"column":null}},"18":{"start":{"line":87,"column":38},"end":{"line":87,"column":65}},"19":{"start":{"line":90,"column":4},"end":{"line":93,"column":null}},"20":{"start":{"line":91,"column":6},"end":{"line":93,"column":null}},"21":{"start":{"line":96,"column":17},"end":{"line":98,"column":17}},"22":{"start":{"line":97,"column":18},"end":{"line":97,"column":75}},"23":{"start":{"line":99,"column":4},"end":{"line":101,"column":null}},"24":{"start":{"line":106,"column":6},"end":{"line":126,"column":null}},"25":{"start":{"line":113,"column":21},"end":{"line":113,"column":48}},"26":{"start":{"line":114,"column":4},"end":{"line":117,"column":null}},"27":{"start":{"line":115,"column":6},"end":{"line":117,"column":null}},"28":{"start":{"line":120,"column":4},"end":{"line":120,"column":null}},"29":{"start":{"line":121,"column":4},"end":{"line":121,"column":null}},"30":{"start":{"line":122,"column":4},"end":{"line":124,"column":null}},"31":{"start":{"line":129,"column":13},"end":{"line":132,"column":2}}},"fnMap":{"0":{"name":"(anonymous_0)","decl":{"start":{"line":37,"column":2},"end":{"line":37,"column":9}},"loc":{"start":{"line":37,"column":18},"end":{"line":54,"column":null}},"line":37},"1":{"name":"(anonymous_1)","decl":{"start":{"line":64,"column":2},"end":{"line":64,"column":9}},"loc":{"start":{"line":64,"column":18},"end":{"line":103,"column":null}},"line":64},"2":{"name":"(anonymous_2)","decl":{"start":{"line":87,"column":24},"end":{"line":87,"column":32}},"loc":{"start":{"line":87,"column":38},"end":{"line":87,"column":65}},"line":87},"3":{"name":"(anonymous_3)","decl":{"start":{"line":97,"column":7},"end":{"line":97,"column":12}},"loc":{"start":{"line":97,"column":18},"end":{"line":97,"column":75}},"line":97},"4":{"name":"(anonymous_4)","decl":{"start":{"line":112,"column":2},"end":{"line":112,"column":9}},"loc":{"start":{"line":112,"column":18},"end":{"line":126,"column":null}},"line":112}},"branchMap":{"0":{"loc":{"start":{"line":44,"column":17},"end":{"line":44,"column":null}},"type":"binary-expr","locations":[{"start":{"line":44,"column":17},"end":{"line":44,"column":50}},{"start":{"line":44,"column":50},"end":{"line":44,"column":null}}],"line":44},"1":{"loc":{"start":{"line":67,"column":4},"end":{"line":81,"column":null}},"type":"if","locations":[{"start":{"line":67,"column":4},"end":{"line":81,"column":null}},{"start":{},"end":{}}],"line":67},"2":{"loc":{"start":{"line":69,"column":6},"end":{"line":72,"column":null}},"type":"if","locations":[{"start":{"line":69,"column":6},"end":{"line":72,"column":null}},{"start":{},"end":{}}],"line":69},"3":{"loc":{"start":{"line":86,"column":4},"end":{"line":87,"column":null}},"type":"if","locations":[{"start":{"line":86,"column":4},"end":{"line":87,"column":null}},{"start":{},"end":{}}],"line":86},"4":{"loc":{"start":{"line":90,"column":4},"end":{"line":93,"column":null}},"type":"if","locations":[{"start":{"line":90,"column":4},"end":{"line":93,"column":null}},{"start":{},"end":{}}],"line":90},"5":{"loc":{"start":{"line":114,"column":4},"end":{"line":117,"column":null}},"type":"if","locations":[{"start":{"line":114,"column":4},"end":{"line":117,"column":null}},{"start":{},"end":{}}],"line":114}},"s":{"0":0,"1":0,"2":0,"3":0,"4":0,"5":0,"6":0,"7":0,"8":0,"9":0,"10":0,"11":0,"12":0,"13":0,"14":0,"15":0,"16":0,"17":0,"18":0,"19":0,"20":0,"21":0,"22":0,"23":0,"24":0,"25":0,"26":0,"27":0,"28":0,"29":0,"30":0,"31":0},"f":{"0":0,"1":0,"2":0,"3":0,"4":0},"b":{"0":[0,0],"1":[0,0],"2":[0,0],"3":[0,0],"4":[0,0],"5":[0,0]},"meta":{"lastBranch":6,"lastFunction":5,"lastStatement":32,"seen":{"s:11:26:17:2":0,"s:22:20:26:2":1,"s:29:6:54:Infinity":2,"f:37:2:37:9":0,"s:38:16:38:40":3,"s:39:21:39:48":4,"s:41:4:47:Infinity":5,"b:44:17:44:50:44:50:44:Infinity":0,"s:49:4:49:Infinity":6,"s:50:4:52:Infinity":7,"s:57:6:103:Infinity":8,"f:64:2:64:9":1,"s:65:21:65:48":9,"b:67:4:81:Infinity:undefined:undefined:undefined:undefined":1,"s:67:4:81:Infinity":10,"s:68:20:68:Infinity":11,"b:69:6:72:Infinity:undefined:undefined:undefined:undefined":2,"s:69:6:72:Infinity":12,"s:70:8:72:Infinity":13,"s:74:6:81:Infinity":14,"s:85:18:85:41":15,"b:86:4:87:Infinity:undefined:undefined:undefined:undefined":3,"s:86:4:87:Infinity":16,"s:87:6:87:Infinity":17,"f:87:24:87:32":2,"s:87:38:87:65":18,"b:90:4:93:Infinity:undefined:undefined:undefined:undefined":4,"s:90:4:93:Infinity":19,"s:91:6:93:Infinity":20,"s:96:17:98:17":21,"f:97:7:97:12":3,"s:97:18:97:75":22,"s:99:4:101:Infinity":23,"s:106:6:126:Infinity":24,"f:112:2:112:9":4,"s:113:21:113:48":25,"b:114:4:117:Infinity:undefined:undefined:undefined:undefined":5,"s:114:4:117:Infinity":26,"s:115:6:117:Infinity":27,"s:120:4:120:Infinity":28,"s:121:4:121:Infinity":29,"s:122:4:124:Infinity":30,"s:129:13:132:2":31}}}
,"/Users/limingwu/Documents/mvp/claude-agent-demo/src/tools/preference-tools.ts": {"path":"/Users/limingwu/Documents/mvp/claude-agent-demo/src/tools/preference-tools.ts","statementMap":{"0":{"start":{"line":11,"column":6},"end":{"line":28,"column":null}},"1":{"start":{"line":18,"column":18},"end":{"line":18,"column":50}},"2":{"start":{"line":19,"column":4},"end":{"line":26,"column":null}},"3":{"start":{"line":31,"column":6},"end":{"line":53,"column":null}},"4":{"start":{"line":39,"column":4},"end":{"line":50,"column":null}},"5":{"start":{"line":40,"column":26},"end":{"line":40,"column":48}},"6":{"start":{"line":41,"column":6},"end":{"line":41,"column":null}},"7":{"start":{"line":42,"column":6},"end":{"line":44,"column":null}},"8":{"start":{"line":47,"column":6},"end":{"line":47,"column":null}},"9":{"start":{"line":48,"column":6},"end":{"line":50,"column":null}},"10":{"start":{"line":56,"column":6},"end":{"line":71,"column":null}},"11":{"start":{"line":61,"column":16},"end":{"line":61,"column":36}},"12":{"start":{"line":62,"column":4},"end":{"line":69,"column":null}},"13":{"start":{"line":74,"column":6},"end":{"line":91,"column":null}},"14":{"start":{"line":81,"column":4},"end":{"line":84,"column":null}},"15":{"start":{"line":82,"column":6},"end":{"line":84,"column":null}},"16":{"start":{"line":86,"column":4},"end":{"line":86,"column":null}},"17":{"start":{"line":87,"column":4},"end":{"line":89,"column":null}},"18":{"start":{"line":94,"column":13},"end":{"line":97,"column":2}}},"fnMap":{"0":{"name":"(anonymous_0)","decl":{"start":{"line":17,"column":2},"end":{"line":17,"column":9}},"loc":{"start":{"line":17,"column":18},"end":{"line":28,"column":null}},"line":17},"1":{"name":"(anonymous_1)","decl":{"start":{"line":38,"column":2},"end":{"line":38,"column":9}},"loc":{"start":{"line":38,"column":18},"end":{"line":53,"column":null}},"line":38},"2":{"name":"(anonymous_2)","decl":{"start":{"line":60,"column":2},"end":{"line":60,"column":14}},"loc":{"start":{"line":60,"column":14},"end":{"line":71,"column":null}},"line":60},"3":{"name":"(anonymous_3)","decl":{"start":{"line":80,"column":2},"end":{"line":80,"column":9}},"loc":{"start":{"line":80,"column":18},"end":{"line":91,"column":null}},"line":80}},"branchMap":{"0":{"loc":{"start":{"line":23,"column":16},"end":{"line":23,"column":null}},"type":"cond-expr","locations":[{"start":{"line":23,"column":38},"end":{"line":23,"column":80}},{"start":{"line":23,"column":80},"end":{"line":23,"column":null}}],"line":23},"1":{"loc":{"start":{"line":81,"column":4},"end":{"line":84,"column":null}},"type":"if","locations":[{"start":{"line":81,"column":4},"end":{"line":84,"column":null}},{"start":{},"end":{}}],"line":81}},"s":{"0":0,"1":0,"2":0,"3":0,"4":0,"5":0,"6":0,"7":0,"8":0,"9":0,"10":0,"11":0,"12":0,"13":0,"14":0,"15":0,"16":0,"17":0,"18":0},"f":{"0":0,"1":0,"2":0,"3":0},"b":{"0":[0,0],"1":[0,0]},"meta":{"lastBranch":2,"lastFunction":4,"lastStatement":19,"seen":{"s:11:6:28:Infinity":0,"f:17:2:17:9":0,"s:18:18:18:50":1,"s:19:4:26:Infinity":2,"b:23:38:23:80:23:80:23:Infinity":0,"s:31:6:53:Infinity":3,"f:38:2:38:9":1,"s:39:4:50:Infinity":4,"s:40:26:40:48":5,"s:41:6:41:Infinity":6,"s:42:6:44:Infinity":7,"s:47:6:47:Infinity":8,"s:48:6:50:Infinity":9,"s:56:6:71:Infinity":10,"f:60:2:60:14":2,"s:61:16:61:36":11,"s:62:4:69:Infinity":12,"s:74:6:91:Infinity":13,"f:80:2:80:9":3,"b:81:4:84:Infinity:undefined:undefined:undefined:undefined":1,"s:81:4:84:Infinity":14,"s:82:6:84:Infinity":15,"s:86:4:86:Infinity":16,"s:87:4:89:Infinity":17,"s:94:13:97:2":18}}}
}
